{"uuid":"1f22692d-b2f2-4d71-a404-3cb6b2ba28aa","name":"Scenario: Se genera una propuesta de Seguro Parametrico","children":["ce15940b-62d2-4286-beab-1bca0369b4cb"],"befores":[{"name":"ar.com.lasegunda.CucumberSpringContextConfiguration.inicializarContexto()","status":"passed","stage":"finished","steps":[],"attachments":[],"parameters":[],"start":1635516117272,"stop":1635516117281},{"name":"ar.com.lasegunda.stepDefinitions.ReporteHook.iniciarEscenarioLog(io.cucumber.java.Scenario)","status":"broken","statusDetails":{"known":false,"muted":false,"flaky":false,"message":"BEFORE is failed: Could not invoke hook defined at 'ar.com.lasegunda.stepDefinitions.ReporteHook.iniciarEscenarioLog(io.cucumber.java.Scenario)'.\nIt appears there was a problem with the hook definition.\nThe details are in the stacktrace below.","trace":"io.cucumber.core.exception.CucumberException: Could not invoke hook defined at 'ar.com.lasegunda.stepDefinitions.ReporteHook.iniciarEscenarioLog(io.cucumber.java.Scenario)'.\nIt appears there was a problem with the hook definition.\nThe details are in the stacktrace below.\r\n\tat io.cucumber.core.runner.HookDefinitionMatch.couldNotInvokeHook(HookDefinitionMatch.java:29)\r\n\tat io.cucumber.core.runner.HookDefinitionMatch.runStep(HookDefinitionMatch.java:22)\r\n\tat io.cucumber.core.runner.TestStep.executeStep(TestStep.java:64)\r\n\tat io.cucumber.core.runner.TestStep.run(TestStep.java:49)\r\n\tat io.cucumber.core.runner.TestCase.run(TestCase.java:47)\r\n\tat io.cucumber.core.runner.Runner.runPickle(Runner.java:67)\r\n\tat io.cucumber.junit.PickleRunners$NoStepDescriptions.run(PickleRunners.java:149)\r\n\tat io.cucumber.junit.FeatureRunner.runChild(FeatureRunner.java:83)\r\n\tat io.cucumber.junit.FeatureRunner.runChild(FeatureRunner.java:24)\r\n\tat org.junit.runners.ParentRunner$3.run(ParentRunner.java:290)\r\n\tat org.junit.runners.ParentRunner$1.schedule(ParentRunner.java:71)\r\n\tat org.junit.runners.ParentRunner.runChildren(ParentRunner.java:288)\r\n\tat org.junit.runners.ParentRunner.access$000(ParentRunner.java:58)\r\n\tat org.junit.runners.ParentRunner$2.evaluate(ParentRunner.java:268)\r\n\tat org.junit.runners.ParentRunner.run(ParentRunner.java:363)\r\n\tat io.cucumber.junit.Cucumber.runChild(Cucumber.java:185)\r\n\tat io.cucumber.junit.Cucumber.runChild(Cucumber.java:83)\r\n\tat org.junit.runners.ParentRunner$3.run(ParentRunner.java:290)\r\n\tat org.junit.runners.ParentRunner$1.schedule(ParentRunner.java:71)\r\n\tat org.junit.runners.ParentRunner.runChildren(ParentRunner.java:288)\r\n\tat org.junit.runners.ParentRunner.access$000(ParentRunner.java:58)\r\n\tat org.junit.runners.ParentRunner$2.evaluate(ParentRunner.java:268)\r\n\tat io.cucumber.junit.Cucumber$RunCucumber.evaluate(Cucumber.java:219)\r\n\tat org.junit.internal.runners.statements.RunAfters.evaluate(RunAfters.java:27)\r\n\tat org.junit.runners.ParentRunner.run(ParentRunner.java:363)\r\n\tat org.eclipse.jdt.internal.junit4.runner.JUnit4TestReference.run(JUnit4TestReference.java:93)\r\n\tat org.eclipse.jdt.internal.junit.runner.TestExecution.run(TestExecution.java:40)\r\n\tat org.eclipse.jdt.internal.junit.runner.RemoteTestRunner.runTests(RemoteTestRunner.java:529)\r\n\tat org.eclipse.jdt.internal.junit.runner.RemoteTestRunner.runTests(RemoteTestRunner.java:756)\r\n\tat org.eclipse.jdt.internal.junit.runner.RemoteTestRunner.run(RemoteTestRunner.java:452)\r\n\tat org.eclipse.jdt.internal.junit.runner.RemoteTestRunner.main(RemoteTestRunner.java:210)\r\nCaused by: io.cucumber.core.backend.CucumberBackendException: Error creating bean with name 'ar.com.lasegunda.stepDefinitions.ReporteHook': Unsatisfied dependency expressed through field 'manejoErrores'; nested exception is org.springframework.beans.factory.UnsatisfiedDependencyException: Error creating bean with name 'manejoErrores': Unsatisfied dependency expressed through field 'driver'; nested exception is org.springframework.beans.factory.BeanCreationException: Error creating bean with name 'getDriver' defined in class path resource [ar/com/lasegunda/utiles/configuracionSpring/SpringConfig.class]: Bean instantiation via factory method failed; nested exception is org.springframework.beans.BeanInstantiationException: Failed to instantiate [org.openqa.selenium.WebDriver]: Factory method 'getDriver' threw exception; nested exception is org.openqa.selenium.SessionNotCreatedException: session not created: This version of ChromeDriver only supports Chrome version 93\nCurrent browser version is 95.0.4638.69 with binary path C:\\Program Files\\Google\\Chrome\\Application\\chrome.exe\nBuild info: version: '4.0.0-alpha-4', revision: 'c2d955b49e'\nSystem info: host: 'LAPTOP-MJUGMV72', ip: '10.8.49.68', os.name: 'Windows 10', os.arch: 'amd64', os.version: '10.0', java.version: '16.0.1'\nDriver info: driver.version: ChromeDriver\nremote stacktrace: Backtrace:\n\tOrdinal0 [0x003AD403+2479107]\n\tOrdinal0 [0x00347D51+2063697]\n\tOrdinal0 [0x002520C8+1056968]\n\tOrdinal0 [0x0027043A+1180730]\n\tOrdinal0 [0x0026C355+1164117]\n\tOrdinal0 [0x00269B7F+1153919]\n\tOrdinal0 [0x00299CBF+1350847]\n\tOrdinal0 [0x0029992A+1349930]\n\tOrdinal0 [0x0029583B+1333307]\n\tOrdinal0 [0x00271F94+1187732]\n\tOrdinal0 [0x00272DE9+1191401]\n\tGetHandleVerifier [0x0052F3F6+1531734]\n\tGetHandleVerifier [0x005DE9AE+2249998]\n\tGetHandleVerifier [0x004339AB+501003]\n\tGetHandleVerifier [0x00432A29+497033]\n\tOrdinal0 [0x0034D11D+2085149]\n\tOrdinal0 [0x003511C8+2101704]\n\tOrdinal0 [0x00351302+2102018]\n\tOrdinal0 [0x0035AA71+2140785]\n\tBaseThreadInitThunk [0x76DCFA29+25]\n\tRtlGetAppContainerNamedObjectPath [0x77B67A9E+286]\n\tRtlGetAppContainerNamedObjectPath [0x77B67A6E+238]\n\r\n\tat io.cucumber.spring.SpringFactory.getInstance(SpringFactory.java:175)\r\n\tat io.cucumber.java.JavaHookDefinition.execute(JavaHookDefinition.java:61)\r\n\tat io.cucumber.core.runner.CoreHookDefinition.execute(CoreHookDefinition.java:31)\r\n\tat io.cucumber.core.runner.HookDefinitionMatch.runStep(HookDefinitionMatch.java:20)\r\n\t... 29 more\r\nCaused by: org.springframework.beans.factory.UnsatisfiedDependencyException: Error creating bean with name 'ar.com.lasegunda.stepDefinitions.ReporteHook': Unsatisfied dependency expressed through field 'manejoErrores'; nested exception is org.springframework.beans.factory.UnsatisfiedDependencyException: Error creating bean with name 'manejoErrores': Unsatisfied dependency expressed through field 'driver'; nested exception is org.springframework.beans.factory.BeanCreationException: Error creating bean with name 'getDriver' defined in class path resource [ar/com/lasegunda/utiles/configuracionSpring/SpringConfig.class]: Bean instantiation via factory method failed; nested exception is org.springframework.beans.BeanInstantiationException: Failed to instantiate [org.openqa.selenium.WebDriver]: Factory method 'getDriver' threw exception; nested exception is org.openqa.selenium.SessionNotCreatedException: session not created: This version of ChromeDriver only supports Chrome version 93\nCurrent browser version is 95.0.4638.69 with binary path C:\\Program Files\\Google\\Chrome\\Application\\chrome.exe\nBuild info: version: '4.0.0-alpha-4', revision: 'c2d955b49e'\nSystem info: host: 'LAPTOP-MJUGMV72', ip: '10.8.49.68', os.name: 'Windows 10', os.arch: 'amd64', os.version: '10.0', java.version: '16.0.1'\nDriver info: driver.version: ChromeDriver\nremote stacktrace: Backtrace:\n\tOrdinal0 [0x003AD403+2479107]\n\tOrdinal0 [0x00347D51+2063697]\n\tOrdinal0 [0x002520C8+1056968]\n\tOrdinal0 [0x0027043A+1180730]\n\tOrdinal0 [0x0026C355+1164117]\n\tOrdinal0 [0x00269B7F+1153919]\n\tOrdinal0 [0x00299CBF+1350847]\n\tOrdinal0 [0x0029992A+1349930]\n\tOrdinal0 [0x0029583B+1333307]\n\tOrdinal0 [0x00271F94+1187732]\n\tOrdinal0 [0x00272DE9+1191401]\n\tGetHandleVerifier [0x0052F3F6+1531734]\n\tGetHandleVerifier [0x005DE9AE+2249998]\n\tGetHandleVerifier [0x004339AB+501003]\n\tGetHandleVerifier [0x00432A29+497033]\n\tOrdinal0 [0x0034D11D+2085149]\n\tOrdinal0 [0x003511C8+2101704]\n\tOrdinal0 [0x00351302+2102018]\n\tOrdinal0 [0x0035AA71+2140785]\n\tBaseThreadInitThunk [0x76DCFA29+25]\n\tRtlGetAppContainerNamedObjectPath [0x77B67A9E+286]\n\tRtlGetAppContainerNamedObjectPath [0x77B67A6E+238]\n\r\n\tat org.springframework.beans.factory.annotation.AutowiredAnnotationBeanPostProcessor$AutowiredFieldElement.inject(AutowiredAnnotationBeanPostProcessor.java:596)\r\n\tat org.springframework.beans.factory.annotation.InjectionMetadata.inject(InjectionMetadata.java:90)\r\n\tat org.springframework.beans.factory.annotation.AutowiredAnnotationBeanPostProcessor.postProcessProperties(AutowiredAnnotationBeanPostProcessor.java:374)\r\n\tat org.springframework.beans.factory.support.AbstractAutowireCapableBeanFactory.populateBean(AbstractAutowireCapableBeanFactory.java:1378)\r\n\tat org.springframework.beans.factory.support.AbstractAutowireCapableBeanFactory.doCreateBean(AbstractAutowireCapableBeanFactory.java:575)\r\n\tat org.springframework.beans.factory.support.AbstractAutowireCapableBeanFactory.createBean(AbstractAutowireCapableBeanFactory.java:498)\r\n\tat org.springframework.beans.factory.support.AbstractBeanFactory.lambda$doGetBean$1(AbstractBeanFactory.java:356)\r\n\tat io.cucumber.spring.GlueCodeScope.get(GlueCodeScope.java:13)\r\n\tat org.springframework.beans.factory.support.AbstractBeanFactory.doGetBean(AbstractBeanFactory.java:353)\r\n\tat org.springframework.beans.factory.support.AbstractBeanFactory.getBean(AbstractBeanFactory.java:224)\r\n\tat org.springframework.beans.factory.support.DefaultListableBeanFactory.resolveNamedBean(DefaultListableBeanFactory.java:1112)\r\n\tat org.springframework.beans.factory.support.DefaultListableBeanFactory.resolveBean(DefaultListableBeanFactory.java:407)\r\n\tat org.springframework.beans.factory.support.DefaultListableBeanFactory.getBean(DefaultListableBeanFactory.java:341)\r\n\tat org.springframework.beans.factory.support.DefaultListableBeanFactory.getBean(DefaultListableBeanFactory.java:335)\r\n\tat org.springframework.context.support.AbstractApplicationContext.getBean(AbstractApplicationContext.java:1101)\r\n\tat io.cucumber.spring.TestContextAdaptor.getInstance(TestContextAdaptor.java:69)\r\n\tat io.cucumber.spring.SpringFactory.getInstance(SpringFactory.java:173)\r\n\t... 32 more\r\nCaused by: org.springframework.beans.factory.UnsatisfiedDependencyException: Error creating bean with name 'manejoErrores': Unsatisfied dependency expressed through field 'driver'; nested exception is org.springframework.beans.factory.BeanCreationException: Error creating bean with name 'getDriver' defined in class path resource [ar/com/lasegunda/utiles/configuracionSpring/SpringConfig.class]: Bean instantiation via factory method failed; nested exception is org.springframework.beans.BeanInstantiationException: Failed to instantiate [org.openqa.selenium.WebDriver]: Factory method 'getDriver' threw exception; nested exception is org.openqa.selenium.SessionNotCreatedException: session not created: This version of ChromeDriver only supports Chrome version 93\nCurrent browser version is 95.0.4638.69 with binary path C:\\Program Files\\Google\\Chrome\\Application\\chrome.exe\nBuild info: version: '4.0.0-alpha-4', revision: 'c2d955b49e'\nSystem info: host: 'LAPTOP-MJUGMV72', ip: '10.8.49.68', os.name: 'Windows 10', os.arch: 'amd64', os.version: '10.0', java.version: '16.0.1'\nDriver info: driver.version: ChromeDriver\nremote stacktrace: Backtrace:\n\tOrdinal0 [0x003AD403+2479107]\n\tOrdinal0 [0x00347D51+2063697]\n\tOrdinal0 [0x002520C8+1056968]\n\tOrdinal0 [0x0027043A+1180730]\n\tOrdinal0 [0x0026C355+1164117]\n\tOrdinal0 [0x00269B7F+1153919]\n\tOrdinal0 [0x00299CBF+1350847]\n\tOrdinal0 [0x0029992A+1349930]\n\tOrdinal0 [0x0029583B+1333307]\n\tOrdinal0 [0x00271F94+1187732]\n\tOrdinal0 [0x00272DE9+1191401]\n\tGetHandleVerifier [0x0052F3F6+1531734]\n\tGetHandleVerifier [0x005DE9AE+2249998]\n\tGetHandleVerifier [0x004339AB+501003]\n\tGetHandleVerifier [0x00432A29+497033]\n\tOrdinal0 [0x0034D11D+2085149]\n\tOrdinal0 [0x003511C8+2101704]\n\tOrdinal0 [0x00351302+2102018]\n\tOrdinal0 [0x0035AA71+2140785]\n\tBaseThreadInitThunk [0x76DCFA29+25]\n\tRtlGetAppContainerNamedObjectPath [0x77B67A9E+286]\n\tRtlGetAppContainerNamedObjectPath [0x77B67A6E+238]\n\r\n\tat org.springframework.beans.factory.annotation.AutowiredAnnotationBeanPostProcessor$AutowiredFieldElement.inject(AutowiredAnnotationBeanPostProcessor.java:596)\r\n\tat org.springframework.beans.factory.annotation.InjectionMetadata.inject(InjectionMetadata.java:90)\r\n\tat org.springframework.beans.factory.annotation.AutowiredAnnotationBeanPostProcessor.postProcessProperties(AutowiredAnnotationBeanPostProcessor.java:374)\r\n\tat org.springframework.beans.factory.support.AbstractAutowireCapableBeanFactory.populateBean(AbstractAutowireCapableBeanFactory.java:1378)\r\n\tat org.springframework.beans.factory.support.AbstractAutowireCapableBeanFactory.doCreateBean(AbstractAutowireCapableBeanFactory.java:575)\r\n\tat org.springframework.beans.factory.support.AbstractAutowireCapableBeanFactory.createBean(AbstractAutowireCapableBeanFactory.java:498)\r\n\tat org.springframework.beans.factory.support.AbstractBeanFactory.lambda$doGetBean$1(AbstractBeanFactory.java:356)\r\n\tat io.cucumber.spring.GlueCodeScope.get(GlueCodeScope.java:13)\r\n\tat org.springframework.beans.factory.support.AbstractBeanFactory.doGetBean(AbstractBeanFactory.java:353)\r\n\tat org.springframework.beans.factory.support.AbstractBeanFactory.getBean(AbstractBeanFactory.java:199)\r\n\tat org.springframework.beans.factory.config.DependencyDescriptor.resolveCandidate(DependencyDescriptor.java:277)\r\n\tat org.springframework.beans.factory.support.DefaultListableBeanFactory.doResolveDependency(DefaultListableBeanFactory.java:1244)\r\n\tat org.springframework.beans.factory.support.DefaultListableBeanFactory.resolveDependency(DefaultListableBeanFactory.java:1164)\r\n\tat org.springframework.beans.factory.annotation.AutowiredAnnotationBeanPostProcessor$AutowiredFieldElement.inject(AutowiredAnnotationBeanPostProcessor.java:593)\r\n\t... 48 more\r\nCaused by: org.springframework.beans.factory.BeanCreationException: Error creating bean with name 'getDriver' defined in class path resource [ar/com/lasegunda/utiles/configuracionSpring/SpringConfig.class]: Bean instantiation via factory method failed; nested exception is org.springframework.beans.BeanInstantiationException: Failed to instantiate [org.openqa.selenium.WebDriver]: Factory method 'getDriver' threw exception; nested exception is org.openqa.selenium.SessionNotCreatedException: session not created: This version of ChromeDriver only supports Chrome version 93\nCurrent browser version is 95.0.4638.69 with binary path C:\\Program Files\\Google\\Chrome\\Application\\chrome.exe\nBuild info: version: '4.0.0-alpha-4', revision: 'c2d955b49e'\nSystem info: host: 'LAPTOP-MJUGMV72', ip: '10.8.49.68', os.name: 'Windows 10', os.arch: 'amd64', os.version: '10.0', java.version: '16.0.1'\nDriver info: driver.version: ChromeDriver\nremote stacktrace: Backtrace:\n\tOrdinal0 [0x003AD403+2479107]\n\tOrdinal0 [0x00347D51+2063697]\n\tOrdinal0 [0x002520C8+1056968]\n\tOrdinal0 [0x0027043A+1180730]\n\tOrdinal0 [0x0026C355+1164117]\n\tOrdinal0 [0x00269B7F+1153919]\n\tOrdinal0 [0x00299CBF+1350847]\n\tOrdinal0 [0x0029992A+1349930]\n\tOrdinal0 [0x0029583B+1333307]\n\tOrdinal0 [0x00271F94+1187732]\n\tOrdinal0 [0x00272DE9+1191401]\n\tGetHandleVerifier [0x0052F3F6+1531734]\n\tGetHandleVerifier [0x005DE9AE+2249998]\n\tGetHandleVerifier [0x004339AB+501003]\n\tGetHandleVerifier [0x00432A29+497033]\n\tOrdinal0 [0x0034D11D+2085149]\n\tOrdinal0 [0x003511C8+2101704]\n\tOrdinal0 [0x00351302+2102018]\n\tOrdinal0 [0x0035AA71+2140785]\n\tBaseThreadInitThunk [0x76DCFA29+25]\n\tRtlGetAppContainerNamedObjectPath [0x77B67A9E+286]\n\tRtlGetAppContainerNamedObjectPath [0x77B67A6E+238]\n\r\n\tat org.springframework.beans.factory.support.ConstructorResolver.instantiate(ConstructorResolver.java:627)\r\n\tat org.springframework.beans.factory.support.ConstructorResolver.instantiateUsingFactoryMethod(ConstructorResolver.java:456)\r\n\tat org.springframework.beans.factory.support.AbstractAutowireCapableBeanFactory.instantiateUsingFactoryMethod(AbstractAutowireCapableBeanFactory.java:1288)\r\n\tat org.springframework.beans.factory.support.AbstractAutowireCapableBeanFactory.createBeanInstance(AbstractAutowireCapableBeanFactory.java:1127)\r\n\tat org.springframework.beans.factory.support.AbstractAutowireCapableBeanFactory.doCreateBean(AbstractAutowireCapableBeanFactory.java:538)\r\n\tat org.springframework.beans.factory.support.AbstractAutowireCapableBeanFactory.createBean(AbstractAutowireCapableBeanFactory.java:498)\r\n\tat org.springframework.beans.factory.support.AbstractBeanFactory.lambda$doGetBean$1(AbstractBeanFactory.java:356)\r\n\tat io.cucumber.spring.GlueCodeScope.get(GlueCodeScope.java:13)\r\n\tat org.springframework.beans.factory.support.AbstractBeanFactory.doGetBean(AbstractBeanFactory.java:353)\r\n\tat org.springframework.beans.factory.support.AbstractBeanFactory.getBean(AbstractBeanFactory.java:199)\r\n\tat org.springframework.beans.factory.config.DependencyDescriptor.resolveCandidate(DependencyDescriptor.java:277)\r\n\tat org.springframework.beans.factory.support.DefaultListableBeanFactory.doResolveDependency(DefaultListableBeanFactory.java:1244)\r\n\tat org.springframework.beans.factory.support.DefaultListableBeanFactory.resolveDependency(DefaultListableBeanFactory.java:1164)\r\n\tat org.springframework.beans.factory.annotation.AutowiredAnnotationBeanPostProcessor$AutowiredFieldElement.inject(AutowiredAnnotationBeanPostProcessor.java:593)\r\n\t... 61 more\r\nCaused by: org.springframework.beans.BeanInstantiationException: Failed to instantiate [org.openqa.selenium.WebDriver]: Factory method 'getDriver' threw exception; nested exception is org.openqa.selenium.SessionNotCreatedException: session not created: This version of ChromeDriver only supports Chrome version 93\nCurrent browser version is 95.0.4638.69 with binary path C:\\Program Files\\Google\\Chrome\\Application\\chrome.exe\nBuild info: version: '4.0.0-alpha-4', revision: 'c2d955b49e'\nSystem info: host: 'LAPTOP-MJUGMV72', ip: '10.8.49.68', os.name: 'Windows 10', os.arch: 'amd64', os.version: '10.0', java.version: '16.0.1'\nDriver info: driver.version: ChromeDriver\nremote stacktrace: Backtrace:\n\tOrdinal0 [0x003AD403+2479107]\n\tOrdinal0 [0x00347D51+2063697]\n\tOrdinal0 [0x002520C8+1056968]\n\tOrdinal0 [0x0027043A+1180730]\n\tOrdinal0 [0x0026C355+1164117]\n\tOrdinal0 [0x00269B7F+1153919]\n\tOrdinal0 [0x00299CBF+1350847]\n\tOrdinal0 [0x0029992A+1349930]\n\tOrdinal0 [0x0029583B+1333307]\n\tOrdinal0 [0x00271F94+1187732]\n\tOrdinal0 [0x00272DE9+1191401]\n\tGetHandleVerifier [0x0052F3F6+1531734]\n\tGetHandleVerifier [0x005DE9AE+2249998]\n\tGetHandleVerifier [0x004339AB+501003]\n\tGetHandleVerifier [0x00432A29+497033]\n\tOrdinal0 [0x0034D11D+2085149]\n\tOrdinal0 [0x003511C8+2101704]\n\tOrdinal0 [0x00351302+2102018]\n\tOrdinal0 [0x0035AA71+2140785]\n\tBaseThreadInitThunk [0x76DCFA29+25]\n\tRtlGetAppContainerNamedObjectPath [0x77B67A9E+286]\n\tRtlGetAppContainerNamedObjectPath [0x77B67A6E+238]\n\r\n\tat org.springframework.beans.factory.support.SimpleInstantiationStrategy.instantiate(SimpleInstantiationStrategy.java:185)\r\n\tat org.springframework.beans.factory.support.ConstructorResolver.instantiate(ConstructorResolver.java:622)\r\n\t... 74 more\r\nCaused by: org.openqa.selenium.SessionNotCreatedException: session not created: This version of ChromeDriver only supports Chrome version 93\nCurrent browser version is 95.0.4638.69 with binary path C:\\Program Files\\Google\\Chrome\\Application\\chrome.exe\nBuild info: version: '4.0.0-alpha-4', revision: 'c2d955b49e'\nSystem info: host: 'LAPTOP-MJUGMV72', ip: '10.8.49.68', os.name: 'Windows 10', os.arch: 'amd64', os.version: '10.0', java.version: '16.0.1'\nDriver info: driver.version: ChromeDriver\nremote stacktrace: Backtrace:\n\tOrdinal0 [0x003AD403+2479107]\n\tOrdinal0 [0x00347D51+2063697]\n\tOrdinal0 [0x002520C8+1056968]\n\tOrdinal0 [0x0027043A+1180730]\n\tOrdinal0 [0x0026C355+1164117]\n\tOrdinal0 [0x00269B7F+1153919]\n\tOrdinal0 [0x00299CBF+1350847]\n\tOrdinal0 [0x0029992A+1349930]\n\tOrdinal0 [0x0029583B+1333307]\n\tOrdinal0 [0x00271F94+1187732]\n\tOrdinal0 [0x00272DE9+1191401]\n\tGetHandleVerifier [0x0052F3F6+1531734]\n\tGetHandleVerifier [0x005DE9AE+2249998]\n\tGetHandleVerifier [0x004339AB+501003]\n\tGetHandleVerifier [0x00432A29+497033]\n\tOrdinal0 [0x0034D11D+2085149]\n\tOrdinal0 [0x003511C8+2101704]\n\tOrdinal0 [0x00351302+2102018]\n\tOrdinal0 [0x0035AA71+2140785]\n\tBaseThreadInitThunk [0x76DCFA29+25]\n\tRtlGetAppContainerNamedObjectPath [0x77B67A9E+286]\n\tRtlGetAppContainerNamedObjectPath [0x77B67A6E+238]\n\r\n\tat java.base/jdk.internal.reflect.NativeConstructorAccessorImpl.newInstance0(Native Method)\r\n\tat java.base/jdk.internal.reflect.NativeConstructorAccessorImpl.newInstance(NativeConstructorAccessorImpl.java:78)\r\n\tat java.base/jdk.internal.reflect.DelegatingConstructorAccessorImpl.newInstance(DelegatingConstructorAccessorImpl.java:45)\r\n\tat java.base/java.lang.reflect.Constructor.newInstanceWithCaller(Constructor.java:499)\r\n\tat java.base/java.lang.reflect.Constructor.newInstance(Constructor.java:480)\r\n\tat org.openqa.selenium.remote.W3CHandshakeResponse.lambda$errorHandler$0(W3CHandshakeResponse.java:62)\r\n\tat org.openqa.selenium.remote.HandshakeResponse.lambda$getResponseFunction$0(HandshakeResponse.java:30)\r\n\tat org.openqa.selenium.remote.ProtocolHandshake.lambda$createSession$1(ProtocolHandshake.java:126)\r\n\tat java.base/java.util.stream.ReferencePipeline$3$1.accept(ReferencePipeline.java:197)\r\n\tat java.base/java.util.Spliterators$ArraySpliterator.tryAdvance(Spliterators.java:958)\r\n\tat java.base/java.util.stream.ReferencePipeline.forEachWithCancel(ReferencePipeline.java:129)\r\n\tat java.base/java.util.stream.AbstractPipeline.copyIntoWithCancel(AbstractPipeline.java:502)\r\n\tat java.base/java.util.stream.AbstractPipeline.copyInto(AbstractPipeline.java:488)\r\n\tat java.base/java.util.stream.AbstractPipeline.wrapAndCopyInto(AbstractPipeline.java:474)\r\n\tat java.base/java.util.stream.FindOps$FindOp.evaluateSequential(FindOps.java:150)\r\n\tat java.base/java.util.stream.AbstractPipeline.evaluate(AbstractPipeline.java:234)\r\n\tat java.base/java.util.stream.ReferencePipeline.findFirst(ReferencePipeline.java:647)\r\n\tat org.openqa.selenium.remote.ProtocolHandshake.createSession(ProtocolHandshake.java:128)\r\n\tat org.openqa.selenium.remote.ProtocolHandshake.createSession(ProtocolHandshake.java:75)\r\n\tat org.openqa.selenium.remote.HttpCommandExecutor.execute(HttpCommandExecutor.java:139)\r\n\tat org.openqa.selenium.remote.service.DriverCommandExecutor.execute(DriverCommandExecutor.java:83)\r\n\tat org.openqa.selenium.remote.RemoteWebDriver.execute(RemoteWebDriver.java:582)\r\n\tat org.openqa.selenium.remote.RemoteWebDriver.startSession(RemoteWebDriver.java:216)\r\n\tat org.openqa.selenium.remote.RemoteWebDriver.<init>(RemoteWebDriver.java:136)\r\n\tat org.openqa.selenium.chromium.ChromiumDriver.<init>(ChromiumDriver.java:75)\r\n\tat org.openqa.selenium.chrome.ChromeDriver.<init>(ChromeDriver.java:163)\r\n\tat org.openqa.selenium.chrome.ChromeDriver.<init>(ChromeDriver.java:150)\r\n\tat org.openqa.selenium.chrome.ChromeDriver.<init>(ChromeDriver.java:105)\r\n\tat ar.com.lasegunda.utiles.driversBrowser.ChromeDriverManager.createDriver(ChromeDriverManager.java:12)\r\n\tat ar.com.lasegunda.utiles.driversBrowser.DriverManager.getDriver(DriverManager.java:18)\r\n\tat ar.com.lasegunda.utiles.configuracionSpring.SpringConfig.getDriver(SpringConfig.java:40)\r\n\tat ar.com.lasegunda.utiles.configuracionSpring.SpringConfig$$EnhancerBySpringCGLIB$$cad1433e.CGLIB$getDriver$1(<generated>)\r\n\tat ar.com.lasegunda.utiles.configuracionSpring.SpringConfig$$EnhancerBySpringCGLIB$$cad1433e$$FastClassBySpringCGLIB$$af1a7f70.invoke(<generated>)\r\n\tat org.springframework.cglib.proxy.MethodProxy.invokeSuper(MethodProxy.java:244)\r\n\tat org.springframework.context.annotation.ConfigurationClassEnhancer$BeanMethodInterceptor.intercept(ConfigurationClassEnhancer.java:363)\r\n\tat ar.com.lasegunda.utiles.configuracionSpring.SpringConfig$$EnhancerBySpringCGLIB$$cad1433e.getDriver(<generated>)\r\n\tat java.base/jdk.internal.reflect.NativeMethodAccessorImpl.invoke0(Native Method)\r\n\tat java.base/jdk.internal.reflect.NativeMethodAccessorImpl.invoke(NativeMethodAccessorImpl.java:78)\r\n\tat java.base/jdk.internal.reflect.DelegatingMethodAccessorImpl.invoke(DelegatingMethodAccessorImpl.java:43)\r\n\tat java.base/java.lang.reflect.Method.invoke(Method.java:567)\r\n\tat org.springframework.beans.factory.support.SimpleInstantiationStrategy.instantiate(SimpleInstantiationStrategy.java:154)\r\n\t... 75 more\r\n"},"stage":"finished","steps":[],"attachments":[],"parameters":[],"start":1635516117281,"stop":1635516118509}],"afters":[{"name":"ar.com.lasegunda.stepDefinitions.ReporteHook.finalizaEscenarioLog(io.cucumber.java.Scenario)","status":"broken","statusDetails":{"known":false,"muted":false,"flaky":false,"message":"AFTER is failed: Could not invoke hook defined at 'ar.com.lasegunda.stepDefinitions.ReporteHook.finalizaEscenarioLog(io.cucumber.java.Scenario)'.\nIt appears there was a problem with the hook definition.\nThe details are in the stacktrace below.","trace":"io.cucumber.core.exception.CucumberException: Could not invoke hook defined at 'ar.com.lasegunda.stepDefinitions.ReporteHook.finalizaEscenarioLog(io.cucumber.java.Scenario)'.\nIt appears there was a problem with the hook definition.\nThe details are in the stacktrace below.\r\n\tat io.cucumber.core.runner.HookDefinitionMatch.couldNotInvokeHook(HookDefinitionMatch.java:29)\r\n\tat io.cucumber.core.runner.HookDefinitionMatch.runStep(HookDefinitionMatch.java:22)\r\n\tat io.cucumber.core.runner.TestStep.executeStep(TestStep.java:64)\r\n\tat io.cucumber.core.runner.TestStep.run(TestStep.java:49)\r\n\tat io.cucumber.core.runner.TestCase.run(TestCase.java:55)\r\n\tat io.cucumber.core.runner.Runner.runPickle(Runner.java:67)\r\n\tat io.cucumber.junit.PickleRunners$NoStepDescriptions.run(PickleRunners.java:149)\r\n\tat io.cucumber.junit.FeatureRunner.runChild(FeatureRunner.java:83)\r\n\tat io.cucumber.junit.FeatureRunner.runChild(FeatureRunner.java:24)\r\n\tat org.junit.runners.ParentRunner$3.run(ParentRunner.java:290)\r\n\tat org.junit.runners.ParentRunner$1.schedule(ParentRunner.java:71)\r\n\tat org.junit.runners.ParentRunner.runChildren(ParentRunner.java:288)\r\n\tat org.junit.runners.ParentRunner.access$000(ParentRunner.java:58)\r\n\tat org.junit.runners.ParentRunner$2.evaluate(ParentRunner.java:268)\r\n\tat org.junit.runners.ParentRunner.run(ParentRunner.java:363)\r\n\tat io.cucumber.junit.Cucumber.runChild(Cucumber.java:185)\r\n\tat io.cucumber.junit.Cucumber.runChild(Cucumber.java:83)\r\n\tat org.junit.runners.ParentRunner$3.run(ParentRunner.java:290)\r\n\tat org.junit.runners.ParentRunner$1.schedule(ParentRunner.java:71)\r\n\tat org.junit.runners.ParentRunner.runChildren(ParentRunner.java:288)\r\n\tat org.junit.runners.ParentRunner.access$000(ParentRunner.java:58)\r\n\tat org.junit.runners.ParentRunner$2.evaluate(ParentRunner.java:268)\r\n\tat io.cucumber.junit.Cucumber$RunCucumber.evaluate(Cucumber.java:219)\r\n\tat org.junit.internal.runners.statements.RunAfters.evaluate(RunAfters.java:27)\r\n\tat org.junit.runners.ParentRunner.run(ParentRunner.java:363)\r\n\tat org.eclipse.jdt.internal.junit4.runner.JUnit4TestReference.run(JUnit4TestReference.java:93)\r\n\tat org.eclipse.jdt.internal.junit.runner.TestExecution.run(TestExecution.java:40)\r\n\tat org.eclipse.jdt.internal.junit.runner.RemoteTestRunner.runTests(RemoteTestRunner.java:529)\r\n\tat org.eclipse.jdt.internal.junit.runner.RemoteTestRunner.runTests(RemoteTestRunner.java:756)\r\n\tat org.eclipse.jdt.internal.junit.runner.RemoteTestRunner.run(RemoteTestRunner.java:452)\r\n\tat org.eclipse.jdt.internal.junit.runner.RemoteTestRunner.main(RemoteTestRunner.java:210)\r\nCaused by: io.cucumber.core.backend.CucumberBackendException: Error creating bean with name 'ar.com.lasegunda.stepDefinitions.ReporteHook': Unsatisfied dependency expressed through field 'manejoErrores'; nested exception is org.springframework.beans.factory.UnsatisfiedDependencyException: Error creating bean with name 'manejoErrores': Unsatisfied dependency expressed through field 'driver'; nested exception is org.springframework.beans.factory.BeanCreationException: Error creating bean with name 'getDriver' defined in class path resource [ar/com/lasegunda/utiles/configuracionSpring/SpringConfig.class]: Bean instantiation via factory method failed; nested exception is org.springframework.beans.BeanInstantiationException: Failed to instantiate [org.openqa.selenium.WebDriver]: Factory method 'getDriver' threw exception; nested exception is org.openqa.selenium.SessionNotCreatedException: session not created: This version of ChromeDriver only supports Chrome version 93\nCurrent browser version is 95.0.4638.69 with binary path C:\\Program Files\\Google\\Chrome\\Application\\chrome.exe\nBuild info: version: '4.0.0-alpha-4', revision: 'c2d955b49e'\nSystem info: host: 'LAPTOP-MJUGMV72', ip: '10.8.49.68', os.name: 'Windows 10', os.arch: 'amd64', os.version: '10.0', java.version: '16.0.1'\nDriver info: driver.version: ChromeDriver\nremote stacktrace: Backtrace:\n\tOrdinal0 [0x003AD403+2479107]\n\tOrdinal0 [0x00347D51+2063697]\n\tOrdinal0 [0x002520C8+1056968]\n\tOrdinal0 [0x0027043A+1180730]\n\tOrdinal0 [0x0026C355+1164117]\n\tOrdinal0 [0x00269B7F+1153919]\n\tOrdinal0 [0x00299CBF+1350847]\n\tOrdinal0 [0x0029992A+1349930]\n\tOrdinal0 [0x0029583B+1333307]\n\tOrdinal0 [0x00271F94+1187732]\n\tOrdinal0 [0x00272DE9+1191401]\n\tGetHandleVerifier [0x0052F3F6+1531734]\n\tGetHandleVerifier [0x005DE9AE+2249998]\n\tGetHandleVerifier [0x004339AB+501003]\n\tGetHandleVerifier [0x00432A29+497033]\n\tOrdinal0 [0x0034D11D+2085149]\n\tOrdinal0 [0x003511C8+2101704]\n\tOrdinal0 [0x00351302+2102018]\n\tOrdinal0 [0x0035AA71+2140785]\n\tBaseThreadInitThunk [0x76DCFA29+25]\n\tRtlGetAppContainerNamedObjectPath [0x77B67A9E+286]\n\tRtlGetAppContainerNamedObjectPath [0x77B67A6E+238]\n\r\n\tat io.cucumber.spring.SpringFactory.getInstance(SpringFactory.java:175)\r\n\tat io.cucumber.java.JavaHookDefinition.execute(JavaHookDefinition.java:61)\r\n\tat io.cucumber.core.runner.CoreHookDefinition.execute(CoreHookDefinition.java:31)\r\n\tat io.cucumber.core.runner.HookDefinitionMatch.runStep(HookDefinitionMatch.java:20)\r\n\t... 29 more\r\nCaused by: org.springframework.beans.factory.UnsatisfiedDependencyException: Error creating bean with name 'ar.com.lasegunda.stepDefinitions.ReporteHook': Unsatisfied dependency expressed through field 'manejoErrores'; nested exception is org.springframework.beans.factory.UnsatisfiedDependencyException: Error creating bean with name 'manejoErrores': Unsatisfied dependency expressed through field 'driver'; nested exception is org.springframework.beans.factory.BeanCreationException: Error creating bean with name 'getDriver' defined in class path resource [ar/com/lasegunda/utiles/configuracionSpring/SpringConfig.class]: Bean instantiation via factory method failed; nested exception is org.springframework.beans.BeanInstantiationException: Failed to instantiate [org.openqa.selenium.WebDriver]: Factory method 'getDriver' threw exception; nested exception is org.openqa.selenium.SessionNotCreatedException: session not created: This version of ChromeDriver only supports Chrome version 93\nCurrent browser version is 95.0.4638.69 with binary path C:\\Program Files\\Google\\Chrome\\Application\\chrome.exe\nBuild info: version: '4.0.0-alpha-4', revision: 'c2d955b49e'\nSystem info: host: 'LAPTOP-MJUGMV72', ip: '10.8.49.68', os.name: 'Windows 10', os.arch: 'amd64', os.version: '10.0', java.version: '16.0.1'\nDriver info: driver.version: ChromeDriver\nremote stacktrace: Backtrace:\n\tOrdinal0 [0x003AD403+2479107]\n\tOrdinal0 [0x00347D51+2063697]\n\tOrdinal0 [0x002520C8+1056968]\n\tOrdinal0 [0x0027043A+1180730]\n\tOrdinal0 [0x0026C355+1164117]\n\tOrdinal0 [0x00269B7F+1153919]\n\tOrdinal0 [0x00299CBF+1350847]\n\tOrdinal0 [0x0029992A+1349930]\n\tOrdinal0 [0x0029583B+1333307]\n\tOrdinal0 [0x00271F94+1187732]\n\tOrdinal0 [0x00272DE9+1191401]\n\tGetHandleVerifier [0x0052F3F6+1531734]\n\tGetHandleVerifier [0x005DE9AE+2249998]\n\tGetHandleVerifier [0x004339AB+501003]\n\tGetHandleVerifier [0x00432A29+497033]\n\tOrdinal0 [0x0034D11D+2085149]\n\tOrdinal0 [0x003511C8+2101704]\n\tOrdinal0 [0x00351302+2102018]\n\tOrdinal0 [0x0035AA71+2140785]\n\tBaseThreadInitThunk [0x76DCFA29+25]\n\tRtlGetAppContainerNamedObjectPath [0x77B67A9E+286]\n\tRtlGetAppContainerNamedObjectPath [0x77B67A6E+238]\n\r\n\tat org.springframework.beans.factory.annotation.AutowiredAnnotationBeanPostProcessor$AutowiredFieldElement.inject(AutowiredAnnotationBeanPostProcessor.java:596)\r\n\tat org.springframework.beans.factory.annotation.InjectionMetadata.inject(InjectionMetadata.java:90)\r\n\tat org.springframework.beans.factory.annotation.AutowiredAnnotationBeanPostProcessor.postProcessProperties(AutowiredAnnotationBeanPostProcessor.java:374)\r\n\tat org.springframework.beans.factory.support.AbstractAutowireCapableBeanFactory.populateBean(AbstractAutowireCapableBeanFactory.java:1378)\r\n\tat org.springframework.beans.factory.support.AbstractAutowireCapableBeanFactory.doCreateBean(AbstractAutowireCapableBeanFactory.java:575)\r\n\tat org.springframework.beans.factory.support.AbstractAutowireCapableBeanFactory.createBean(AbstractAutowireCapableBeanFactory.java:498)\r\n\tat org.springframework.beans.factory.support.AbstractBeanFactory.lambda$doGetBean$1(AbstractBeanFactory.java:356)\r\n\tat io.cucumber.spring.GlueCodeScope.get(GlueCodeScope.java:13)\r\n\tat org.springframework.beans.factory.support.AbstractBeanFactory.doGetBean(AbstractBeanFactory.java:353)\r\n\tat org.springframework.beans.factory.support.AbstractBeanFactory.getBean(AbstractBeanFactory.java:224)\r\n\tat org.springframework.beans.factory.support.DefaultListableBeanFactory.resolveNamedBean(DefaultListableBeanFactory.java:1112)\r\n\tat org.springframework.beans.factory.support.DefaultListableBeanFactory.resolveBean(DefaultListableBeanFactory.java:407)\r\n\tat org.springframework.beans.factory.support.DefaultListableBeanFactory.getBean(DefaultListableBeanFactory.java:341)\r\n\tat org.springframework.beans.factory.support.DefaultListableBeanFactory.getBean(DefaultListableBeanFactory.java:335)\r\n\tat org.springframework.context.support.AbstractApplicationContext.getBean(AbstractApplicationContext.java:1101)\r\n\tat io.cucumber.spring.TestContextAdaptor.getInstance(TestContextAdaptor.java:69)\r\n\tat io.cucumber.spring.SpringFactory.getInstance(SpringFactory.java:173)\r\n\t... 32 more\r\nCaused by: org.springframework.beans.factory.UnsatisfiedDependencyException: Error creating bean with name 'manejoErrores': Unsatisfied dependency expressed through field 'driver'; nested exception is org.springframework.beans.factory.BeanCreationException: Error creating bean with name 'getDriver' defined in class path resource [ar/com/lasegunda/utiles/configuracionSpring/SpringConfig.class]: Bean instantiation via factory method failed; nested exception is org.springframework.beans.BeanInstantiationException: Failed to instantiate [org.openqa.selenium.WebDriver]: Factory method 'getDriver' threw exception; nested exception is org.openqa.selenium.SessionNotCreatedException: session not created: This version of ChromeDriver only supports Chrome version 93\nCurrent browser version is 95.0.4638.69 with binary path C:\\Program Files\\Google\\Chrome\\Application\\chrome.exe\nBuild info: version: '4.0.0-alpha-4', revision: 'c2d955b49e'\nSystem info: host: 'LAPTOP-MJUGMV72', ip: '10.8.49.68', os.name: 'Windows 10', os.arch: 'amd64', os.version: '10.0', java.version: '16.0.1'\nDriver info: driver.version: ChromeDriver\nremote stacktrace: Backtrace:\n\tOrdinal0 [0x003AD403+2479107]\n\tOrdinal0 [0x00347D51+2063697]\n\tOrdinal0 [0x002520C8+1056968]\n\tOrdinal0 [0x0027043A+1180730]\n\tOrdinal0 [0x0026C355+1164117]\n\tOrdinal0 [0x00269B7F+1153919]\n\tOrdinal0 [0x00299CBF+1350847]\n\tOrdinal0 [0x0029992A+1349930]\n\tOrdinal0 [0x0029583B+1333307]\n\tOrdinal0 [0x00271F94+1187732]\n\tOrdinal0 [0x00272DE9+1191401]\n\tGetHandleVerifier [0x0052F3F6+1531734]\n\tGetHandleVerifier [0x005DE9AE+2249998]\n\tGetHandleVerifier [0x004339AB+501003]\n\tGetHandleVerifier [0x00432A29+497033]\n\tOrdinal0 [0x0034D11D+2085149]\n\tOrdinal0 [0x003511C8+2101704]\n\tOrdinal0 [0x00351302+2102018]\n\tOrdinal0 [0x0035AA71+2140785]\n\tBaseThreadInitThunk [0x76DCFA29+25]\n\tRtlGetAppContainerNamedObjectPath [0x77B67A9E+286]\n\tRtlGetAppContainerNamedObjectPath [0x77B67A6E+238]\n\r\n\tat org.springframework.beans.factory.annotation.AutowiredAnnotationBeanPostProcessor$AutowiredFieldElement.inject(AutowiredAnnotationBeanPostProcessor.java:596)\r\n\tat org.springframework.beans.factory.annotation.InjectionMetadata.inject(InjectionMetadata.java:90)\r\n\tat org.springframework.beans.factory.annotation.AutowiredAnnotationBeanPostProcessor.postProcessProperties(AutowiredAnnotationBeanPostProcessor.java:374)\r\n\tat org.springframework.beans.factory.support.AbstractAutowireCapableBeanFactory.populateBean(AbstractAutowireCapableBeanFactory.java:1378)\r\n\tat org.springframework.beans.factory.support.AbstractAutowireCapableBeanFactory.doCreateBean(AbstractAutowireCapableBeanFactory.java:575)\r\n\tat org.springframework.beans.factory.support.AbstractAutowireCapableBeanFactory.createBean(AbstractAutowireCapableBeanFactory.java:498)\r\n\tat org.springframework.beans.factory.support.AbstractBeanFactory.lambda$doGetBean$1(AbstractBeanFactory.java:356)\r\n\tat io.cucumber.spring.GlueCodeScope.get(GlueCodeScope.java:13)\r\n\tat org.springframework.beans.factory.support.AbstractBeanFactory.doGetBean(AbstractBeanFactory.java:353)\r\n\tat org.springframework.beans.factory.support.AbstractBeanFactory.getBean(AbstractBeanFactory.java:199)\r\n\tat org.springframework.beans.factory.config.DependencyDescriptor.resolveCandidate(DependencyDescriptor.java:277)\r\n\tat org.springframework.beans.factory.support.DefaultListableBeanFactory.doResolveDependency(DefaultListableBeanFactory.java:1244)\r\n\tat org.springframework.beans.factory.support.DefaultListableBeanFactory.resolveDependency(DefaultListableBeanFactory.java:1164)\r\n\tat org.springframework.beans.factory.annotation.AutowiredAnnotationBeanPostProcessor$AutowiredFieldElement.inject(AutowiredAnnotationBeanPostProcessor.java:593)\r\n\t... 48 more\r\nCaused by: org.springframework.beans.factory.BeanCreationException: Error creating bean with name 'getDriver' defined in class path resource [ar/com/lasegunda/utiles/configuracionSpring/SpringConfig.class]: Bean instantiation via factory method failed; nested exception is org.springframework.beans.BeanInstantiationException: Failed to instantiate [org.openqa.selenium.WebDriver]: Factory method 'getDriver' threw exception; nested exception is org.openqa.selenium.SessionNotCreatedException: session not created: This version of ChromeDriver only supports Chrome version 93\nCurrent browser version is 95.0.4638.69 with binary path C:\\Program Files\\Google\\Chrome\\Application\\chrome.exe\nBuild info: version: '4.0.0-alpha-4', revision: 'c2d955b49e'\nSystem info: host: 'LAPTOP-MJUGMV72', ip: '10.8.49.68', os.name: 'Windows 10', os.arch: 'amd64', os.version: '10.0', java.version: '16.0.1'\nDriver info: driver.version: ChromeDriver\nremote stacktrace: Backtrace:\n\tOrdinal0 [0x003AD403+2479107]\n\tOrdinal0 [0x00347D51+2063697]\n\tOrdinal0 [0x002520C8+1056968]\n\tOrdinal0 [0x0027043A+1180730]\n\tOrdinal0 [0x0026C355+1164117]\n\tOrdinal0 [0x00269B7F+1153919]\n\tOrdinal0 [0x00299CBF+1350847]\n\tOrdinal0 [0x0029992A+1349930]\n\tOrdinal0 [0x0029583B+1333307]\n\tOrdinal0 [0x00271F94+1187732]\n\tOrdinal0 [0x00272DE9+1191401]\n\tGetHandleVerifier [0x0052F3F6+1531734]\n\tGetHandleVerifier [0x005DE9AE+2249998]\n\tGetHandleVerifier [0x004339AB+501003]\n\tGetHandleVerifier [0x00432A29+497033]\n\tOrdinal0 [0x0034D11D+2085149]\n\tOrdinal0 [0x003511C8+2101704]\n\tOrdinal0 [0x00351302+2102018]\n\tOrdinal0 [0x0035AA71+2140785]\n\tBaseThreadInitThunk [0x76DCFA29+25]\n\tRtlGetAppContainerNamedObjectPath [0x77B67A9E+286]\n\tRtlGetAppContainerNamedObjectPath [0x77B67A6E+238]\n\r\n\tat org.springframework.beans.factory.support.ConstructorResolver.instantiate(ConstructorResolver.java:627)\r\n\tat org.springframework.beans.factory.support.ConstructorResolver.instantiateUsingFactoryMethod(ConstructorResolver.java:456)\r\n\tat org.springframework.beans.factory.support.AbstractAutowireCapableBeanFactory.instantiateUsingFactoryMethod(AbstractAutowireCapableBeanFactory.java:1288)\r\n\tat org.springframework.beans.factory.support.AbstractAutowireCapableBeanFactory.createBeanInstance(AbstractAutowireCapableBeanFactory.java:1127)\r\n\tat org.springframework.beans.factory.support.AbstractAutowireCapableBeanFactory.doCreateBean(AbstractAutowireCapableBeanFactory.java:538)\r\n\tat org.springframework.beans.factory.support.AbstractAutowireCapableBeanFactory.createBean(AbstractAutowireCapableBeanFactory.java:498)\r\n\tat org.springframework.beans.factory.support.AbstractBeanFactory.lambda$doGetBean$1(AbstractBeanFactory.java:356)\r\n\tat io.cucumber.spring.GlueCodeScope.get(GlueCodeScope.java:13)\r\n\tat org.springframework.beans.factory.support.AbstractBeanFactory.doGetBean(AbstractBeanFactory.java:353)\r\n\tat org.springframework.beans.factory.support.AbstractBeanFactory.getBean(AbstractBeanFactory.java:199)\r\n\tat org.springframework.beans.factory.config.DependencyDescriptor.resolveCandidate(DependencyDescriptor.java:277)\r\n\tat org.springframework.beans.factory.support.DefaultListableBeanFactory.doResolveDependency(DefaultListableBeanFactory.java:1244)\r\n\tat org.springframework.beans.factory.support.DefaultListableBeanFactory.resolveDependency(DefaultListableBeanFactory.java:1164)\r\n\tat org.springframework.beans.factory.annotation.AutowiredAnnotationBeanPostProcessor$AutowiredFieldElement.inject(AutowiredAnnotationBeanPostProcessor.java:593)\r\n\t... 61 more\r\nCaused by: org.springframework.beans.BeanInstantiationException: Failed to instantiate [org.openqa.selenium.WebDriver]: Factory method 'getDriver' threw exception; nested exception is org.openqa.selenium.SessionNotCreatedException: session not created: This version of ChromeDriver only supports Chrome version 93\nCurrent browser version is 95.0.4638.69 with binary path C:\\Program Files\\Google\\Chrome\\Application\\chrome.exe\nBuild info: version: '4.0.0-alpha-4', revision: 'c2d955b49e'\nSystem info: host: 'LAPTOP-MJUGMV72', ip: '10.8.49.68', os.name: 'Windows 10', os.arch: 'amd64', os.version: '10.0', java.version: '16.0.1'\nDriver info: driver.version: ChromeDriver\nremote stacktrace: Backtrace:\n\tOrdinal0 [0x003AD403+2479107]\n\tOrdinal0 [0x00347D51+2063697]\n\tOrdinal0 [0x002520C8+1056968]\n\tOrdinal0 [0x0027043A+1180730]\n\tOrdinal0 [0x0026C355+1164117]\n\tOrdinal0 [0x00269B7F+1153919]\n\tOrdinal0 [0x00299CBF+1350847]\n\tOrdinal0 [0x0029992A+1349930]\n\tOrdinal0 [0x0029583B+1333307]\n\tOrdinal0 [0x00271F94+1187732]\n\tOrdinal0 [0x00272DE9+1191401]\n\tGetHandleVerifier [0x0052F3F6+1531734]\n\tGetHandleVerifier [0x005DE9AE+2249998]\n\tGetHandleVerifier [0x004339AB+501003]\n\tGetHandleVerifier [0x00432A29+497033]\n\tOrdinal0 [0x0034D11D+2085149]\n\tOrdinal0 [0x003511C8+2101704]\n\tOrdinal0 [0x00351302+2102018]\n\tOrdinal0 [0x0035AA71+2140785]\n\tBaseThreadInitThunk [0x76DCFA29+25]\n\tRtlGetAppContainerNamedObjectPath [0x77B67A9E+286]\n\tRtlGetAppContainerNamedObjectPath [0x77B67A6E+238]\n\r\n\tat org.springframework.beans.factory.support.SimpleInstantiationStrategy.instantiate(SimpleInstantiationStrategy.java:185)\r\n\tat org.springframework.beans.factory.support.ConstructorResolver.instantiate(ConstructorResolver.java:622)\r\n\t... 74 more\r\nCaused by: org.openqa.selenium.SessionNotCreatedException: session not created: This version of ChromeDriver only supports Chrome version 93\nCurrent browser version is 95.0.4638.69 with binary path C:\\Program Files\\Google\\Chrome\\Application\\chrome.exe\nBuild info: version: '4.0.0-alpha-4', revision: 'c2d955b49e'\nSystem info: host: 'LAPTOP-MJUGMV72', ip: '10.8.49.68', os.name: 'Windows 10', os.arch: 'amd64', os.version: '10.0', java.version: '16.0.1'\nDriver info: driver.version: ChromeDriver\nremote stacktrace: Backtrace:\n\tOrdinal0 [0x003AD403+2479107]\n\tOrdinal0 [0x00347D51+2063697]\n\tOrdinal0 [0x002520C8+1056968]\n\tOrdinal0 [0x0027043A+1180730]\n\tOrdinal0 [0x0026C355+1164117]\n\tOrdinal0 [0x00269B7F+1153919]\n\tOrdinal0 [0x00299CBF+1350847]\n\tOrdinal0 [0x0029992A+1349930]\n\tOrdinal0 [0x0029583B+1333307]\n\tOrdinal0 [0x00271F94+1187732]\n\tOrdinal0 [0x00272DE9+1191401]\n\tGetHandleVerifier [0x0052F3F6+1531734]\n\tGetHandleVerifier [0x005DE9AE+2249998]\n\tGetHandleVerifier [0x004339AB+501003]\n\tGetHandleVerifier [0x00432A29+497033]\n\tOrdinal0 [0x0034D11D+2085149]\n\tOrdinal0 [0x003511C8+2101704]\n\tOrdinal0 [0x00351302+2102018]\n\tOrdinal0 [0x0035AA71+2140785]\n\tBaseThreadInitThunk [0x76DCFA29+25]\n\tRtlGetAppContainerNamedObjectPath [0x77B67A9E+286]\n\tRtlGetAppContainerNamedObjectPath [0x77B67A6E+238]\n\r\n\tat java.base/jdk.internal.reflect.NativeConstructorAccessorImpl.newInstance0(Native Method)\r\n\tat java.base/jdk.internal.reflect.NativeConstructorAccessorImpl.newInstance(NativeConstructorAccessorImpl.java:78)\r\n\tat java.base/jdk.internal.reflect.DelegatingConstructorAccessorImpl.newInstance(DelegatingConstructorAccessorImpl.java:45)\r\n\tat java.base/java.lang.reflect.Constructor.newInstanceWithCaller(Constructor.java:499)\r\n\tat java.base/java.lang.reflect.Constructor.newInstance(Constructor.java:480)\r\n\tat org.openqa.selenium.remote.W3CHandshakeResponse.lambda$errorHandler$0(W3CHandshakeResponse.java:62)\r\n\tat org.openqa.selenium.remote.HandshakeResponse.lambda$getResponseFunction$0(HandshakeResponse.java:30)\r\n\tat org.openqa.selenium.remote.ProtocolHandshake.lambda$createSession$1(ProtocolHandshake.java:126)\r\n\tat java.base/java.util.stream.ReferencePipeline$3$1.accept(ReferencePipeline.java:197)\r\n\tat java.base/java.util.Spliterators$ArraySpliterator.tryAdvance(Spliterators.java:958)\r\n\tat java.base/java.util.stream.ReferencePipeline.forEachWithCancel(ReferencePipeline.java:129)\r\n\tat java.base/java.util.stream.AbstractPipeline.copyIntoWithCancel(AbstractPipeline.java:502)\r\n\tat java.base/java.util.stream.AbstractPipeline.copyInto(AbstractPipeline.java:488)\r\n\tat java.base/java.util.stream.AbstractPipeline.wrapAndCopyInto(AbstractPipeline.java:474)\r\n\tat java.base/java.util.stream.FindOps$FindOp.evaluateSequential(FindOps.java:150)\r\n\tat java.base/java.util.stream.AbstractPipeline.evaluate(AbstractPipeline.java:234)\r\n\tat java.base/java.util.stream.ReferencePipeline.findFirst(ReferencePipeline.java:647)\r\n\tat org.openqa.selenium.remote.ProtocolHandshake.createSession(ProtocolHandshake.java:128)\r\n\tat org.openqa.selenium.remote.ProtocolHandshake.createSession(ProtocolHandshake.java:75)\r\n\tat org.openqa.selenium.remote.HttpCommandExecutor.execute(HttpCommandExecutor.java:139)\r\n\tat org.openqa.selenium.remote.service.DriverCommandExecutor.execute(DriverCommandExecutor.java:83)\r\n\tat org.openqa.selenium.remote.RemoteWebDriver.execute(RemoteWebDriver.java:582)\r\n\tat org.openqa.selenium.remote.RemoteWebDriver.startSession(RemoteWebDriver.java:216)\r\n\tat org.openqa.selenium.remote.RemoteWebDriver.<init>(RemoteWebDriver.java:136)\r\n\tat org.openqa.selenium.chromium.ChromiumDriver.<init>(ChromiumDriver.java:75)\r\n\tat org.openqa.selenium.chrome.ChromeDriver.<init>(ChromeDriver.java:163)\r\n\tat org.openqa.selenium.chrome.ChromeDriver.<init>(ChromeDriver.java:150)\r\n\tat org.openqa.selenium.chrome.ChromeDriver.<init>(ChromeDriver.java:105)\r\n\tat ar.com.lasegunda.utiles.driversBrowser.ChromeDriverManager.createDriver(ChromeDriverManager.java:12)\r\n\tat ar.com.lasegunda.utiles.driversBrowser.DriverManager.getDriver(DriverManager.java:18)\r\n\tat ar.com.lasegunda.utiles.configuracionSpring.SpringConfig.getDriver(SpringConfig.java:40)\r\n\tat ar.com.lasegunda.utiles.configuracionSpring.SpringConfig$$EnhancerBySpringCGLIB$$cad1433e.CGLIB$getDriver$1(<generated>)\r\n\tat ar.com.lasegunda.utiles.configuracionSpring.SpringConfig$$EnhancerBySpringCGLIB$$cad1433e$$FastClassBySpringCGLIB$$af1a7f70.invoke(<generated>)\r\n\tat org.springframework.cglib.proxy.MethodProxy.invokeSuper(MethodProxy.java:244)\r\n\tat org.springframework.context.annotation.ConfigurationClassEnhancer$BeanMethodInterceptor.intercept(ConfigurationClassEnhancer.java:363)\r\n\tat ar.com.lasegunda.utiles.configuracionSpring.SpringConfig$$EnhancerBySpringCGLIB$$cad1433e.getDriver(<generated>)\r\n\tat java.base/jdk.internal.reflect.NativeMethodAccessorImpl.invoke0(Native Method)\r\n\tat java.base/jdk.internal.reflect.NativeMethodAccessorImpl.invoke(NativeMethodAccessorImpl.java:78)\r\n\tat java.base/jdk.internal.reflect.DelegatingMethodAccessorImpl.invoke(DelegatingMethodAccessorImpl.java:43)\r\n\tat java.base/java.lang.reflect.Method.invoke(Method.java:567)\r\n\tat org.springframework.beans.factory.support.SimpleInstantiationStrategy.instantiate(SimpleInstantiationStrategy.java:154)\r\n\t... 75 more\r\n"},"stage":"finished","steps":[],"attachments":[],"parameters":[],"start":1635516118535,"stop":1635516119182},{"name":"ar.com.lasegunda.stepDefinitions.ReporteHook.tomarCapturaCuandoFallaEscenario(io.cucumber.java.Scenario)","status":"broken","statusDetails":{"known":false,"muted":false,"flaky":false,"message":"AFTER is failed: Could not invoke hook defined at 'ar.com.lasegunda.stepDefinitions.ReporteHook.tomarCapturaCuandoFallaEscenario(io.cucumber.java.Scenario)'.\nIt appears there was a problem with the hook definition.\nThe details are in the stacktrace below.","trace":"io.cucumber.core.exception.CucumberException: Could not invoke hook defined at 'ar.com.lasegunda.stepDefinitions.ReporteHook.tomarCapturaCuandoFallaEscenario(io.cucumber.java.Scenario)'.\nIt appears there was a problem with the hook definition.\nThe details are in the stacktrace below.\r\n\tat io.cucumber.core.runner.HookDefinitionMatch.couldNotInvokeHook(HookDefinitionMatch.java:29)\r\n\tat io.cucumber.core.runner.HookDefinitionMatch.runStep(HookDefinitionMatch.java:22)\r\n\tat io.cucumber.core.runner.TestStep.executeStep(TestStep.java:64)\r\n\tat io.cucumber.core.runner.TestStep.run(TestStep.java:49)\r\n\tat io.cucumber.core.runner.TestCase.run(TestCase.java:55)\r\n\tat io.cucumber.core.runner.Runner.runPickle(Runner.java:67)\r\n\tat io.cucumber.junit.PickleRunners$NoStepDescriptions.run(PickleRunners.java:149)\r\n\tat io.cucumber.junit.FeatureRunner.runChild(FeatureRunner.java:83)\r\n\tat io.cucumber.junit.FeatureRunner.runChild(FeatureRunner.java:24)\r\n\tat org.junit.runners.ParentRunner$3.run(ParentRunner.java:290)\r\n\tat org.junit.runners.ParentRunner$1.schedule(ParentRunner.java:71)\r\n\tat org.junit.runners.ParentRunner.runChildren(ParentRunner.java:288)\r\n\tat org.junit.runners.ParentRunner.access$000(ParentRunner.java:58)\r\n\tat org.junit.runners.ParentRunner$2.evaluate(ParentRunner.java:268)\r\n\tat org.junit.runners.ParentRunner.run(ParentRunner.java:363)\r\n\tat io.cucumber.junit.Cucumber.runChild(Cucumber.java:185)\r\n\tat io.cucumber.junit.Cucumber.runChild(Cucumber.java:83)\r\n\tat org.junit.runners.ParentRunner$3.run(ParentRunner.java:290)\r\n\tat org.junit.runners.ParentRunner$1.schedule(ParentRunner.java:71)\r\n\tat org.junit.runners.ParentRunner.runChildren(ParentRunner.java:288)\r\n\tat org.junit.runners.ParentRunner.access$000(ParentRunner.java:58)\r\n\tat org.junit.runners.ParentRunner$2.evaluate(ParentRunner.java:268)\r\n\tat io.cucumber.junit.Cucumber$RunCucumber.evaluate(Cucumber.java:219)\r\n\tat org.junit.internal.runners.statements.RunAfters.evaluate(RunAfters.java:27)\r\n\tat org.junit.runners.ParentRunner.run(ParentRunner.java:363)\r\n\tat org.eclipse.jdt.internal.junit4.runner.JUnit4TestReference.run(JUnit4TestReference.java:93)\r\n\tat org.eclipse.jdt.internal.junit.runner.TestExecution.run(TestExecution.java:40)\r\n\tat org.eclipse.jdt.internal.junit.runner.RemoteTestRunner.runTests(RemoteTestRunner.java:529)\r\n\tat org.eclipse.jdt.internal.junit.runner.RemoteTestRunner.runTests(RemoteTestRunner.java:756)\r\n\tat org.eclipse.jdt.internal.junit.runner.RemoteTestRunner.run(RemoteTestRunner.java:452)\r\n\tat org.eclipse.jdt.internal.junit.runner.RemoteTestRunner.main(RemoteTestRunner.java:210)\r\nCaused by: io.cucumber.core.backend.CucumberBackendException: Error creating bean with name 'ar.com.lasegunda.stepDefinitions.ReporteHook': Unsatisfied dependency expressed through field 'manejoErrores'; nested exception is org.springframework.beans.factory.UnsatisfiedDependencyException: Error creating bean with name 'manejoErrores': Unsatisfied dependency expressed through field 'driver'; nested exception is org.springframework.beans.factory.BeanCreationException: Error creating bean with name 'getDriver' defined in class path resource [ar/com/lasegunda/utiles/configuracionSpring/SpringConfig.class]: Bean instantiation via factory method failed; nested exception is org.springframework.beans.BeanInstantiationException: Failed to instantiate [org.openqa.selenium.WebDriver]: Factory method 'getDriver' threw exception; nested exception is org.openqa.selenium.SessionNotCreatedException: session not created: This version of ChromeDriver only supports Chrome version 93\nCurrent browser version is 95.0.4638.69 with binary path C:\\Program Files\\Google\\Chrome\\Application\\chrome.exe\nBuild info: version: '4.0.0-alpha-4', revision: 'c2d955b49e'\nSystem info: host: 'LAPTOP-MJUGMV72', ip: '10.8.49.68', os.name: 'Windows 10', os.arch: 'amd64', os.version: '10.0', java.version: '16.0.1'\nDriver info: driver.version: ChromeDriver\nremote stacktrace: Backtrace:\n\tOrdinal0 [0x003AD403+2479107]\n\tOrdinal0 [0x00347D51+2063697]\n\tOrdinal0 [0x002520C8+1056968]\n\tOrdinal0 [0x0027043A+1180730]\n\tOrdinal0 [0x0026C355+1164117]\n\tOrdinal0 [0x00269B7F+1153919]\n\tOrdinal0 [0x00299CBF+1350847]\n\tOrdinal0 [0x0029992A+1349930]\n\tOrdinal0 [0x0029583B+1333307]\n\tOrdinal0 [0x00271F94+1187732]\n\tOrdinal0 [0x00272DE9+1191401]\n\tGetHandleVerifier [0x0052F3F6+1531734]\n\tGetHandleVerifier [0x005DE9AE+2249998]\n\tGetHandleVerifier [0x004339AB+501003]\n\tGetHandleVerifier [0x00432A29+497033]\n\tOrdinal0 [0x0034D11D+2085149]\n\tOrdinal0 [0x003511C8+2101704]\n\tOrdinal0 [0x00351302+2102018]\n\tOrdinal0 [0x0035AA71+2140785]\n\tBaseThreadInitThunk [0x76DCFA29+25]\n\tRtlGetAppContainerNamedObjectPath [0x77B67A9E+286]\n\tRtlGetAppContainerNamedObjectPath [0x77B67A6E+238]\n\r\n\tat io.cucumber.spring.SpringFactory.getInstance(SpringFactory.java:175)\r\n\tat io.cucumber.java.JavaHookDefinition.execute(JavaHookDefinition.java:61)\r\n\tat io.cucumber.core.runner.CoreHookDefinition.execute(CoreHookDefinition.java:31)\r\n\tat io.cucumber.core.runner.HookDefinitionMatch.runStep(HookDefinitionMatch.java:20)\r\n\t... 29 more\r\nCaused by: org.springframework.beans.factory.UnsatisfiedDependencyException: Error creating bean with name 'ar.com.lasegunda.stepDefinitions.ReporteHook': Unsatisfied dependency expressed through field 'manejoErrores'; nested exception is org.springframework.beans.factory.UnsatisfiedDependencyException: Error creating bean with name 'manejoErrores': Unsatisfied dependency expressed through field 'driver'; nested exception is org.springframework.beans.factory.BeanCreationException: Error creating bean with name 'getDriver' defined in class path resource [ar/com/lasegunda/utiles/configuracionSpring/SpringConfig.class]: Bean instantiation via factory method failed; nested exception is org.springframework.beans.BeanInstantiationException: Failed to instantiate [org.openqa.selenium.WebDriver]: Factory method 'getDriver' threw exception; nested exception is org.openqa.selenium.SessionNotCreatedException: session not created: This version of ChromeDriver only supports Chrome version 93\nCurrent browser version is 95.0.4638.69 with binary path C:\\Program Files\\Google\\Chrome\\Application\\chrome.exe\nBuild info: version: '4.0.0-alpha-4', revision: 'c2d955b49e'\nSystem info: host: 'LAPTOP-MJUGMV72', ip: '10.8.49.68', os.name: 'Windows 10', os.arch: 'amd64', os.version: '10.0', java.version: '16.0.1'\nDriver info: driver.version: ChromeDriver\nremote stacktrace: Backtrace:\n\tOrdinal0 [0x003AD403+2479107]\n\tOrdinal0 [0x00347D51+2063697]\n\tOrdinal0 [0x002520C8+1056968]\n\tOrdinal0 [0x0027043A+1180730]\n\tOrdinal0 [0x0026C355+1164117]\n\tOrdinal0 [0x00269B7F+1153919]\n\tOrdinal0 [0x00299CBF+1350847]\n\tOrdinal0 [0x0029992A+1349930]\n\tOrdinal0 [0x0029583B+1333307]\n\tOrdinal0 [0x00271F94+1187732]\n\tOrdinal0 [0x00272DE9+1191401]\n\tGetHandleVerifier [0x0052F3F6+1531734]\n\tGetHandleVerifier [0x005DE9AE+2249998]\n\tGetHandleVerifier [0x004339AB+501003]\n\tGetHandleVerifier [0x00432A29+497033]\n\tOrdinal0 [0x0034D11D+2085149]\n\tOrdinal0 [0x003511C8+2101704]\n\tOrdinal0 [0x00351302+2102018]\n\tOrdinal0 [0x0035AA71+2140785]\n\tBaseThreadInitThunk [0x76DCFA29+25]\n\tRtlGetAppContainerNamedObjectPath [0x77B67A9E+286]\n\tRtlGetAppContainerNamedObjectPath [0x77B67A6E+238]\n\r\n\tat org.springframework.beans.factory.annotation.AutowiredAnnotationBeanPostProcessor$AutowiredFieldElement.inject(AutowiredAnnotationBeanPostProcessor.java:596)\r\n\tat org.springframework.beans.factory.annotation.InjectionMetadata.inject(InjectionMetadata.java:90)\r\n\tat org.springframework.beans.factory.annotation.AutowiredAnnotationBeanPostProcessor.postProcessProperties(AutowiredAnnotationBeanPostProcessor.java:374)\r\n\tat org.springframework.beans.factory.support.AbstractAutowireCapableBeanFactory.populateBean(AbstractAutowireCapableBeanFactory.java:1378)\r\n\tat org.springframework.beans.factory.support.AbstractAutowireCapableBeanFactory.doCreateBean(AbstractAutowireCapableBeanFactory.java:575)\r\n\tat org.springframework.beans.factory.support.AbstractAutowireCapableBeanFactory.createBean(AbstractAutowireCapableBeanFactory.java:498)\r\n\tat org.springframework.beans.factory.support.AbstractBeanFactory.lambda$doGetBean$1(AbstractBeanFactory.java:356)\r\n\tat io.cucumber.spring.GlueCodeScope.get(GlueCodeScope.java:13)\r\n\tat org.springframework.beans.factory.support.AbstractBeanFactory.doGetBean(AbstractBeanFactory.java:353)\r\n\tat org.springframework.beans.factory.support.AbstractBeanFactory.getBean(AbstractBeanFactory.java:224)\r\n\tat org.springframework.beans.factory.support.DefaultListableBeanFactory.resolveNamedBean(DefaultListableBeanFactory.java:1112)\r\n\tat org.springframework.beans.factory.support.DefaultListableBeanFactory.resolveBean(DefaultListableBeanFactory.java:407)\r\n\tat org.springframework.beans.factory.support.DefaultListableBeanFactory.getBean(DefaultListableBeanFactory.java:341)\r\n\tat org.springframework.beans.factory.support.DefaultListableBeanFactory.getBean(DefaultListableBeanFactory.java:335)\r\n\tat org.springframework.context.support.AbstractApplicationContext.getBean(AbstractApplicationContext.java:1101)\r\n\tat io.cucumber.spring.TestContextAdaptor.getInstance(TestContextAdaptor.java:69)\r\n\tat io.cucumber.spring.SpringFactory.getInstance(SpringFactory.java:173)\r\n\t... 32 more\r\nCaused by: org.springframework.beans.factory.UnsatisfiedDependencyException: Error creating bean with name 'manejoErrores': Unsatisfied dependency expressed through field 'driver'; nested exception is org.springframework.beans.factory.BeanCreationException: Error creating bean with name 'getDriver' defined in class path resource [ar/com/lasegunda/utiles/configuracionSpring/SpringConfig.class]: Bean instantiation via factory method failed; nested exception is org.springframework.beans.BeanInstantiationException: Failed to instantiate [org.openqa.selenium.WebDriver]: Factory method 'getDriver' threw exception; nested exception is org.openqa.selenium.SessionNotCreatedException: session not created: This version of ChromeDriver only supports Chrome version 93\nCurrent browser version is 95.0.4638.69 with binary path C:\\Program Files\\Google\\Chrome\\Application\\chrome.exe\nBuild info: version: '4.0.0-alpha-4', revision: 'c2d955b49e'\nSystem info: host: 'LAPTOP-MJUGMV72', ip: '10.8.49.68', os.name: 'Windows 10', os.arch: 'amd64', os.version: '10.0', java.version: '16.0.1'\nDriver info: driver.version: ChromeDriver\nremote stacktrace: Backtrace:\n\tOrdinal0 [0x003AD403+2479107]\n\tOrdinal0 [0x00347D51+2063697]\n\tOrdinal0 [0x002520C8+1056968]\n\tOrdinal0 [0x0027043A+1180730]\n\tOrdinal0 [0x0026C355+1164117]\n\tOrdinal0 [0x00269B7F+1153919]\n\tOrdinal0 [0x00299CBF+1350847]\n\tOrdinal0 [0x0029992A+1349930]\n\tOrdinal0 [0x0029583B+1333307]\n\tOrdinal0 [0x00271F94+1187732]\n\tOrdinal0 [0x00272DE9+1191401]\n\tGetHandleVerifier [0x0052F3F6+1531734]\n\tGetHandleVerifier [0x005DE9AE+2249998]\n\tGetHandleVerifier [0x004339AB+501003]\n\tGetHandleVerifier [0x00432A29+497033]\n\tOrdinal0 [0x0034D11D+2085149]\n\tOrdinal0 [0x003511C8+2101704]\n\tOrdinal0 [0x00351302+2102018]\n\tOrdinal0 [0x0035AA71+2140785]\n\tBaseThreadInitThunk [0x76DCFA29+25]\n\tRtlGetAppContainerNamedObjectPath [0x77B67A9E+286]\n\tRtlGetAppContainerNamedObjectPath [0x77B67A6E+238]\n\r\n\tat org.springframework.beans.factory.annotation.AutowiredAnnotationBeanPostProcessor$AutowiredFieldElement.inject(AutowiredAnnotationBeanPostProcessor.java:596)\r\n\tat org.springframework.beans.factory.annotation.InjectionMetadata.inject(InjectionMetadata.java:90)\r\n\tat org.springframework.beans.factory.annotation.AutowiredAnnotationBeanPostProcessor.postProcessProperties(AutowiredAnnotationBeanPostProcessor.java:374)\r\n\tat org.springframework.beans.factory.support.AbstractAutowireCapableBeanFactory.populateBean(AbstractAutowireCapableBeanFactory.java:1378)\r\n\tat org.springframework.beans.factory.support.AbstractAutowireCapableBeanFactory.doCreateBean(AbstractAutowireCapableBeanFactory.java:575)\r\n\tat org.springframework.beans.factory.support.AbstractAutowireCapableBeanFactory.createBean(AbstractAutowireCapableBeanFactory.java:498)\r\n\tat org.springframework.beans.factory.support.AbstractBeanFactory.lambda$doGetBean$1(AbstractBeanFactory.java:356)\r\n\tat io.cucumber.spring.GlueCodeScope.get(GlueCodeScope.java:13)\r\n\tat org.springframework.beans.factory.support.AbstractBeanFactory.doGetBean(AbstractBeanFactory.java:353)\r\n\tat org.springframework.beans.factory.support.AbstractBeanFactory.getBean(AbstractBeanFactory.java:199)\r\n\tat org.springframework.beans.factory.config.DependencyDescriptor.resolveCandidate(DependencyDescriptor.java:277)\r\n\tat org.springframework.beans.factory.support.DefaultListableBeanFactory.doResolveDependency(DefaultListableBeanFactory.java:1244)\r\n\tat org.springframework.beans.factory.support.DefaultListableBeanFactory.resolveDependency(DefaultListableBeanFactory.java:1164)\r\n\tat org.springframework.beans.factory.annotation.AutowiredAnnotationBeanPostProcessor$AutowiredFieldElement.inject(AutowiredAnnotationBeanPostProcessor.java:593)\r\n\t... 48 more\r\nCaused by: org.springframework.beans.factory.BeanCreationException: Error creating bean with name 'getDriver' defined in class path resource [ar/com/lasegunda/utiles/configuracionSpring/SpringConfig.class]: Bean instantiation via factory method failed; nested exception is org.springframework.beans.BeanInstantiationException: Failed to instantiate [org.openqa.selenium.WebDriver]: Factory method 'getDriver' threw exception; nested exception is org.openqa.selenium.SessionNotCreatedException: session not created: This version of ChromeDriver only supports Chrome version 93\nCurrent browser version is 95.0.4638.69 with binary path C:\\Program Files\\Google\\Chrome\\Application\\chrome.exe\nBuild info: version: '4.0.0-alpha-4', revision: 'c2d955b49e'\nSystem info: host: 'LAPTOP-MJUGMV72', ip: '10.8.49.68', os.name: 'Windows 10', os.arch: 'amd64', os.version: '10.0', java.version: '16.0.1'\nDriver info: driver.version: ChromeDriver\nremote stacktrace: Backtrace:\n\tOrdinal0 [0x003AD403+2479107]\n\tOrdinal0 [0x00347D51+2063697]\n\tOrdinal0 [0x002520C8+1056968]\n\tOrdinal0 [0x0027043A+1180730]\n\tOrdinal0 [0x0026C355+1164117]\n\tOrdinal0 [0x00269B7F+1153919]\n\tOrdinal0 [0x00299CBF+1350847]\n\tOrdinal0 [0x0029992A+1349930]\n\tOrdinal0 [0x0029583B+1333307]\n\tOrdinal0 [0x00271F94+1187732]\n\tOrdinal0 [0x00272DE9+1191401]\n\tGetHandleVerifier [0x0052F3F6+1531734]\n\tGetHandleVerifier [0x005DE9AE+2249998]\n\tGetHandleVerifier [0x004339AB+501003]\n\tGetHandleVerifier [0x00432A29+497033]\n\tOrdinal0 [0x0034D11D+2085149]\n\tOrdinal0 [0x003511C8+2101704]\n\tOrdinal0 [0x00351302+2102018]\n\tOrdinal0 [0x0035AA71+2140785]\n\tBaseThreadInitThunk [0x76DCFA29+25]\n\tRtlGetAppContainerNamedObjectPath [0x77B67A9E+286]\n\tRtlGetAppContainerNamedObjectPath [0x77B67A6E+238]\n\r\n\tat org.springframework.beans.factory.support.ConstructorResolver.instantiate(ConstructorResolver.java:627)\r\n\tat org.springframework.beans.factory.support.ConstructorResolver.instantiateUsingFactoryMethod(ConstructorResolver.java:456)\r\n\tat org.springframework.beans.factory.support.AbstractAutowireCapableBeanFactory.instantiateUsingFactoryMethod(AbstractAutowireCapableBeanFactory.java:1288)\r\n\tat org.springframework.beans.factory.support.AbstractAutowireCapableBeanFactory.createBeanInstance(AbstractAutowireCapableBeanFactory.java:1127)\r\n\tat org.springframework.beans.factory.support.AbstractAutowireCapableBeanFactory.doCreateBean(AbstractAutowireCapableBeanFactory.java:538)\r\n\tat org.springframework.beans.factory.support.AbstractAutowireCapableBeanFactory.createBean(AbstractAutowireCapableBeanFactory.java:498)\r\n\tat org.springframework.beans.factory.support.AbstractBeanFactory.lambda$doGetBean$1(AbstractBeanFactory.java:356)\r\n\tat io.cucumber.spring.GlueCodeScope.get(GlueCodeScope.java:13)\r\n\tat org.springframework.beans.factory.support.AbstractBeanFactory.doGetBean(AbstractBeanFactory.java:353)\r\n\tat org.springframework.beans.factory.support.AbstractBeanFactory.getBean(AbstractBeanFactory.java:199)\r\n\tat org.springframework.beans.factory.config.DependencyDescriptor.resolveCandidate(DependencyDescriptor.java:277)\r\n\tat org.springframework.beans.factory.support.DefaultListableBeanFactory.doResolveDependency(DefaultListableBeanFactory.java:1244)\r\n\tat org.springframework.beans.factory.support.DefaultListableBeanFactory.resolveDependency(DefaultListableBeanFactory.java:1164)\r\n\tat org.springframework.beans.factory.annotation.AutowiredAnnotationBeanPostProcessor$AutowiredFieldElement.inject(AutowiredAnnotationBeanPostProcessor.java:593)\r\n\t... 61 more\r\nCaused by: org.springframework.beans.BeanInstantiationException: Failed to instantiate [org.openqa.selenium.WebDriver]: Factory method 'getDriver' threw exception; nested exception is org.openqa.selenium.SessionNotCreatedException: session not created: This version of ChromeDriver only supports Chrome version 93\nCurrent browser version is 95.0.4638.69 with binary path C:\\Program Files\\Google\\Chrome\\Application\\chrome.exe\nBuild info: version: '4.0.0-alpha-4', revision: 'c2d955b49e'\nSystem info: host: 'LAPTOP-MJUGMV72', ip: '10.8.49.68', os.name: 'Windows 10', os.arch: 'amd64', os.version: '10.0', java.version: '16.0.1'\nDriver info: driver.version: ChromeDriver\nremote stacktrace: Backtrace:\n\tOrdinal0 [0x003AD403+2479107]\n\tOrdinal0 [0x00347D51+2063697]\n\tOrdinal0 [0x002520C8+1056968]\n\tOrdinal0 [0x0027043A+1180730]\n\tOrdinal0 [0x0026C355+1164117]\n\tOrdinal0 [0x00269B7F+1153919]\n\tOrdinal0 [0x00299CBF+1350847]\n\tOrdinal0 [0x0029992A+1349930]\n\tOrdinal0 [0x0029583B+1333307]\n\tOrdinal0 [0x00271F94+1187732]\n\tOrdinal0 [0x00272DE9+1191401]\n\tGetHandleVerifier [0x0052F3F6+1531734]\n\tGetHandleVerifier [0x005DE9AE+2249998]\n\tGetHandleVerifier [0x004339AB+501003]\n\tGetHandleVerifier [0x00432A29+497033]\n\tOrdinal0 [0x0034D11D+2085149]\n\tOrdinal0 [0x003511C8+2101704]\n\tOrdinal0 [0x00351302+2102018]\n\tOrdinal0 [0x0035AA71+2140785]\n\tBaseThreadInitThunk [0x76DCFA29+25]\n\tRtlGetAppContainerNamedObjectPath [0x77B67A9E+286]\n\tRtlGetAppContainerNamedObjectPath [0x77B67A6E+238]\n\r\n\tat org.springframework.beans.factory.support.SimpleInstantiationStrategy.instantiate(SimpleInstantiationStrategy.java:185)\r\n\tat org.springframework.beans.factory.support.ConstructorResolver.instantiate(ConstructorResolver.java:622)\r\n\t... 74 more\r\nCaused by: org.openqa.selenium.SessionNotCreatedException: session not created: This version of ChromeDriver only supports Chrome version 93\nCurrent browser version is 95.0.4638.69 with binary path C:\\Program Files\\Google\\Chrome\\Application\\chrome.exe\nBuild info: version: '4.0.0-alpha-4', revision: 'c2d955b49e'\nSystem info: host: 'LAPTOP-MJUGMV72', ip: '10.8.49.68', os.name: 'Windows 10', os.arch: 'amd64', os.version: '10.0', java.version: '16.0.1'\nDriver info: driver.version: ChromeDriver\nremote stacktrace: Backtrace:\n\tOrdinal0 [0x003AD403+2479107]\n\tOrdinal0 [0x00347D51+2063697]\n\tOrdinal0 [0x002520C8+1056968]\n\tOrdinal0 [0x0027043A+1180730]\n\tOrdinal0 [0x0026C355+1164117]\n\tOrdinal0 [0x00269B7F+1153919]\n\tOrdinal0 [0x00299CBF+1350847]\n\tOrdinal0 [0x0029992A+1349930]\n\tOrdinal0 [0x0029583B+1333307]\n\tOrdinal0 [0x00271F94+1187732]\n\tOrdinal0 [0x00272DE9+1191401]\n\tGetHandleVerifier [0x0052F3F6+1531734]\n\tGetHandleVerifier [0x005DE9AE+2249998]\n\tGetHandleVerifier [0x004339AB+501003]\n\tGetHandleVerifier [0x00432A29+497033]\n\tOrdinal0 [0x0034D11D+2085149]\n\tOrdinal0 [0x003511C8+2101704]\n\tOrdinal0 [0x00351302+2102018]\n\tOrdinal0 [0x0035AA71+2140785]\n\tBaseThreadInitThunk [0x76DCFA29+25]\n\tRtlGetAppContainerNamedObjectPath [0x77B67A9E+286]\n\tRtlGetAppContainerNamedObjectPath [0x77B67A6E+238]\n\r\n\tat java.base/jdk.internal.reflect.NativeConstructorAccessorImpl.newInstance0(Native Method)\r\n\tat java.base/jdk.internal.reflect.NativeConstructorAccessorImpl.newInstance(NativeConstructorAccessorImpl.java:78)\r\n\tat java.base/jdk.internal.reflect.DelegatingConstructorAccessorImpl.newInstance(DelegatingConstructorAccessorImpl.java:45)\r\n\tat java.base/java.lang.reflect.Constructor.newInstanceWithCaller(Constructor.java:499)\r\n\tat java.base/java.lang.reflect.Constructor.newInstance(Constructor.java:480)\r\n\tat org.openqa.selenium.remote.W3CHandshakeResponse.lambda$errorHandler$0(W3CHandshakeResponse.java:62)\r\n\tat org.openqa.selenium.remote.HandshakeResponse.lambda$getResponseFunction$0(HandshakeResponse.java:30)\r\n\tat org.openqa.selenium.remote.ProtocolHandshake.lambda$createSession$1(ProtocolHandshake.java:126)\r\n\tat java.base/java.util.stream.ReferencePipeline$3$1.accept(ReferencePipeline.java:197)\r\n\tat java.base/java.util.Spliterators$ArraySpliterator.tryAdvance(Spliterators.java:958)\r\n\tat java.base/java.util.stream.ReferencePipeline.forEachWithCancel(ReferencePipeline.java:129)\r\n\tat java.base/java.util.stream.AbstractPipeline.copyIntoWithCancel(AbstractPipeline.java:502)\r\n\tat java.base/java.util.stream.AbstractPipeline.copyInto(AbstractPipeline.java:488)\r\n\tat java.base/java.util.stream.AbstractPipeline.wrapAndCopyInto(AbstractPipeline.java:474)\r\n\tat java.base/java.util.stream.FindOps$FindOp.evaluateSequential(FindOps.java:150)\r\n\tat java.base/java.util.stream.AbstractPipeline.evaluate(AbstractPipeline.java:234)\r\n\tat java.base/java.util.stream.ReferencePipeline.findFirst(ReferencePipeline.java:647)\r\n\tat org.openqa.selenium.remote.ProtocolHandshake.createSession(ProtocolHandshake.java:128)\r\n\tat org.openqa.selenium.remote.ProtocolHandshake.createSession(ProtocolHandshake.java:75)\r\n\tat org.openqa.selenium.remote.HttpCommandExecutor.execute(HttpCommandExecutor.java:139)\r\n\tat org.openqa.selenium.remote.service.DriverCommandExecutor.execute(DriverCommandExecutor.java:83)\r\n\tat org.openqa.selenium.remote.RemoteWebDriver.execute(RemoteWebDriver.java:582)\r\n\tat org.openqa.selenium.remote.RemoteWebDriver.startSession(RemoteWebDriver.java:216)\r\n\tat org.openqa.selenium.remote.RemoteWebDriver.<init>(RemoteWebDriver.java:136)\r\n\tat org.openqa.selenium.chromium.ChromiumDriver.<init>(ChromiumDriver.java:75)\r\n\tat org.openqa.selenium.chrome.ChromeDriver.<init>(ChromeDriver.java:163)\r\n\tat org.openqa.selenium.chrome.ChromeDriver.<init>(ChromeDriver.java:150)\r\n\tat org.openqa.selenium.chrome.ChromeDriver.<init>(ChromeDriver.java:105)\r\n\tat ar.com.lasegunda.utiles.driversBrowser.ChromeDriverManager.createDriver(ChromeDriverManager.java:12)\r\n\tat ar.com.lasegunda.utiles.driversBrowser.DriverManager.getDriver(DriverManager.java:18)\r\n\tat ar.com.lasegunda.utiles.configuracionSpring.SpringConfig.getDriver(SpringConfig.java:40)\r\n\tat ar.com.lasegunda.utiles.configuracionSpring.SpringConfig$$EnhancerBySpringCGLIB$$cad1433e.CGLIB$getDriver$1(<generated>)\r\n\tat ar.com.lasegunda.utiles.configuracionSpring.SpringConfig$$EnhancerBySpringCGLIB$$cad1433e$$FastClassBySpringCGLIB$$af1a7f70.invoke(<generated>)\r\n\tat org.springframework.cglib.proxy.MethodProxy.invokeSuper(MethodProxy.java:244)\r\n\tat org.springframework.context.annotation.ConfigurationClassEnhancer$BeanMethodInterceptor.intercept(ConfigurationClassEnhancer.java:363)\r\n\tat ar.com.lasegunda.utiles.configuracionSpring.SpringConfig$$EnhancerBySpringCGLIB$$cad1433e.getDriver(<generated>)\r\n\tat java.base/jdk.internal.reflect.NativeMethodAccessorImpl.invoke0(Native Method)\r\n\tat java.base/jdk.internal.reflect.NativeMethodAccessorImpl.invoke(NativeMethodAccessorImpl.java:78)\r\n\tat java.base/jdk.internal.reflect.DelegatingMethodAccessorImpl.invoke(DelegatingMethodAccessorImpl.java:43)\r\n\tat java.base/java.lang.reflect.Method.invoke(Method.java:567)\r\n\tat org.springframework.beans.factory.support.SimpleInstantiationStrategy.instantiate(SimpleInstantiationStrategy.java:154)\r\n\t... 75 more\r\n"},"stage":"finished","steps":[],"attachments":[],"parameters":[],"start":1635516119182,"stop":1635516119812}],"links":[],"start":1635516117268,"stop":1635516119824}