{"name":"Se genera una propuesta de Seguro Parametrico","status":"broken","statusDetails":{"known":false,"muted":false,"flaky":false,"message":"Could not invoke step [Un usuario que ingresa a la pagina {string}] defined at 'ar.com.lasegunda.stepDefinitions.LoginStep.un_usuario_que_ingresa_a_la_pagina(java.lang.String)'.\nIt appears there was a problem with the step definition.\nThe converted arguments types were (java.lang.String)\n\nThe details are in the stacktrace below.","trace":"io.cucumber.core.exception.CucumberException: Could not invoke step [Un usuario que ingresa a la pagina {string}] defined at 'ar.com.lasegunda.stepDefinitions.LoginStep.un_usuario_que_ingresa_a_la_pagina(java.lang.String)'.\nIt appears there was a problem with the step definition.\nThe converted arguments types were (java.lang.String)\n\nThe details are in the stacktrace below.\r\n\tat io.cucumber.core.runner.PickleStepDefinitionMatch.couldNotInvokeStep(PickleStepDefinitionMatch.java:81)\r\n\tat io.cucumber.core.runner.PickleStepDefinitionMatch.runStep(PickleStepDefinitionMatch.java:65)\r\n\tat io.cucumber.core.runner.TestStep.executeStep(TestStep.java:64)\r\n\tat io.cucumber.core.runner.TestStep.run(TestStep.java:49)\r\n\tat io.cucumber.core.runner.PickleStepTestStep.run(PickleStepTestStep.java:46)\r\n\tat io.cucumber.core.runner.TestCase.run(TestCase.java:51)\r\n\tat io.cucumber.core.runner.Runner.runPickle(Runner.java:67)\r\n\tat io.cucumber.junit.PickleRunners$NoStepDescriptions.run(PickleRunners.java:149)\r\n\tat io.cucumber.junit.FeatureRunner.runChild(FeatureRunner.java:83)\r\n\tat io.cucumber.junit.FeatureRunner.runChild(FeatureRunner.java:24)\r\n\tat org.junit.runners.ParentRunner$3.run(ParentRunner.java:290)\r\n\tat org.junit.runners.ParentRunner$1.schedule(ParentRunner.java:71)\r\n\tat org.junit.runners.ParentRunner.runChildren(ParentRunner.java:288)\r\n\tat org.junit.runners.ParentRunner.access$000(ParentRunner.java:58)\r\n\tat org.junit.runners.ParentRunner$2.evaluate(ParentRunner.java:268)\r\n\tat org.junit.runners.ParentRunner.run(ParentRunner.java:363)\r\n\tat io.cucumber.junit.Cucumber.runChild(Cucumber.java:185)\r\n\tat io.cucumber.junit.Cucumber.runChild(Cucumber.java:83)\r\n\tat org.junit.runners.ParentRunner$3.run(ParentRunner.java:290)\r\n\tat org.junit.runners.ParentRunner$1.schedule(ParentRunner.java:71)\r\n\tat org.junit.runners.ParentRunner.runChildren(ParentRunner.java:288)\r\n\tat org.junit.runners.ParentRunner.access$000(ParentRunner.java:58)\r\n\tat org.junit.runners.ParentRunner$2.evaluate(ParentRunner.java:268)\r\n\tat io.cucumber.junit.Cucumber$RunCucumber.evaluate(Cucumber.java:219)\r\n\tat org.junit.internal.runners.statements.RunAfters.evaluate(RunAfters.java:27)\r\n\tat org.junit.runners.ParentRunner.run(ParentRunner.java:363)\r\n\tat org.eclipse.jdt.internal.junit4.runner.JUnit4TestReference.run(JUnit4TestReference.java:93)\r\n\tat org.eclipse.jdt.internal.junit.runner.TestExecution.run(TestExecution.java:40)\r\n\tat org.eclipse.jdt.internal.junit.runner.RemoteTestRunner.runTests(RemoteTestRunner.java:529)\r\n\tat org.eclipse.jdt.internal.junit.runner.RemoteTestRunner.runTests(RemoteTestRunner.java:756)\r\n\tat org.eclipse.jdt.internal.junit.runner.RemoteTestRunner.run(RemoteTestRunner.java:452)\r\n\tat org.eclipse.jdt.internal.junit.runner.RemoteTestRunner.main(RemoteTestRunner.java:210)\r\nCaused by: io.cucumber.core.backend.CucumberBackendException: Error creating bean with name 'ar.com.lasegunda.stepDefinitions.LoginStep': Unsatisfied dependency expressed through field 'paginaLogin'; nested exception is org.springframework.beans.factory.BeanCreationException: Error creating bean with name 'login' defined in file [C:\\Users\\Nicolas\\Desktop\\CESIG\\template_web_spring\\target\\test-classes\\ar\\com\\lasegunda\\paginas\\Login.class]: Bean instantiation via constructor failed; nested exception is org.springframework.beans.BeanInstantiationException: Failed to instantiate [ar.com.lasegunda.paginas.Login]: Constructor threw exception; nested exception is java.lang.NullPointerException: Cannot invoke \"org.openqa.selenium.WebDriver.switchTo()\" because \"this.driver\" is null\r\n\tat io.cucumber.spring.SpringFactory.getInstance(SpringFactory.java:175)\r\n\tat io.cucumber.java.JavaStepDefinition.execute(JavaStepDefinition.java:27)\r\n\tat io.cucumber.core.runner.PickleStepDefinitionMatch.runStep(PickleStepDefinitionMatch.java:63)\r\n\t... 30 more\r\nCaused by: org.springframework.beans.factory.UnsatisfiedDependencyException: Error creating bean with name 'ar.com.lasegunda.stepDefinitions.LoginStep': Unsatisfied dependency expressed through field 'paginaLogin'; nested exception is org.springframework.beans.factory.BeanCreationException: Error creating bean with name 'login' defined in file [C:\\Users\\Nicolas\\Desktop\\CESIG\\template_web_spring\\target\\test-classes\\ar\\com\\lasegunda\\paginas\\Login.class]: Bean instantiation via constructor failed; nested exception is org.springframework.beans.BeanInstantiationException: Failed to instantiate [ar.com.lasegunda.paginas.Login]: Constructor threw exception; nested exception is java.lang.NullPointerException: Cannot invoke \"org.openqa.selenium.WebDriver.switchTo()\" because \"this.driver\" is null\r\n\tat org.springframework.beans.factory.annotation.AutowiredAnnotationBeanPostProcessor$AutowiredFieldElement.inject(AutowiredAnnotationBeanPostProcessor.java:596)\r\n\tat org.springframework.beans.factory.annotation.InjectionMetadata.inject(InjectionMetadata.java:90)\r\n\tat org.springframework.beans.factory.annotation.AutowiredAnnotationBeanPostProcessor.postProcessProperties(AutowiredAnnotationBeanPostProcessor.java:374)\r\n\tat org.springframework.beans.factory.support.AbstractAutowireCapableBeanFactory.populateBean(AbstractAutowireCapableBeanFactory.java:1378)\r\n\tat org.springframework.beans.factory.support.AbstractAutowireCapableBeanFactory.doCreateBean(AbstractAutowireCapableBeanFactory.java:575)\r\n\tat org.springframework.beans.factory.support.AbstractAutowireCapableBeanFactory.createBean(AbstractAutowireCapableBeanFactory.java:498)\r\n\tat org.springframework.beans.factory.support.AbstractBeanFactory.lambda$doGetBean$1(AbstractBeanFactory.java:356)\r\n\tat io.cucumber.spring.GlueCodeScope.get(GlueCodeScope.java:13)\r\n\tat org.springframework.beans.factory.support.AbstractBeanFactory.doGetBean(AbstractBeanFactory.java:353)\r\n\tat org.springframework.beans.factory.support.AbstractBeanFactory.getBean(AbstractBeanFactory.java:224)\r\n\tat org.springframework.beans.factory.support.DefaultListableBeanFactory.resolveNamedBean(DefaultListableBeanFactory.java:1112)\r\n\tat org.springframework.beans.factory.support.DefaultListableBeanFactory.resolveBean(DefaultListableBeanFactory.java:407)\r\n\tat org.springframework.beans.factory.support.DefaultListableBeanFactory.getBean(DefaultListableBeanFactory.java:341)\r\n\tat org.springframework.beans.factory.support.DefaultListableBeanFactory.getBean(DefaultListableBeanFactory.java:335)\r\n\tat org.springframework.context.support.AbstractApplicationContext.getBean(AbstractApplicationContext.java:1101)\r\n\tat io.cucumber.spring.TestContextAdaptor.getInstance(TestContextAdaptor.java:69)\r\n\tat io.cucumber.spring.SpringFactory.getInstance(SpringFactory.java:173)\r\n\t... 32 more\r\nCaused by: org.springframework.beans.factory.BeanCreationException: Error creating bean with name 'login' defined in file [C:\\Users\\Nicolas\\Desktop\\CESIG\\template_web_spring\\target\\test-classes\\ar\\com\\lasegunda\\paginas\\Login.class]: Bean instantiation via constructor failed; nested exception is org.springframework.beans.BeanInstantiationException: Failed to instantiate [ar.com.lasegunda.paginas.Login]: Constructor threw exception; nested exception is java.lang.NullPointerException: Cannot invoke \"org.openqa.selenium.WebDriver.switchTo()\" because \"this.driver\" is null\r\n\tat org.springframework.beans.factory.support.ConstructorResolver.instantiate(ConstructorResolver.java:304)\r\n\tat org.springframework.beans.factory.support.ConstructorResolver.autowireConstructor(ConstructorResolver.java:285)\r\n\tat org.springframework.beans.factory.support.AbstractAutowireCapableBeanFactory.autowireConstructor(AbstractAutowireCapableBeanFactory.java:1308)\r\n\tat org.springframework.beans.factory.support.AbstractAutowireCapableBeanFactory.createBeanInstance(AbstractAutowireCapableBeanFactory.java:1154)\r\n\tat org.springframework.beans.factory.support.AbstractAutowireCapableBeanFactory.doCreateBean(AbstractAutowireCapableBeanFactory.java:538)\r\n\tat org.springframework.beans.factory.support.AbstractAutowireCapableBeanFactory.createBean(AbstractAutowireCapableBeanFactory.java:498)\r\n\tat org.springframework.beans.factory.support.AbstractBeanFactory.lambda$doGetBean$1(AbstractBeanFactory.java:356)\r\n\tat io.cucumber.spring.GlueCodeScope.get(GlueCodeScope.java:13)\r\n\tat org.springframework.beans.factory.support.AbstractBeanFactory.doGetBean(AbstractBeanFactory.java:353)\r\n\tat org.springframework.beans.factory.support.AbstractBeanFactory.getBean(AbstractBeanFactory.java:199)\r\n\tat org.springframework.beans.factory.config.DependencyDescriptor.resolveCandidate(DependencyDescriptor.java:277)\r\n\tat org.springframework.beans.factory.support.DefaultListableBeanFactory.doResolveDependency(DefaultListableBeanFactory.java:1244)\r\n\tat org.springframework.beans.factory.support.DefaultListableBeanFactory.resolveDependency(DefaultListableBeanFactory.java:1164)\r\n\tat org.springframework.beans.factory.annotation.AutowiredAnnotationBeanPostProcessor$AutowiredFieldElement.inject(AutowiredAnnotationBeanPostProcessor.java:593)\r\n\t... 48 more\r\nCaused by: org.springframework.beans.BeanInstantiationException: Failed to instantiate [ar.com.lasegunda.paginas.Login]: Constructor threw exception; nested exception is java.lang.NullPointerException: Cannot invoke \"org.openqa.selenium.WebDriver.switchTo()\" because \"this.driver\" is null\r\n\tat org.springframework.beans.BeanUtils.instantiateClass(BeanUtils.java:184)\r\n\tat org.springframework.beans.factory.support.SimpleInstantiationStrategy.instantiate(SimpleInstantiationStrategy.java:117)\r\n\tat org.springframework.beans.factory.support.ConstructorResolver.instantiate(ConstructorResolver.java:300)\r\n\t... 61 more\r\nCaused by: java.lang.NullPointerException: Cannot invoke \"org.openqa.selenium.WebDriver.switchTo()\" because \"this.driver\" is null\r\n\tat ar.com.lasegunda.paginas.PaginaBase.<init>(PaginaBase.java:36)\r\n\tat ar.com.lasegunda.paginas.Login.<init>(Login.java:15)\r\n\tat java.base/jdk.internal.reflect.NativeConstructorAccessorImpl.newInstance0(Native Method)\r\n\tat java.base/jdk.internal.reflect.NativeConstructorAccessorImpl.newInstance(NativeConstructorAccessorImpl.java:78)\r\n\tat java.base/jdk.internal.reflect.DelegatingConstructorAccessorImpl.newInstance(DelegatingConstructorAccessorImpl.java:45)\r\n\tat java.base/java.lang.reflect.Constructor.newInstanceWithCaller(Constructor.java:499)\r\n\tat java.base/java.lang.reflect.Constructor.newInstance(Constructor.java:480)\r\n\tat org.springframework.beans.BeanUtils.instantiateClass(BeanUtils.java:172)\r\n\t... 63 more\r\n"},"stage":"finished","steps":[{"name":"Given  Un usuario que ingresa a la pagina \"https://segurosparametricosagro-desa.npapps.lasegunda.com.ar/\"","status":"broken","statusDetails":{"known":false,"muted":false,"flaky":false,"message":"Could not invoke step [Un usuario que ingresa a la pagina {string}] defined at 'ar.com.lasegunda.stepDefinitions.LoginStep.un_usuario_que_ingresa_a_la_pagina(java.lang.String)'.\nIt appears there was a problem with the step definition.\nThe converted arguments types were (java.lang.String)\n\nThe details are in the stacktrace below.","trace":"io.cucumber.core.exception.CucumberException: Could not invoke step [Un usuario que ingresa a la pagina {string}] defined at 'ar.com.lasegunda.stepDefinitions.LoginStep.un_usuario_que_ingresa_a_la_pagina(java.lang.String)'.\nIt appears there was a problem with the step definition.\nThe converted arguments types were (java.lang.String)\n\nThe details are in the stacktrace below.\r\n\tat io.cucumber.core.runner.PickleStepDefinitionMatch.couldNotInvokeStep(PickleStepDefinitionMatch.java:81)\r\n\tat io.cucumber.core.runner.PickleStepDefinitionMatch.runStep(PickleStepDefinitionMatch.java:65)\r\n\tat io.cucumber.core.runner.TestStep.executeStep(TestStep.java:64)\r\n\tat io.cucumber.core.runner.TestStep.run(TestStep.java:49)\r\n\tat io.cucumber.core.runner.PickleStepTestStep.run(PickleStepTestStep.java:46)\r\n\tat io.cucumber.core.runner.TestCase.run(TestCase.java:51)\r\n\tat io.cucumber.core.runner.Runner.runPickle(Runner.java:67)\r\n\tat io.cucumber.junit.PickleRunners$NoStepDescriptions.run(PickleRunners.java:149)\r\n\tat io.cucumber.junit.FeatureRunner.runChild(FeatureRunner.java:83)\r\n\tat io.cucumber.junit.FeatureRunner.runChild(FeatureRunner.java:24)\r\n\tat org.junit.runners.ParentRunner$3.run(ParentRunner.java:290)\r\n\tat org.junit.runners.ParentRunner$1.schedule(ParentRunner.java:71)\r\n\tat org.junit.runners.ParentRunner.runChildren(ParentRunner.java:288)\r\n\tat org.junit.runners.ParentRunner.access$000(ParentRunner.java:58)\r\n\tat org.junit.runners.ParentRunner$2.evaluate(ParentRunner.java:268)\r\n\tat org.junit.runners.ParentRunner.run(ParentRunner.java:363)\r\n\tat io.cucumber.junit.Cucumber.runChild(Cucumber.java:185)\r\n\tat io.cucumber.junit.Cucumber.runChild(Cucumber.java:83)\r\n\tat org.junit.runners.ParentRunner$3.run(ParentRunner.java:290)\r\n\tat org.junit.runners.ParentRunner$1.schedule(ParentRunner.java:71)\r\n\tat org.junit.runners.ParentRunner.runChildren(ParentRunner.java:288)\r\n\tat org.junit.runners.ParentRunner.access$000(ParentRunner.java:58)\r\n\tat org.junit.runners.ParentRunner$2.evaluate(ParentRunner.java:268)\r\n\tat io.cucumber.junit.Cucumber$RunCucumber.evaluate(Cucumber.java:219)\r\n\tat org.junit.internal.runners.statements.RunAfters.evaluate(RunAfters.java:27)\r\n\tat org.junit.runners.ParentRunner.run(ParentRunner.java:363)\r\n\tat org.eclipse.jdt.internal.junit4.runner.JUnit4TestReference.run(JUnit4TestReference.java:93)\r\n\tat org.eclipse.jdt.internal.junit.runner.TestExecution.run(TestExecution.java:40)\r\n\tat org.eclipse.jdt.internal.junit.runner.RemoteTestRunner.runTests(RemoteTestRunner.java:529)\r\n\tat org.eclipse.jdt.internal.junit.runner.RemoteTestRunner.runTests(RemoteTestRunner.java:756)\r\n\tat org.eclipse.jdt.internal.junit.runner.RemoteTestRunner.run(RemoteTestRunner.java:452)\r\n\tat org.eclipse.jdt.internal.junit.runner.RemoteTestRunner.main(RemoteTestRunner.java:210)\r\nCaused by: io.cucumber.core.backend.CucumberBackendException: Error creating bean with name 'ar.com.lasegunda.stepDefinitions.LoginStep': Unsatisfied dependency expressed through field 'paginaLogin'; nested exception is org.springframework.beans.factory.BeanCreationException: Error creating bean with name 'login' defined in file [C:\\Users\\Nicolas\\Desktop\\CESIG\\template_web_spring\\target\\test-classes\\ar\\com\\lasegunda\\paginas\\Login.class]: Bean instantiation via constructor failed; nested exception is org.springframework.beans.BeanInstantiationException: Failed to instantiate [ar.com.lasegunda.paginas.Login]: Constructor threw exception; nested exception is java.lang.NullPointerException: Cannot invoke \"org.openqa.selenium.WebDriver.switchTo()\" because \"this.driver\" is null\r\n\tat io.cucumber.spring.SpringFactory.getInstance(SpringFactory.java:175)\r\n\tat io.cucumber.java.JavaStepDefinition.execute(JavaStepDefinition.java:27)\r\n\tat io.cucumber.core.runner.PickleStepDefinitionMatch.runStep(PickleStepDefinitionMatch.java:63)\r\n\t... 30 more\r\nCaused by: org.springframework.beans.factory.UnsatisfiedDependencyException: Error creating bean with name 'ar.com.lasegunda.stepDefinitions.LoginStep': Unsatisfied dependency expressed through field 'paginaLogin'; nested exception is org.springframework.beans.factory.BeanCreationException: Error creating bean with name 'login' defined in file [C:\\Users\\Nicolas\\Desktop\\CESIG\\template_web_spring\\target\\test-classes\\ar\\com\\lasegunda\\paginas\\Login.class]: Bean instantiation via constructor failed; nested exception is org.springframework.beans.BeanInstantiationException: Failed to instantiate [ar.com.lasegunda.paginas.Login]: Constructor threw exception; nested exception is java.lang.NullPointerException: Cannot invoke \"org.openqa.selenium.WebDriver.switchTo()\" because \"this.driver\" is null\r\n\tat org.springframework.beans.factory.annotation.AutowiredAnnotationBeanPostProcessor$AutowiredFieldElement.inject(AutowiredAnnotationBeanPostProcessor.java:596)\r\n\tat org.springframework.beans.factory.annotation.InjectionMetadata.inject(InjectionMetadata.java:90)\r\n\tat org.springframework.beans.factory.annotation.AutowiredAnnotationBeanPostProcessor.postProcessProperties(AutowiredAnnotationBeanPostProcessor.java:374)\r\n\tat org.springframework.beans.factory.support.AbstractAutowireCapableBeanFactory.populateBean(AbstractAutowireCapableBeanFactory.java:1378)\r\n\tat org.springframework.beans.factory.support.AbstractAutowireCapableBeanFactory.doCreateBean(AbstractAutowireCapableBeanFactory.java:575)\r\n\tat org.springframework.beans.factory.support.AbstractAutowireCapableBeanFactory.createBean(AbstractAutowireCapableBeanFactory.java:498)\r\n\tat org.springframework.beans.factory.support.AbstractBeanFactory.lambda$doGetBean$1(AbstractBeanFactory.java:356)\r\n\tat io.cucumber.spring.GlueCodeScope.get(GlueCodeScope.java:13)\r\n\tat org.springframework.beans.factory.support.AbstractBeanFactory.doGetBean(AbstractBeanFactory.java:353)\r\n\tat org.springframework.beans.factory.support.AbstractBeanFactory.getBean(AbstractBeanFactory.java:224)\r\n\tat org.springframework.beans.factory.support.DefaultListableBeanFactory.resolveNamedBean(DefaultListableBeanFactory.java:1112)\r\n\tat org.springframework.beans.factory.support.DefaultListableBeanFactory.resolveBean(DefaultListableBeanFactory.java:407)\r\n\tat org.springframework.beans.factory.support.DefaultListableBeanFactory.getBean(DefaultListableBeanFactory.java:341)\r\n\tat org.springframework.beans.factory.support.DefaultListableBeanFactory.getBean(DefaultListableBeanFactory.java:335)\r\n\tat org.springframework.context.support.AbstractApplicationContext.getBean(AbstractApplicationContext.java:1101)\r\n\tat io.cucumber.spring.TestContextAdaptor.getInstance(TestContextAdaptor.java:69)\r\n\tat io.cucumber.spring.SpringFactory.getInstance(SpringFactory.java:173)\r\n\t... 32 more\r\nCaused by: org.springframework.beans.factory.BeanCreationException: Error creating bean with name 'login' defined in file [C:\\Users\\Nicolas\\Desktop\\CESIG\\template_web_spring\\target\\test-classes\\ar\\com\\lasegunda\\paginas\\Login.class]: Bean instantiation via constructor failed; nested exception is org.springframework.beans.BeanInstantiationException: Failed to instantiate [ar.com.lasegunda.paginas.Login]: Constructor threw exception; nested exception is java.lang.NullPointerException: Cannot invoke \"org.openqa.selenium.WebDriver.switchTo()\" because \"this.driver\" is null\r\n\tat org.springframework.beans.factory.support.ConstructorResolver.instantiate(ConstructorResolver.java:304)\r\n\tat org.springframework.beans.factory.support.ConstructorResolver.autowireConstructor(ConstructorResolver.java:285)\r\n\tat org.springframework.beans.factory.support.AbstractAutowireCapableBeanFactory.autowireConstructor(AbstractAutowireCapableBeanFactory.java:1308)\r\n\tat org.springframework.beans.factory.support.AbstractAutowireCapableBeanFactory.createBeanInstance(AbstractAutowireCapableBeanFactory.java:1154)\r\n\tat org.springframework.beans.factory.support.AbstractAutowireCapableBeanFactory.doCreateBean(AbstractAutowireCapableBeanFactory.java:538)\r\n\tat org.springframework.beans.factory.support.AbstractAutowireCapableBeanFactory.createBean(AbstractAutowireCapableBeanFactory.java:498)\r\n\tat org.springframework.beans.factory.support.AbstractBeanFactory.lambda$doGetBean$1(AbstractBeanFactory.java:356)\r\n\tat io.cucumber.spring.GlueCodeScope.get(GlueCodeScope.java:13)\r\n\tat org.springframework.beans.factory.support.AbstractBeanFactory.doGetBean(AbstractBeanFactory.java:353)\r\n\tat org.springframework.beans.factory.support.AbstractBeanFactory.getBean(AbstractBeanFactory.java:199)\r\n\tat org.springframework.beans.factory.config.DependencyDescriptor.resolveCandidate(DependencyDescriptor.java:277)\r\n\tat org.springframework.beans.factory.support.DefaultListableBeanFactory.doResolveDependency(DefaultListableBeanFactory.java:1244)\r\n\tat org.springframework.beans.factory.support.DefaultListableBeanFactory.resolveDependency(DefaultListableBeanFactory.java:1164)\r\n\tat org.springframework.beans.factory.annotation.AutowiredAnnotationBeanPostProcessor$AutowiredFieldElement.inject(AutowiredAnnotationBeanPostProcessor.java:593)\r\n\t... 48 more\r\nCaused by: org.springframework.beans.BeanInstantiationException: Failed to instantiate [ar.com.lasegunda.paginas.Login]: Constructor threw exception; nested exception is java.lang.NullPointerException: Cannot invoke \"org.openqa.selenium.WebDriver.switchTo()\" because \"this.driver\" is null\r\n\tat org.springframework.beans.BeanUtils.instantiateClass(BeanUtils.java:184)\r\n\tat org.springframework.beans.factory.support.SimpleInstantiationStrategy.instantiate(SimpleInstantiationStrategy.java:117)\r\n\tat org.springframework.beans.factory.support.ConstructorResolver.instantiate(ConstructorResolver.java:300)\r\n\t... 61 more\r\nCaused by: java.lang.NullPointerException: Cannot invoke \"org.openqa.selenium.WebDriver.switchTo()\" because \"this.driver\" is null\r\n\tat ar.com.lasegunda.paginas.PaginaBase.<init>(PaginaBase.java:36)\r\n\tat ar.com.lasegunda.paginas.Login.<init>(Login.java:15)\r\n\tat java.base/jdk.internal.reflect.NativeConstructorAccessorImpl.newInstance0(Native Method)\r\n\tat java.base/jdk.internal.reflect.NativeConstructorAccessorImpl.newInstance(NativeConstructorAccessorImpl.java:78)\r\n\tat java.base/jdk.internal.reflect.DelegatingConstructorAccessorImpl.newInstance(DelegatingConstructorAccessorImpl.java:45)\r\n\tat java.base/java.lang.reflect.Constructor.newInstanceWithCaller(Constructor.java:499)\r\n\tat java.base/java.lang.reflect.Constructor.newInstance(Constructor.java:480)\r\n\tat org.springframework.beans.BeanUtils.instantiateClass(BeanUtils.java:172)\r\n\t... 63 more\r\n"},"stage":"finished","steps":[],"attachments":[],"parameters":[],"start":1632779255945,"stop":1632779255956},{"name":"And  Completa  los campos y presiona ingresar","status":"skipped","statusDetails":{"known":false,"muted":false,"flaky":false},"stage":"finished","steps":[],"attachments":[{"name":"Data table","source":"f28aa2bb-e082-4ae6-a994-5fed3c43c26e-attachment.csv","type":"text/tab-separated-values"}],"parameters":[],"start":1632779255957,"stop":1632779255962},{"name":"When  Completa los Datos Mimimos de Cotizacion","status":"skipped","statusDetails":{"known":false,"muted":false,"flaky":false},"stage":"finished","steps":[],"attachments":[{"name":"Data table","source":"ebaf7798-c08c-49ae-84b8-ed6212641d5e-attachment.csv","type":"text/tab-separated-values"}],"parameters":[],"start":1632779255962,"stop":1632779255964},{"name":"And  Presiona Continuar","status":"skipped","statusDetails":{"known":false,"muted":false,"flaky":false},"stage":"finished","steps":[],"attachments":[],"parameters":[],"start":1632779255964,"stop":1632779255965},{"name":"And  Chanchada","status":"skipped","statusDetails":{"known":false,"muted":false,"flaky":false},"stage":"finished","steps":[],"attachments":[],"parameters":[],"start":1632779255965,"stop":1632779255966},{"name":"And  Presiona NUEVA COTIZACION","status":"skipped","statusDetails":{"known":false,"muted":false,"flaky":false},"stage":"finished","steps":[],"attachments":[],"parameters":[],"start":1632779255966,"stop":1632779255966},{"name":"When  Completa los DATOS DE LOCALIZACION DEL BIEN ASEGURABLE","status":"skipped","statusDetails":{"known":false,"muted":false,"flaky":false},"stage":"finished","steps":[],"attachments":[{"name":"Data table","source":"8f069799-decc-44c5-8340-4a2f907734c0-attachment.csv","type":"text/tab-separated-values"}],"parameters":[],"start":1632779255967,"stop":1632779255968},{"name":"And  Presiona SIGUIENTE","status":"skipped","statusDetails":{"known":false,"muted":false,"flaky":false},"stage":"finished","steps":[],"attachments":[],"parameters":[],"start":1632779255968,"stop":1632779255969},{"name":"When  Selecciona como cultivo la opcion \"Soja Primera\"","status":"skipped","statusDetails":{"known":false,"muted":false,"flaky":false},"stage":"finished","steps":[],"attachments":[],"parameters":[],"start":1632779255969,"stop":1632779255970},{"name":"And  Completa los VALORES DEL BIEN ASEGURABLE","status":"skipped","statusDetails":{"known":false,"muted":false,"flaky":false},"stage":"finished","steps":[],"attachments":[{"name":"Data table","source":"a7e5a32c-0114-4cf0-9f23-013fb6f27ff6-attachment.csv","type":"text/tab-separated-values"}],"parameters":[],"start":1632779255970,"stop":1632779255972},{"name":"And  Se selcciona como opcion de banda la opcion \"Doble Banda\"","status":"skipped","statusDetails":{"known":false,"muted":false,"flaky":false},"stage":"finished","steps":[],"attachments":[],"parameters":[],"start":1632779255972,"stop":1632779255972},{"name":"And  Presiona Continuar","status":"skipped","statusDetails":{"known":false,"muted":false,"flaky":false},"stage":"finished","steps":[],"attachments":[],"parameters":[],"start":1632779255973,"stop":1632779255973},{"name":"When  Se completan los datos del Tomador","status":"skipped","statusDetails":{"known":false,"muted":false,"flaky":false},"stage":"finished","steps":[],"attachments":[{"name":"Data table","source":"86f58b96-51a9-4724-9b12-757f645cbfe4-attachment.csv","type":"text/tab-separated-values"}],"parameters":[],"start":1632779255974,"stop":1632779255975},{"name":"When  Se completan los datos del Asegurado usando datos del Tomador","status":"skipped","statusDetails":{"known":false,"muted":false,"flaky":false},"stage":"finished","steps":[],"attachments":[],"parameters":[],"start":1632779255975,"stop":1632779255976},{"name":"And  Presiona Continuar","status":"skipped","statusDetails":{"known":false,"muted":false,"flaky":false},"stage":"finished","steps":[],"attachments":[],"parameters":[],"start":1632779255976,"stop":1632779255976},{"name":"Then  Se valida que en el Resumen se muestren correctamente los datos del bien asegurable","status":"skipped","statusDetails":{"known":false,"muted":false,"flaky":false},"stage":"finished","steps":[],"attachments":[],"parameters":[],"start":1632779255977,"stop":1632779255977}],"attachments":[],"parameters":[],"start":1632779254443,"stop":1632779256096,"uuid":"486ad1d6-9683-402e-9ec3-5ba2b7ed5e48","historyId":"b91a12ce8ee3d8399cc14326a9e9ea1b","fullName":"GRANIZO - SEGURO PARAMETRICO: Se genera una propuesta de Seguro Parametrico","labels":[{"name":"tag","value":"High"},{"name":"host","value":"LAPTOP-MJUGMV72"},{"name":"thread","value":"19908@LAPTOP-MJUGMV72.main(1)"},{"name":"feature","value":"GRANIZO - SEGURO PARAMETRICO"},{"name":"story","value":"Se genera una propuesta de Seguro Parametrico"},{"name":"suite","value":"GRANIZO - SEGURO PARAMETRICO"},{"name":"testClass","value":"Se genera una propuesta de Seguro Parametrico"},{"name":"framework","value":"cucumber4jvm"},{"name":"language","value":"java"},{"name":"gherkin_uri","value":"file:///C:/Users/Nicolas/Desktop/CESIG/template_web_spring/src/test/resources/features/Generico.feature"},{"name":"package","value":"src.test.resources.features.Generico_feature.GRANIZO - SEGURO PARAMETRICO"}],"links":[]}