{"name":"Se genera una propuesta de Seguro Parametrico","status":"broken","statusDetails":{"known":false,"muted":false,"flaky":false,"message":"Expected condition failed: waiting for visibility of element located by By.xpath: //div[@class='form-row'][1]//input[@id='option1'] (tried for 30 second(s) with 500 milliseconds interval)","trace":"org.openqa.selenium.TimeoutException: Expected condition failed: waiting for visibility of element located by By.xpath: //div[@class='form-row'][1]//input[@id='option1'] (tried for 30 second(s) with 500 milliseconds interval)\r\n\tat org.openqa.selenium.support.ui.WebDriverWait.timeoutException(WebDriverWait.java:138)\r\n\tat org.openqa.selenium.support.ui.FluentWait.until(FluentWait.java:234)\r\n\tat ar.com.lasegunda.paginas.PaginaBase.encontrarElemento(PaginaBase.java:86)\r\n\tat ar.com.lasegunda.paginas.PaginaBase.hacerScrollHaciaUnElemento(PaginaBase.java:246)\r\n\tat ar.com.lasegunda.paginas.PaginaBase.clickElemento(PaginaBase.java:101)\r\n\tat ar.com.lasegunda.paginas.GenericoPagina.seleccionarSembroAñoPasado(GenericoPagina.java:203)\r\n\tat ar.com.lasegunda.stepDefinitions.GenericoStep.se_completan_los_datos_del_Historial(GenericoStep.java:177)\r\n\tat ✽.Se completan los datos del Historial(file:///C:/Users/Nicolas/Desktop/CESIG/template_web_spring/src/test/resources/features/generico.feature:30)\r\nCaused by: org.openqa.selenium.NoSuchElementException: no such element: Unable to locate element: {\"method\":\"xpath\",\"selector\":\"//div[@class='form-row'][1]//input[@id='option1']\"}\n  (Session info: chrome=94.0.4606.71)\nFor documentation on this error, please visit: https://selenium.dev/exceptions/#no_such_element\nBuild info: version: '4.0.0-alpha-4', revision: 'c2d955b49e'\nSystem info: host: 'LAPTOP-MJUGMV72', ip: '10.8.48.13', os.name: 'Windows 10', os.arch: 'amd64', os.version: '10.0', java.version: '16.0.1'\nDriver info: org.openqa.selenium.chrome.ChromeDriver\nCapabilities {acceptInsecureCerts: false, browserName: chrome, browserVersion: 94.0.4606.71, chrome: {chromedriverVersion: 93.0.4577.63 (ff5c0da2ec0ad..., userDataDir: C:\\Users\\Nicolas\\AppData\\Lo...}, goog:chromeOptions: {debuggerAddress: localhost:55985}, javascriptEnabled: true, networkConnectionEnabled: false, pageLoadStrategy: normal, platform: WINDOWS, platformName: WINDOWS, proxy: Proxy(), setWindowRect: true, strictFileInteractability: false, timeouts: {implicit: 0, pageLoad: 300000, script: 30000}, unhandledPromptBehavior: dismiss and notify, webauthn:extension:credBlob: true, webauthn:extension:largeBlob: true, webauthn:virtualAuthenticators: true}\nSession ID: edd1c7c589fbf39b7ada1334f7b57d8a\n*** Element info: {Using=xpath, value=//div[@class='form-row'][1]//input[@id='option1']}\r\n\tat jdk.internal.reflect.GeneratedConstructorAccessor14.newInstance(Unknown Source)\r\n\tat java.base/jdk.internal.reflect.DelegatingConstructorAccessorImpl.newInstance(DelegatingConstructorAccessorImpl.java:45)\r\n\tat java.base/java.lang.reflect.Constructor.newInstanceWithCaller(Constructor.java:499)\r\n\tat java.base/java.lang.reflect.Constructor.newInstance(Constructor.java:480)\r\n\tat org.openqa.selenium.remote.codec.w3c.W3CHttpResponseCodec.createException(W3CHttpResponseCodec.java:196)\r\n\tat org.openqa.selenium.remote.codec.w3c.W3CHttpResponseCodec.decode(W3CHttpResponseCodec.java:129)\r\n\tat org.openqa.selenium.remote.codec.w3c.W3CHttpResponseCodec.decode(W3CHttpResponseCodec.java:53)\r\n\tat org.openqa.selenium.remote.HttpCommandExecutor.execute(HttpCommandExecutor.java:161)\r\n\tat org.openqa.selenium.remote.service.DriverCommandExecutor.execute(DriverCommandExecutor.java:83)\r\n\tat org.openqa.selenium.remote.RemoteWebDriver.execute(RemoteWebDriver.java:582)\r\n\tat org.openqa.selenium.remote.RemoteWebDriver.findElement(RemoteWebDriver.java:333)\r\n\tat org.openqa.selenium.remote.RemoteWebDriver.findElementByXPath(RemoteWebDriver.java:451)\r\n\tat org.openqa.selenium.By$ByXPath.findElement(By.java:394)\r\n\tat org.openqa.selenium.remote.RemoteWebDriver.findElement(RemoteWebDriver.java:325)\r\n\tat org.openqa.selenium.support.ui.ExpectedConditions$7.apply(ExpectedConditions.java:205)\r\n\tat org.openqa.selenium.support.ui.ExpectedConditions$7.apply(ExpectedConditions.java:201)\r\n\tat org.openqa.selenium.support.ui.FluentWait.until(FluentWait.java:211)\r\n\tat ar.com.lasegunda.paginas.PaginaBase.encontrarElemento(PaginaBase.java:86)\r\n\tat ar.com.lasegunda.paginas.PaginaBase.hacerScrollHaciaUnElemento(PaginaBase.java:246)\r\n\tat ar.com.lasegunda.paginas.PaginaBase.clickElemento(PaginaBase.java:101)\r\n\tat ar.com.lasegunda.paginas.GenericoPagina.seleccionarSembroAñoPasado(GenericoPagina.java:203)\r\n\tat ar.com.lasegunda.stepDefinitions.GenericoStep.se_completan_los_datos_del_Historial(GenericoStep.java:177)\r\n\tat java.base/jdk.internal.reflect.NativeMethodAccessorImpl.invoke0(Native Method)\r\n\tat java.base/jdk.internal.reflect.NativeMethodAccessorImpl.invoke(NativeMethodAccessorImpl.java:78)\r\n\tat java.base/jdk.internal.reflect.DelegatingMethodAccessorImpl.invoke(DelegatingMethodAccessorImpl.java:43)\r\n\tat java.base/java.lang.reflect.Method.invoke(Method.java:567)\r\n\tat io.cucumber.java.Invoker.invoke(Invoker.java:27)\r\n\tat io.cucumber.java.JavaStepDefinition.execute(JavaStepDefinition.java:27)\r\n\tat io.cucumber.core.runner.PickleStepDefinitionMatch.runStep(PickleStepDefinitionMatch.java:63)\r\n\tat io.cucumber.core.runner.TestStep.executeStep(TestStep.java:64)\r\n\tat io.cucumber.core.runner.TestStep.run(TestStep.java:49)\r\n\tat io.cucumber.core.runner.PickleStepTestStep.run(PickleStepTestStep.java:46)\r\n\tat io.cucumber.core.runner.TestCase.run(TestCase.java:51)\r\n\tat io.cucumber.core.runner.Runner.runPickle(Runner.java:67)\r\n\tat io.cucumber.junit.PickleRunners$NoStepDescriptions.run(PickleRunners.java:149)\r\n\tat io.cucumber.junit.FeatureRunner.runChild(FeatureRunner.java:83)\r\n\tat io.cucumber.junit.FeatureRunner.runChild(FeatureRunner.java:24)\r\n\tat org.junit.runners.ParentRunner$3.run(ParentRunner.java:290)\r\n\tat org.junit.runners.ParentRunner$1.schedule(ParentRunner.java:71)\r\n\tat org.junit.runners.ParentRunner.runChildren(ParentRunner.java:288)\r\n\tat org.junit.runners.ParentRunner.access$000(ParentRunner.java:58)\r\n\tat org.junit.runners.ParentRunner$2.evaluate(ParentRunner.java:268)\r\n\tat org.junit.runners.ParentRunner.run(ParentRunner.java:363)\r\n\tat io.cucumber.junit.Cucumber.runChild(Cucumber.java:185)\r\n\tat io.cucumber.junit.Cucumber.runChild(Cucumber.java:83)\r\n\tat org.junit.runners.ParentRunner$3.run(ParentRunner.java:290)\r\n\tat org.junit.runners.ParentRunner$1.schedule(ParentRunner.java:71)\r\n\tat org.junit.runners.ParentRunner.runChildren(ParentRunner.java:288)\r\n\tat org.junit.runners.ParentRunner.access$000(ParentRunner.java:58)\r\n\tat org.junit.runners.ParentRunner$2.evaluate(ParentRunner.java:268)\r\n\tat io.cucumber.junit.Cucumber$RunCucumber.evaluate(Cucumber.java:219)\r\n\tat org.junit.internal.runners.statements.RunAfters.evaluate(RunAfters.java:27)\r\n\tat org.junit.runners.ParentRunner.run(ParentRunner.java:363)\r\n\tat org.eclipse.jdt.internal.junit4.runner.JUnit4TestReference.run(JUnit4TestReference.java:93)\r\n\tat org.eclipse.jdt.internal.junit.runner.TestExecution.run(TestExecution.java:40)\r\n\tat org.eclipse.jdt.internal.junit.runner.RemoteTestRunner.runTests(RemoteTestRunner.java:529)\r\n\tat org.eclipse.jdt.internal.junit.runner.RemoteTestRunner.runTests(RemoteTestRunner.java:756)\r\n\tat org.eclipse.jdt.internal.junit.runner.RemoteTestRunner.run(RemoteTestRunner.java:452)\r\n\tat org.eclipse.jdt.internal.junit.runner.RemoteTestRunner.main(RemoteTestRunner.java:210)\r\n"},"stage":"finished","steps":[{"name":"Given  Un usuario que ingresa a la pagina \"https://segurosparametricosagro-desa.npapps.lasegunda.com.ar/\"","status":"passed","statusDetails":{"known":false,"muted":false,"flaky":false},"stage":"finished","steps":[],"attachments":[],"parameters":[],"start":1634299778411,"stop":1634299780890},{"name":"And  Completa  los campos y presiona ingresar","status":"passed","statusDetails":{"known":false,"muted":false,"flaky":false},"stage":"finished","steps":[],"attachments":[{"name":"Data table","source":"5e6dc9f5-d551-4c4c-92f6-657d0a9c65b0-attachment.csv","type":"text/tab-separated-values"}],"parameters":[],"start":1634299780891,"stop":1634299781327},{"name":"When  Completa los Datos Mimimos de Cotizacion","status":"passed","statusDetails":{"known":false,"muted":false,"flaky":false},"stage":"finished","steps":[],"attachments":[{"name":"Data table","source":"69fe7d52-b862-4a8b-a5e6-222bae3a0b38-attachment.csv","type":"text/tab-separated-values"}],"parameters":[],"start":1634299781328,"stop":1634299787946},{"name":"And  Presiona Continuar","status":"passed","statusDetails":{"known":false,"muted":false,"flaky":false},"stage":"finished","steps":[],"attachments":[],"parameters":[],"start":1634299787946,"stop":1634299788030},{"name":"And  Se logea en AON","status":"passed","statusDetails":{"known":false,"muted":false,"flaky":false},"stage":"finished","steps":[],"attachments":[],"parameters":[],"start":1634299788030,"stop":1634299788739},{"name":"And  Presiona NUEVA COTIZACION","status":"passed","statusDetails":{"known":false,"muted":false,"flaky":false},"stage":"finished","steps":[],"attachments":[],"parameters":[],"start":1634299788739,"stop":1634299789116},{"name":"When  Completa los DATOS DE LOCALIZACION DEL BIEN ASEGURABLE","status":"passed","statusDetails":{"known":false,"muted":false,"flaky":false},"stage":"finished","steps":[],"attachments":[{"name":"Data table","source":"140d300d-918d-4205-9ddb-0bef7630842d-attachment.csv","type":"text/tab-separated-values"}],"parameters":[],"start":1634299789116,"stop":1634299800790},{"name":"And  Presiona SIGUIENTE","status":"passed","statusDetails":{"known":false,"muted":false,"flaky":false},"stage":"finished","steps":[],"attachments":[],"parameters":[],"start":1634299800790,"stop":1634299801271},{"name":"When  Selecciona como cultivo la opcion \"Soja Primera\"","status":"passed","statusDetails":{"known":false,"muted":false,"flaky":false},"stage":"finished","steps":[],"attachments":[],"parameters":[],"start":1634299801271,"stop":1634299811204},{"name":"And  Completa los VALORES DEL BIEN ASEGURABLE","status":"passed","statusDetails":{"known":false,"muted":false,"flaky":false},"stage":"finished","steps":[],"attachments":[{"name":"Data table","source":"bfe24560-f220-4654-9195-c202b337c3a6-attachment.csv","type":"text/tab-separated-values"}],"parameters":[],"start":1634299811204,"stop":1634299813200},{"name":"And  Se selcciona como opcion de banda la opcion \"Doble Banda\"","status":"passed","statusDetails":{"known":false,"muted":false,"flaky":false},"stage":"finished","steps":[],"attachments":[],"parameters":[],"start":1634299813200,"stop":1634299820990},{"name":"And  Presiona Continuar","status":"passed","statusDetails":{"known":false,"muted":false,"flaky":false},"stage":"finished","steps":[],"attachments":[],"parameters":[],"start":1634299820990,"stop":1634299821124},{"name":"When  Se completan los datos del Tomador","status":"passed","statusDetails":{"known":false,"muted":false,"flaky":false},"stage":"finished","steps":[],"attachments":[{"name":"Data table","source":"5494f5bf-780e-4318-a9ed-78ba3d202319-attachment.csv","type":"text/tab-separated-values"}],"parameters":[],"start":1634299821124,"stop":1634299825829},{"name":"When  Se completan los datos del Asegurado usando datos del Tomador","status":"passed","statusDetails":{"known":false,"muted":false,"flaky":false},"stage":"finished","steps":[],"attachments":[],"parameters":[],"start":1634299825829,"stop":1634299825924},{"name":"And  Presiona Continuar","status":"passed","statusDetails":{"known":false,"muted":false,"flaky":false},"stage":"finished","steps":[],"attachments":[],"parameters":[],"start":1634299825924,"stop":1634299825987},{"name":"When  Se completan los datos del Historial","status":"broken","statusDetails":{"known":false,"muted":false,"flaky":false,"message":"Expected condition failed: waiting for visibility of element located by By.xpath: //div[@class='form-row'][1]//input[@id='option1'] (tried for 30 second(s) with 500 milliseconds interval)","trace":"org.openqa.selenium.TimeoutException: Expected condition failed: waiting for visibility of element located by By.xpath: //div[@class='form-row'][1]//input[@id='option1'] (tried for 30 second(s) with 500 milliseconds interval)\r\n\tat org.openqa.selenium.support.ui.WebDriverWait.timeoutException(WebDriverWait.java:138)\r\n\tat org.openqa.selenium.support.ui.FluentWait.until(FluentWait.java:234)\r\n\tat ar.com.lasegunda.paginas.PaginaBase.encontrarElemento(PaginaBase.java:86)\r\n\tat ar.com.lasegunda.paginas.PaginaBase.hacerScrollHaciaUnElemento(PaginaBase.java:246)\r\n\tat ar.com.lasegunda.paginas.PaginaBase.clickElemento(PaginaBase.java:101)\r\n\tat ar.com.lasegunda.paginas.GenericoPagina.seleccionarSembroAñoPasado(GenericoPagina.java:203)\r\n\tat ar.com.lasegunda.stepDefinitions.GenericoStep.se_completan_los_datos_del_Historial(GenericoStep.java:177)\r\n\tat ✽.Se completan los datos del Historial(file:///C:/Users/Nicolas/Desktop/CESIG/template_web_spring/src/test/resources/features/generico.feature:30)\r\nCaused by: org.openqa.selenium.NoSuchElementException: no such element: Unable to locate element: {\"method\":\"xpath\",\"selector\":\"//div[@class='form-row'][1]//input[@id='option1']\"}\n  (Session info: chrome=94.0.4606.71)\nFor documentation on this error, please visit: https://selenium.dev/exceptions/#no_such_element\nBuild info: version: '4.0.0-alpha-4', revision: 'c2d955b49e'\nSystem info: host: 'LAPTOP-MJUGMV72', ip: '10.8.48.13', os.name: 'Windows 10', os.arch: 'amd64', os.version: '10.0', java.version: '16.0.1'\nDriver info: org.openqa.selenium.chrome.ChromeDriver\nCapabilities {acceptInsecureCerts: false, browserName: chrome, browserVersion: 94.0.4606.71, chrome: {chromedriverVersion: 93.0.4577.63 (ff5c0da2ec0ad..., userDataDir: C:\\Users\\Nicolas\\AppData\\Lo...}, goog:chromeOptions: {debuggerAddress: localhost:55985}, javascriptEnabled: true, networkConnectionEnabled: false, pageLoadStrategy: normal, platform: WINDOWS, platformName: WINDOWS, proxy: Proxy(), setWindowRect: true, strictFileInteractability: false, timeouts: {implicit: 0, pageLoad: 300000, script: 30000}, unhandledPromptBehavior: dismiss and notify, webauthn:extension:credBlob: true, webauthn:extension:largeBlob: true, webauthn:virtualAuthenticators: true}\nSession ID: edd1c7c589fbf39b7ada1334f7b57d8a\n*** Element info: {Using=xpath, value=//div[@class='form-row'][1]//input[@id='option1']}\r\n\tat jdk.internal.reflect.GeneratedConstructorAccessor14.newInstance(Unknown Source)\r\n\tat java.base/jdk.internal.reflect.DelegatingConstructorAccessorImpl.newInstance(DelegatingConstructorAccessorImpl.java:45)\r\n\tat java.base/java.lang.reflect.Constructor.newInstanceWithCaller(Constructor.java:499)\r\n\tat java.base/java.lang.reflect.Constructor.newInstance(Constructor.java:480)\r\n\tat org.openqa.selenium.remote.codec.w3c.W3CHttpResponseCodec.createException(W3CHttpResponseCodec.java:196)\r\n\tat org.openqa.selenium.remote.codec.w3c.W3CHttpResponseCodec.decode(W3CHttpResponseCodec.java:129)\r\n\tat org.openqa.selenium.remote.codec.w3c.W3CHttpResponseCodec.decode(W3CHttpResponseCodec.java:53)\r\n\tat org.openqa.selenium.remote.HttpCommandExecutor.execute(HttpCommandExecutor.java:161)\r\n\tat org.openqa.selenium.remote.service.DriverCommandExecutor.execute(DriverCommandExecutor.java:83)\r\n\tat org.openqa.selenium.remote.RemoteWebDriver.execute(RemoteWebDriver.java:582)\r\n\tat org.openqa.selenium.remote.RemoteWebDriver.findElement(RemoteWebDriver.java:333)\r\n\tat org.openqa.selenium.remote.RemoteWebDriver.findElementByXPath(RemoteWebDriver.java:451)\r\n\tat org.openqa.selenium.By$ByXPath.findElement(By.java:394)\r\n\tat org.openqa.selenium.remote.RemoteWebDriver.findElement(RemoteWebDriver.java:325)\r\n\tat org.openqa.selenium.support.ui.ExpectedConditions$7.apply(ExpectedConditions.java:205)\r\n\tat org.openqa.selenium.support.ui.ExpectedConditions$7.apply(ExpectedConditions.java:201)\r\n\tat org.openqa.selenium.support.ui.FluentWait.until(FluentWait.java:211)\r\n\tat ar.com.lasegunda.paginas.PaginaBase.encontrarElemento(PaginaBase.java:86)\r\n\tat ar.com.lasegunda.paginas.PaginaBase.hacerScrollHaciaUnElemento(PaginaBase.java:246)\r\n\tat ar.com.lasegunda.paginas.PaginaBase.clickElemento(PaginaBase.java:101)\r\n\tat ar.com.lasegunda.paginas.GenericoPagina.seleccionarSembroAñoPasado(GenericoPagina.java:203)\r\n\tat ar.com.lasegunda.stepDefinitions.GenericoStep.se_completan_los_datos_del_Historial(GenericoStep.java:177)\r\n\tat java.base/jdk.internal.reflect.NativeMethodAccessorImpl.invoke0(Native Method)\r\n\tat java.base/jdk.internal.reflect.NativeMethodAccessorImpl.invoke(NativeMethodAccessorImpl.java:78)\r\n\tat java.base/jdk.internal.reflect.DelegatingMethodAccessorImpl.invoke(DelegatingMethodAccessorImpl.java:43)\r\n\tat java.base/java.lang.reflect.Method.invoke(Method.java:567)\r\n\tat io.cucumber.java.Invoker.invoke(Invoker.java:27)\r\n\tat io.cucumber.java.JavaStepDefinition.execute(JavaStepDefinition.java:27)\r\n\tat io.cucumber.core.runner.PickleStepDefinitionMatch.runStep(PickleStepDefinitionMatch.java:63)\r\n\tat io.cucumber.core.runner.TestStep.executeStep(TestStep.java:64)\r\n\tat io.cucumber.core.runner.TestStep.run(TestStep.java:49)\r\n\tat io.cucumber.core.runner.PickleStepTestStep.run(PickleStepTestStep.java:46)\r\n\tat io.cucumber.core.runner.TestCase.run(TestCase.java:51)\r\n\tat io.cucumber.core.runner.Runner.runPickle(Runner.java:67)\r\n\tat io.cucumber.junit.PickleRunners$NoStepDescriptions.run(PickleRunners.java:149)\r\n\tat io.cucumber.junit.FeatureRunner.runChild(FeatureRunner.java:83)\r\n\tat io.cucumber.junit.FeatureRunner.runChild(FeatureRunner.java:24)\r\n\tat org.junit.runners.ParentRunner$3.run(ParentRunner.java:290)\r\n\tat org.junit.runners.ParentRunner$1.schedule(ParentRunner.java:71)\r\n\tat org.junit.runners.ParentRunner.runChildren(ParentRunner.java:288)\r\n\tat org.junit.runners.ParentRunner.access$000(ParentRunner.java:58)\r\n\tat org.junit.runners.ParentRunner$2.evaluate(ParentRunner.java:268)\r\n\tat org.junit.runners.ParentRunner.run(ParentRunner.java:363)\r\n\tat io.cucumber.junit.Cucumber.runChild(Cucumber.java:185)\r\n\tat io.cucumber.junit.Cucumber.runChild(Cucumber.java:83)\r\n\tat org.junit.runners.ParentRunner$3.run(ParentRunner.java:290)\r\n\tat org.junit.runners.ParentRunner$1.schedule(ParentRunner.java:71)\r\n\tat org.junit.runners.ParentRunner.runChildren(ParentRunner.java:288)\r\n\tat org.junit.runners.ParentRunner.access$000(ParentRunner.java:58)\r\n\tat org.junit.runners.ParentRunner$2.evaluate(ParentRunner.java:268)\r\n\tat io.cucumber.junit.Cucumber$RunCucumber.evaluate(Cucumber.java:219)\r\n\tat org.junit.internal.runners.statements.RunAfters.evaluate(RunAfters.java:27)\r\n\tat org.junit.runners.ParentRunner.run(ParentRunner.java:363)\r\n\tat org.eclipse.jdt.internal.junit4.runner.JUnit4TestReference.run(JUnit4TestReference.java:93)\r\n\tat org.eclipse.jdt.internal.junit.runner.TestExecution.run(TestExecution.java:40)\r\n\tat org.eclipse.jdt.internal.junit.runner.RemoteTestRunner.runTests(RemoteTestRunner.java:529)\r\n\tat org.eclipse.jdt.internal.junit.runner.RemoteTestRunner.runTests(RemoteTestRunner.java:756)\r\n\tat org.eclipse.jdt.internal.junit.runner.RemoteTestRunner.run(RemoteTestRunner.java:452)\r\n\tat org.eclipse.jdt.internal.junit.runner.RemoteTestRunner.main(RemoteTestRunner.java:210)\r\n"},"stage":"finished","steps":[],"attachments":[{"name":"Data table","source":"69435cde-5c92-4444-8266-db0183a43758-attachment.csv","type":"text/tab-separated-values"},{"name":"Error","source":"ba107de2-d58a-417e-b4a0-45fcd5b0704a-attachment.txt","type":"text/plain"},{"name":"Captura de Pantalla","source":"57a09068-d1b2-485c-9c41-c5b0ca76cdcd-attachment"}],"parameters":[],"start":1634299825987,"stop":1634299857828},{"name":"And  Presiona Continuar","status":"skipped","statusDetails":{"known":false,"muted":false,"flaky":false},"stage":"finished","steps":[],"attachments":[],"parameters":[],"start":1634299857829,"stop":1634299857830},{"name":"Then  Se valida que en el Resumen se muestren correctamente los datos del bien asegurable","status":"skipped","statusDetails":{"known":false,"muted":false,"flaky":false},"stage":"finished","steps":[],"attachments":[],"parameters":[],"start":1634299857830,"stop":1634299857831},{"name":"And  Se imprime la propuesta","status":"skipped","statusDetails":{"known":false,"muted":false,"flaky":false},"stage":"finished","steps":[],"attachments":[],"parameters":[],"start":1634299857831,"stop":1634299857831}],"attachments":[],"parameters":[],"start":1634299776854,"stop":1634299857960,"uuid":"61800f39-6b18-4323-9a6f-088da70930c8","historyId":"20c2a0c4884b4fb6eec214f57d77a41d","fullName":"GRANIZO - SEGURO PARAMETRICO: Se genera una propuesta de Seguro Parametrico","labels":[{"name":"tag","value":"High"},{"name":"host","value":"LAPTOP-MJUGMV72"},{"name":"thread","value":"5712@LAPTOP-MJUGMV72.main(1)"},{"name":"feature","value":"GRANIZO - SEGURO PARAMETRICO"},{"name":"story","value":"Se genera una propuesta de Seguro Parametrico"},{"name":"suite","value":"GRANIZO - SEGURO PARAMETRICO"},{"name":"testClass","value":"Se genera una propuesta de Seguro Parametrico"},{"name":"framework","value":"cucumber4jvm"},{"name":"language","value":"java"},{"name":"gherkin_uri","value":"file:///C:/Users/Nicolas/Desktop/CESIG/template_web_spring/src/test/resources/features/generico.feature"},{"name":"package","value":"src.test.resources.features.generico_feature.GRANIZO - SEGURO PARAMETRICO"}],"links":[]}