{"name":"DENUNCIA 1: Robo rueda de auxilio","status":"broken","statusDetails":{"known":false,"muted":false,"flaky":false,"message":"Expected condition failed: waiting for visibility of element located by By.xpath: //input[@id='mat-input-5'] (tried for 30 second(s) with 500 milliseconds interval)","trace":"org.openqa.selenium.TimeoutException: Expected condition failed: waiting for visibility of element located by By.xpath: //input[@id='mat-input-5'] (tried for 30 second(s) with 500 milliseconds interval)\r\n\tat org.openqa.selenium.support.ui.WebDriverWait.timeoutException(WebDriverWait.java:138)\r\n\tat org.openqa.selenium.support.ui.FluentWait.until(FluentWait.java:234)\r\n\tat ar.com.lasegunda.paginas.PaginaBase.encontrarElemento(PaginaBase.java:127)\r\n\tat ar.com.lasegunda.paginas.PaginaBase.hacerScrollHaciaUnElemento(PaginaBase.java:277)\r\n\tat ar.com.lasegunda.paginas.PaginaBase.escribirTextoEnElemento(PaginaBase.java:165)\r\n\tat ar.com.lasegunda.paginas.GenericoPagina.ingresarFecha(GenericoPagina.java:60)\r\n\tat ar.com.lasegunda.stepDefinitions.GenericoStep.completa_los_campos_del_paso_Fecha_y_poliza_y_presiona_Siguiente(GenericoStep.java:43)\r\n\tat ✽.Completa los campos del paso Fecha y poliza y presiona Siguiente(file:///C:/Emmanuel/SQA_Automatizaciones/Template_UI_Spring/src/test/resources/features/Generico.feature:12)\r\nCaused by: org.openqa.selenium.NoSuchElementException: no such element: Unable to locate element: {\"method\":\"xpath\",\"selector\":\"//input[@id='mat-input-5']\"}\n  (Session info: chrome=84.0.4147.125)\nFor documentation on this error, please visit: https://selenium.dev/exceptions/#no_such_element\nBuild info: version: '4.0.0-alpha-4', revision: 'c2d955b49e'\nSystem info: host: 'NBEKIPPES', ip: '10.8.48.174', os.name: 'Windows 10', os.arch: 'amd64', os.version: '10.0', java.version: '1.8.0_241'\nDriver info: org.openqa.selenium.chrome.ChromeDriver\nCapabilities {acceptInsecureCerts: false, browserName: chrome, browserVersion: 84.0.4147.125, chrome: {chromedriverVersion: 84.0.4147.30 (48b3e868b4cc0..., userDataDir: C:\\Users\\EKIPPES\\AppData\\Lo...}, goog:chromeOptions: {debuggerAddress: localhost:57646}, javascriptEnabled: true, networkConnectionEnabled: false, pageLoadStrategy: normal, platform: WINDOWS, platformName: WINDOWS, proxy: Proxy(), setWindowRect: true, strictFileInteractability: false, timeouts: {implicit: 0, pageLoad: 300000, script: 30000}, unhandledPromptBehavior: dismiss and notify, webauthn:virtualAuthenticators: true}\nSession ID: c33ca73a8cb5defbd4bd53f418411f41\n*** Element info: {Using=xpath, value=//input[@id='mat-input-5']}\r\n\tat sun.reflect.GeneratedConstructorAccessor19.newInstance(Unknown Source)\r\n\tat sun.reflect.DelegatingConstructorAccessorImpl.newInstance(DelegatingConstructorAccessorImpl.java:45)\r\n\tat java.lang.reflect.Constructor.newInstance(Constructor.java:423)\r\n\tat org.openqa.selenium.remote.codec.w3c.W3CHttpResponseCodec.createException(W3CHttpResponseCodec.java:196)\r\n\tat org.openqa.selenium.remote.codec.w3c.W3CHttpResponseCodec.decode(W3CHttpResponseCodec.java:129)\r\n\tat org.openqa.selenium.remote.codec.w3c.W3CHttpResponseCodec.decode(W3CHttpResponseCodec.java:53)\r\n\tat org.openqa.selenium.remote.HttpCommandExecutor.execute(HttpCommandExecutor.java:161)\r\n\tat org.openqa.selenium.remote.service.DriverCommandExecutor.execute(DriverCommandExecutor.java:83)\r\n\tat org.openqa.selenium.remote.RemoteWebDriver.execute(RemoteWebDriver.java:582)\r\n\tat org.openqa.selenium.remote.RemoteWebDriver.findElement(RemoteWebDriver.java:333)\r\n\tat org.openqa.selenium.remote.RemoteWebDriver.findElementByXPath(RemoteWebDriver.java:451)\r\n\tat org.openqa.selenium.By$ByXPath.findElement(By.java:394)\r\n\tat org.openqa.selenium.remote.RemoteWebDriver.findElement(RemoteWebDriver.java:325)\r\n\tat org.openqa.selenium.support.ui.ExpectedConditions$7.apply(ExpectedConditions.java:205)\r\n\tat org.openqa.selenium.support.ui.ExpectedConditions$7.apply(ExpectedConditions.java:201)\r\n\tat org.openqa.selenium.support.ui.FluentWait.until(FluentWait.java:211)\r\n\tat ar.com.lasegunda.paginas.PaginaBase.encontrarElemento(PaginaBase.java:127)\r\n\tat ar.com.lasegunda.paginas.PaginaBase.hacerScrollHaciaUnElemento(PaginaBase.java:277)\r\n\tat ar.com.lasegunda.paginas.PaginaBase.escribirTextoEnElemento(PaginaBase.java:165)\r\n\tat ar.com.lasegunda.paginas.GenericoPagina.ingresarFecha(GenericoPagina.java:60)\r\n\tat ar.com.lasegunda.stepDefinitions.GenericoStep.completa_los_campos_del_paso_Fecha_y_poliza_y_presiona_Siguiente(GenericoStep.java:43)\r\n\tat sun.reflect.NativeMethodAccessorImpl.invoke0(Native Method)\r\n\tat sun.reflect.NativeMethodAccessorImpl.invoke(NativeMethodAccessorImpl.java:62)\r\n\tat sun.reflect.DelegatingMethodAccessorImpl.invoke(DelegatingMethodAccessorImpl.java:43)\r\n\tat java.lang.reflect.Method.invoke(Method.java:498)\r\n\tat io.cucumber.java.Invoker.invoke(Invoker.java:27)\r\n\tat io.cucumber.java.JavaStepDefinition.execute(JavaStepDefinition.java:27)\r\n\tat io.cucumber.core.runner.PickleStepDefinitionMatch.runStep(PickleStepDefinitionMatch.java:63)\r\n\tat io.cucumber.core.runner.TestStep.executeStep(TestStep.java:64)\r\n\tat io.cucumber.core.runner.TestStep.run(TestStep.java:49)\r\n\tat io.cucumber.core.runner.PickleStepTestStep.run(PickleStepTestStep.java:46)\r\n\tat io.cucumber.core.runner.TestCase.run(TestCase.java:51)\r\n\tat io.cucumber.core.runner.Runner.runPickle(Runner.java:67)\r\n\tat io.cucumber.junit.PickleRunners$NoStepDescriptions.run(PickleRunners.java:149)\r\n\tat io.cucumber.junit.FeatureRunner.runChild(FeatureRunner.java:83)\r\n\tat io.cucumber.junit.FeatureRunner.runChild(FeatureRunner.java:24)\r\n\tat org.junit.runners.ParentRunner$3.run(ParentRunner.java:290)\r\n\tat org.junit.runners.ParentRunner$1.schedule(ParentRunner.java:71)\r\n\tat org.junit.runners.ParentRunner.runChildren(ParentRunner.java:288)\r\n\tat org.junit.runners.ParentRunner.access$000(ParentRunner.java:58)\r\n\tat org.junit.runners.ParentRunner$2.evaluate(ParentRunner.java:268)\r\n\tat org.junit.runners.ParentRunner.run(ParentRunner.java:363)\r\n\tat io.cucumber.junit.Cucumber.runChild(Cucumber.java:185)\r\n\tat io.cucumber.junit.Cucumber.runChild(Cucumber.java:83)\r\n\tat org.junit.runners.ParentRunner$3.run(ParentRunner.java:290)\r\n\tat org.junit.runners.ParentRunner$1.schedule(ParentRunner.java:71)\r\n\tat org.junit.runners.ParentRunner.runChildren(ParentRunner.java:288)\r\n\tat org.junit.runners.ParentRunner.access$000(ParentRunner.java:58)\r\n\tat org.junit.runners.ParentRunner$2.evaluate(ParentRunner.java:268)\r\n\tat io.cucumber.junit.Cucumber$RunCucumber.evaluate(Cucumber.java:219)\r\n\tat org.junit.internal.runners.statements.RunAfters.evaluate(RunAfters.java:27)\r\n\tat org.junit.runners.ParentRunner.run(ParentRunner.java:363)\r\n\tat org.apache.maven.surefire.junit4.JUnit4Provider.execute(JUnit4Provider.java:365)\r\n\tat org.apache.maven.surefire.junit4.JUnit4Provider.executeWithRerun(JUnit4Provider.java:273)\r\n\tat org.apache.maven.surefire.junit4.JUnit4Provider.executeTestSet(JUnit4Provider.java:238)\r\n\tat org.apache.maven.surefire.junit4.JUnit4Provider.invoke(JUnit4Provider.java:159)\r\n\tat org.apache.maven.surefire.booter.ForkedBooter.invokeProviderInSameClassLoader(ForkedBooter.java:384)\r\n\tat org.apache.maven.surefire.booter.ForkedBooter.runSuitesInProcess(ForkedBooter.java:345)\r\n\tat org.apache.maven.surefire.booter.ForkedBooter.execute(ForkedBooter.java:126)\r\n\tat org.apache.maven.surefire.booter.ForkedBooter.main(ForkedBooter.java:418)\r\n"},"stage":"finished","steps":[{"name":"Given  Un usuario que ingresa a la pagina de login","status":"passed","statusDetails":{"known":false,"muted":false,"flaky":false},"stage":"finished","steps":[],"attachments":[{"name":"Data table","source":"28850a58-6c0d-4746-b834-4f085e0bd030-attachment.csv","type":"text/tab-separated-values"}],"parameters":[],"start":1597252345997,"stop":1597252349627},{"name":"When  Completa  los campos y presiona ingresar","status":"passed","statusDetails":{"known":false,"muted":false,"flaky":false},"stage":"finished","steps":[],"attachments":[{"name":"Data table","source":"2040d1eb-1e9a-4a88-9317-18614c569298-attachment.csv","type":"text/tab-separated-values"}],"parameters":[],"start":1597252349629,"stop":1597252350392},{"name":"When  Un usuario que ingresa a denunciar un siniestro","status":"passed","statusDetails":{"known":false,"muted":false,"flaky":false},"stage":"finished","steps":[],"attachments":[],"parameters":[],"start":1597252350392,"stop":1597252361918},{"name":"And  Completa los campos del paso Fecha y poliza y presiona Siguiente","status":"broken","statusDetails":{"known":false,"muted":false,"flaky":false,"message":"Expected condition failed: waiting for visibility of element located by By.xpath: //input[@id='mat-input-5'] (tried for 30 second(s) with 500 milliseconds interval)","trace":"org.openqa.selenium.TimeoutException: Expected condition failed: waiting for visibility of element located by By.xpath: //input[@id='mat-input-5'] (tried for 30 second(s) with 500 milliseconds interval)\r\n\tat org.openqa.selenium.support.ui.WebDriverWait.timeoutException(WebDriverWait.java:138)\r\n\tat org.openqa.selenium.support.ui.FluentWait.until(FluentWait.java:234)\r\n\tat ar.com.lasegunda.paginas.PaginaBase.encontrarElemento(PaginaBase.java:127)\r\n\tat ar.com.lasegunda.paginas.PaginaBase.hacerScrollHaciaUnElemento(PaginaBase.java:277)\r\n\tat ar.com.lasegunda.paginas.PaginaBase.escribirTextoEnElemento(PaginaBase.java:165)\r\n\tat ar.com.lasegunda.paginas.GenericoPagina.ingresarFecha(GenericoPagina.java:60)\r\n\tat ar.com.lasegunda.stepDefinitions.GenericoStep.completa_los_campos_del_paso_Fecha_y_poliza_y_presiona_Siguiente(GenericoStep.java:43)\r\n\tat ✽.Completa los campos del paso Fecha y poliza y presiona Siguiente(file:///C:/Emmanuel/SQA_Automatizaciones/Template_UI_Spring/src/test/resources/features/Generico.feature:12)\r\nCaused by: org.openqa.selenium.NoSuchElementException: no such element: Unable to locate element: {\"method\":\"xpath\",\"selector\":\"//input[@id='mat-input-5']\"}\n  (Session info: chrome=84.0.4147.125)\nFor documentation on this error, please visit: https://selenium.dev/exceptions/#no_such_element\nBuild info: version: '4.0.0-alpha-4', revision: 'c2d955b49e'\nSystem info: host: 'NBEKIPPES', ip: '10.8.48.174', os.name: 'Windows 10', os.arch: 'amd64', os.version: '10.0', java.version: '1.8.0_241'\nDriver info: org.openqa.selenium.chrome.ChromeDriver\nCapabilities {acceptInsecureCerts: false, browserName: chrome, browserVersion: 84.0.4147.125, chrome: {chromedriverVersion: 84.0.4147.30 (48b3e868b4cc0..., userDataDir: C:\\Users\\EKIPPES\\AppData\\Lo...}, goog:chromeOptions: {debuggerAddress: localhost:57646}, javascriptEnabled: true, networkConnectionEnabled: false, pageLoadStrategy: normal, platform: WINDOWS, platformName: WINDOWS, proxy: Proxy(), setWindowRect: true, strictFileInteractability: false, timeouts: {implicit: 0, pageLoad: 300000, script: 30000}, unhandledPromptBehavior: dismiss and notify, webauthn:virtualAuthenticators: true}\nSession ID: c33ca73a8cb5defbd4bd53f418411f41\n*** Element info: {Using=xpath, value=//input[@id='mat-input-5']}\r\n\tat sun.reflect.GeneratedConstructorAccessor19.newInstance(Unknown Source)\r\n\tat sun.reflect.DelegatingConstructorAccessorImpl.newInstance(DelegatingConstructorAccessorImpl.java:45)\r\n\tat java.lang.reflect.Constructor.newInstance(Constructor.java:423)\r\n\tat org.openqa.selenium.remote.codec.w3c.W3CHttpResponseCodec.createException(W3CHttpResponseCodec.java:196)\r\n\tat org.openqa.selenium.remote.codec.w3c.W3CHttpResponseCodec.decode(W3CHttpResponseCodec.java:129)\r\n\tat org.openqa.selenium.remote.codec.w3c.W3CHttpResponseCodec.decode(W3CHttpResponseCodec.java:53)\r\n\tat org.openqa.selenium.remote.HttpCommandExecutor.execute(HttpCommandExecutor.java:161)\r\n\tat org.openqa.selenium.remote.service.DriverCommandExecutor.execute(DriverCommandExecutor.java:83)\r\n\tat org.openqa.selenium.remote.RemoteWebDriver.execute(RemoteWebDriver.java:582)\r\n\tat org.openqa.selenium.remote.RemoteWebDriver.findElement(RemoteWebDriver.java:333)\r\n\tat org.openqa.selenium.remote.RemoteWebDriver.findElementByXPath(RemoteWebDriver.java:451)\r\n\tat org.openqa.selenium.By$ByXPath.findElement(By.java:394)\r\n\tat org.openqa.selenium.remote.RemoteWebDriver.findElement(RemoteWebDriver.java:325)\r\n\tat org.openqa.selenium.support.ui.ExpectedConditions$7.apply(ExpectedConditions.java:205)\r\n\tat org.openqa.selenium.support.ui.ExpectedConditions$7.apply(ExpectedConditions.java:201)\r\n\tat org.openqa.selenium.support.ui.FluentWait.until(FluentWait.java:211)\r\n\tat ar.com.lasegunda.paginas.PaginaBase.encontrarElemento(PaginaBase.java:127)\r\n\tat ar.com.lasegunda.paginas.PaginaBase.hacerScrollHaciaUnElemento(PaginaBase.java:277)\r\n\tat ar.com.lasegunda.paginas.PaginaBase.escribirTextoEnElemento(PaginaBase.java:165)\r\n\tat ar.com.lasegunda.paginas.GenericoPagina.ingresarFecha(GenericoPagina.java:60)\r\n\tat ar.com.lasegunda.stepDefinitions.GenericoStep.completa_los_campos_del_paso_Fecha_y_poliza_y_presiona_Siguiente(GenericoStep.java:43)\r\n\tat sun.reflect.NativeMethodAccessorImpl.invoke0(Native Method)\r\n\tat sun.reflect.NativeMethodAccessorImpl.invoke(NativeMethodAccessorImpl.java:62)\r\n\tat sun.reflect.DelegatingMethodAccessorImpl.invoke(DelegatingMethodAccessorImpl.java:43)\r\n\tat java.lang.reflect.Method.invoke(Method.java:498)\r\n\tat io.cucumber.java.Invoker.invoke(Invoker.java:27)\r\n\tat io.cucumber.java.JavaStepDefinition.execute(JavaStepDefinition.java:27)\r\n\tat io.cucumber.core.runner.PickleStepDefinitionMatch.runStep(PickleStepDefinitionMatch.java:63)\r\n\tat io.cucumber.core.runner.TestStep.executeStep(TestStep.java:64)\r\n\tat io.cucumber.core.runner.TestStep.run(TestStep.java:49)\r\n\tat io.cucumber.core.runner.PickleStepTestStep.run(PickleStepTestStep.java:46)\r\n\tat io.cucumber.core.runner.TestCase.run(TestCase.java:51)\r\n\tat io.cucumber.core.runner.Runner.runPickle(Runner.java:67)\r\n\tat io.cucumber.junit.PickleRunners$NoStepDescriptions.run(PickleRunners.java:149)\r\n\tat io.cucumber.junit.FeatureRunner.runChild(FeatureRunner.java:83)\r\n\tat io.cucumber.junit.FeatureRunner.runChild(FeatureRunner.java:24)\r\n\tat org.junit.runners.ParentRunner$3.run(ParentRunner.java:290)\r\n\tat org.junit.runners.ParentRunner$1.schedule(ParentRunner.java:71)\r\n\tat org.junit.runners.ParentRunner.runChildren(ParentRunner.java:288)\r\n\tat org.junit.runners.ParentRunner.access$000(ParentRunner.java:58)\r\n\tat org.junit.runners.ParentRunner$2.evaluate(ParentRunner.java:268)\r\n\tat org.junit.runners.ParentRunner.run(ParentRunner.java:363)\r\n\tat io.cucumber.junit.Cucumber.runChild(Cucumber.java:185)\r\n\tat io.cucumber.junit.Cucumber.runChild(Cucumber.java:83)\r\n\tat org.junit.runners.ParentRunner$3.run(ParentRunner.java:290)\r\n\tat org.junit.runners.ParentRunner$1.schedule(ParentRunner.java:71)\r\n\tat org.junit.runners.ParentRunner.runChildren(ParentRunner.java:288)\r\n\tat org.junit.runners.ParentRunner.access$000(ParentRunner.java:58)\r\n\tat org.junit.runners.ParentRunner$2.evaluate(ParentRunner.java:268)\r\n\tat io.cucumber.junit.Cucumber$RunCucumber.evaluate(Cucumber.java:219)\r\n\tat org.junit.internal.runners.statements.RunAfters.evaluate(RunAfters.java:27)\r\n\tat org.junit.runners.ParentRunner.run(ParentRunner.java:363)\r\n\tat org.apache.maven.surefire.junit4.JUnit4Provider.execute(JUnit4Provider.java:365)\r\n\tat org.apache.maven.surefire.junit4.JUnit4Provider.executeWithRerun(JUnit4Provider.java:273)\r\n\tat org.apache.maven.surefire.junit4.JUnit4Provider.executeTestSet(JUnit4Provider.java:238)\r\n\tat org.apache.maven.surefire.junit4.JUnit4Provider.invoke(JUnit4Provider.java:159)\r\n\tat org.apache.maven.surefire.booter.ForkedBooter.invokeProviderInSameClassLoader(ForkedBooter.java:384)\r\n\tat org.apache.maven.surefire.booter.ForkedBooter.runSuitesInProcess(ForkedBooter.java:345)\r\n\tat org.apache.maven.surefire.booter.ForkedBooter.execute(ForkedBooter.java:126)\r\n\tat org.apache.maven.surefire.booter.ForkedBooter.main(ForkedBooter.java:418)\r\n"},"stage":"finished","steps":[],"attachments":[{"name":"Data table","source":"630481b4-66a4-49e2-bdf0-57088608739b-attachment.csv","type":"text/tab-separated-values"},{"name":"Error","source":"58747b21-d62e-4a28-a9d2-9c88b66a9c90-attachment.txt","type":"text/plain"},{"name":"Captura de Pantalla","source":"c1c9816a-47fb-47f2-ad82-3ed2311af3dd-attachment"}],"parameters":[],"start":1597252361918,"stop":1597252392711},{"name":"And  Selecciona en el paso Tipo de siniestro \"ROBO_RUEDAS\" y presiona Siguiente","status":"skipped","statusDetails":{"known":false,"muted":false,"flaky":false},"stage":"finished","steps":[],"attachments":[],"parameters":[],"start":1597252392711,"stop":1597252392713},{"name":"And  Completa los campos del paso Detalle del siniesto y presiona Siguiente","status":"skipped","statusDetails":{"known":false,"muted":false,"flaky":false},"stage":"finished","steps":[],"attachments":[{"name":"Data table","source":"d36186a6-e123-4531-a5ae-0d832cb72e46-attachment.csv","type":"text/tab-separated-values"}],"parameters":[],"start":1597252392713,"stop":1597252392715},{"name":"And  Completa los campos del paso Daños y presiona Siguiente","status":"skipped","statusDetails":{"known":false,"muted":false,"flaky":false},"stage":"finished","steps":[],"attachments":[{"name":"Data table","source":"19e28a3a-9761-4ae8-a3a0-f4c68abb49e5-attachment.csv","type":"text/tab-separated-values"}],"parameters":[],"start":1597252392715,"stop":1597252392716},{"name":"And  Completa los campos del paso Documentos y presiona Siguiente","status":"skipped","statusDetails":{"known":false,"muted":false,"flaky":false},"stage":"finished","steps":[],"attachments":[{"name":"Data table","source":"53624b5c-adcd-41fa-95a7-dafe5fdcd9bf-attachment.csv","type":"text/tab-separated-values"}],"parameters":[],"start":1597252392717,"stop":1597252392718},{"name":"And  En el paso Testigos y lesionados presiona Siguiente","status":"skipped","statusDetails":{"known":false,"muted":false,"flaky":false},"stage":"finished","steps":[],"attachments":[],"parameters":[],"start":1597252392718,"stop":1597252392719},{"name":"And  Completa los campos del paso Informacion de contacto y presiona Siguiente","status":"skipped","statusDetails":{"known":false,"muted":false,"flaky":false},"stage":"finished","steps":[],"attachments":[{"name":"Data table","source":"f26143fa-8720-45c9-8783-95e063586021-attachment.csv","type":"text/tab-separated-values"}],"parameters":[],"start":1597252392719,"stop":1597252392721},{"name":"When  Presiona Enviar","status":"skipped","statusDetails":{"known":false,"muted":false,"flaky":false},"stage":"finished","steps":[],"attachments":[],"parameters":[],"start":1597252392721,"stop":1597252392721},{"name":"Then  Visualiza el mensaje","status":"skipped","statusDetails":{"known":false,"muted":false,"flaky":false},"stage":"finished","steps":[],"attachments":[],"parameters":[],"start":1597252392721,"stop":1597252392722},{"name":"And  Presiona el boton para cerrar sesion","status":"skipped","statusDetails":{"known":false,"muted":false,"flaky":false},"stage":"finished","steps":[],"attachments":[],"parameters":[],"start":1597252392722,"stop":1597252392722}],"attachments":[],"parameters":[],"start":1597252340686,"stop":1597252393141,"uuid":"862880d1-a68d-4410-a3a2-d6b610ecf090","historyId":"b91a12ce8ee3d8399cc14326a9e9ea1b","fullName":"PORTAL DEL ASEGURADO - SINIESTROS - ROBO DE RUEDAS: DENUNCIA 1: Robo rueda de auxilio","labels":[{"name":"tag","value":"High"},{"name":"host","value":"NBEKIPPES"},{"name":"thread","value":"36084@NBEKIPPES.main(1)"},{"name":"feature","value":"PORTAL DEL ASEGURADO - SINIESTROS - ROBO DE RUEDAS"},{"name":"story","value":"DENUNCIA 1: Robo rueda de auxilio"},{"name":"suite","value":"PORTAL DEL ASEGURADO - SINIESTROS - ROBO DE RUEDAS"},{"name":"testClass","value":"DENUNCIA 1: Robo rueda de auxilio"},{"name":"framework","value":"cucumber4jvm"},{"name":"language","value":"java"},{"name":"gherkin_uri","value":"file:///C:/Emmanuel/SQA_Automatizaciones/Template_UI_Spring/src/test/resources/features/Generico.feature"},{"name":"package","value":"src.test.resources.features.Generico_feature.PORTAL DEL ASEGURADO - SINIESTROS - ROBO DE RUEDAS"}],"links":[]}