{"name":"Se genera una propuesta de Seguro Parametrico","status":"broken","statusDetails":{"known":false,"muted":false,"flaky":false,"message":"Expected condition failed: waiting for visibility of element located by By.xpath: //input[@id='username'] (tried for 30 second(s) with 500 milliseconds interval)","trace":"org.openqa.selenium.TimeoutException: Expected condition failed: waiting for visibility of element located by By.xpath: //input[@id='username'] (tried for 30 second(s) with 500 milliseconds interval)\r\n\tat org.openqa.selenium.support.ui.WebDriverWait.timeoutException(WebDriverWait.java:138)\r\n\tat org.openqa.selenium.support.ui.FluentWait.until(FluentWait.java:234)\r\n\tat ar.com.lasegunda.paginas.PaginaBase.encontrarElemento(PaginaBase.java:86)\r\n\tat ar.com.lasegunda.paginas.PaginaBase.hacerScrollHaciaUnElemento(PaginaBase.java:207)\r\n\tat ar.com.lasegunda.paginas.PaginaBase.escribirTextoEnElemento(PaginaBase.java:118)\r\n\tat ar.com.lasegunda.paginas.Login.ingresarUsuario(Login.java:45)\r\n\tat ar.com.lasegunda.stepDefinitions.LoginStep.chanchada(LoginStep.java:32)\r\n\tat ✽.Chanchada \"https://agro-lasegunda-dev.aon-cap.com/\"(file:///C:/Users/Nicolas/Desktop/CESIG/template_web_spring/src/test/resources/features/Generico.feature:5)\r\nCaused by: org.openqa.selenium.NoSuchElementException: no such element: Unable to locate element: {\"method\":\"xpath\",\"selector\":\"//input[@id='username']\"}\n  (Session info: chrome=93.0.4577.82)\nFor documentation on this error, please visit: https://selenium.dev/exceptions/#no_such_element\nBuild info: version: '4.0.0-alpha-4', revision: 'c2d955b49e'\nSystem info: host: 'LAPTOP-MJUGMV72', ip: '10.8.48.251', os.name: 'Windows 10', os.arch: 'amd64', os.version: '10.0', java.version: '16.0.1'\nDriver info: org.openqa.selenium.chrome.ChromeDriver\nCapabilities {acceptInsecureCerts: false, browserName: chrome, browserVersion: 93.0.4577.82, chrome: {chromedriverVersion: 93.0.4577.63 (ff5c0da2ec0ad..., userDataDir: C:\\Users\\Nicolas\\AppData\\Lo...}, goog:chromeOptions: {debuggerAddress: localhost:60144}, javascriptEnabled: true, networkConnectionEnabled: false, pageLoadStrategy: normal, platform: WINDOWS, platformName: WINDOWS, proxy: Proxy(), setWindowRect: true, strictFileInteractability: false, timeouts: {implicit: 0, pageLoad: 300000, script: 30000}, unhandledPromptBehavior: dismiss and notify, webauthn:extension:credBlob: true, webauthn:extension:largeBlob: true, webauthn:virtualAuthenticators: true}\nSession ID: 28f1a57a455b44ca261c27875aed4295\n*** Element info: {Using=xpath, value=//input[@id='username']}\r\n\tat jdk.internal.reflect.GeneratedConstructorAccessor12.newInstance(Unknown Source)\r\n\tat java.base/jdk.internal.reflect.DelegatingConstructorAccessorImpl.newInstance(DelegatingConstructorAccessorImpl.java:45)\r\n\tat java.base/java.lang.reflect.Constructor.newInstanceWithCaller(Constructor.java:499)\r\n\tat java.base/java.lang.reflect.Constructor.newInstance(Constructor.java:480)\r\n\tat org.openqa.selenium.remote.codec.w3c.W3CHttpResponseCodec.createException(W3CHttpResponseCodec.java:196)\r\n\tat org.openqa.selenium.remote.codec.w3c.W3CHttpResponseCodec.decode(W3CHttpResponseCodec.java:129)\r\n\tat org.openqa.selenium.remote.codec.w3c.W3CHttpResponseCodec.decode(W3CHttpResponseCodec.java:53)\r\n\tat org.openqa.selenium.remote.HttpCommandExecutor.execute(HttpCommandExecutor.java:161)\r\n\tat org.openqa.selenium.remote.service.DriverCommandExecutor.execute(DriverCommandExecutor.java:83)\r\n\tat org.openqa.selenium.remote.RemoteWebDriver.execute(RemoteWebDriver.java:582)\r\n\tat org.openqa.selenium.remote.RemoteWebDriver.findElement(RemoteWebDriver.java:333)\r\n\tat org.openqa.selenium.remote.RemoteWebDriver.findElementByXPath(RemoteWebDriver.java:451)\r\n\tat org.openqa.selenium.By$ByXPath.findElement(By.java:394)\r\n\tat org.openqa.selenium.remote.RemoteWebDriver.findElement(RemoteWebDriver.java:325)\r\n\tat org.openqa.selenium.support.ui.ExpectedConditions$7.apply(ExpectedConditions.java:205)\r\n\tat org.openqa.selenium.support.ui.ExpectedConditions$7.apply(ExpectedConditions.java:201)\r\n\tat org.openqa.selenium.support.ui.FluentWait.until(FluentWait.java:211)\r\n\tat ar.com.lasegunda.paginas.PaginaBase.encontrarElemento(PaginaBase.java:86)\r\n\tat ar.com.lasegunda.paginas.PaginaBase.hacerScrollHaciaUnElemento(PaginaBase.java:207)\r\n\tat ar.com.lasegunda.paginas.PaginaBase.escribirTextoEnElemento(PaginaBase.java:118)\r\n\tat ar.com.lasegunda.paginas.Login.ingresarUsuario(Login.java:45)\r\n\tat ar.com.lasegunda.stepDefinitions.LoginStep.chanchada(LoginStep.java:32)\r\n\tat java.base/jdk.internal.reflect.NativeMethodAccessorImpl.invoke0(Native Method)\r\n\tat java.base/jdk.internal.reflect.NativeMethodAccessorImpl.invoke(NativeMethodAccessorImpl.java:78)\r\n\tat java.base/jdk.internal.reflect.DelegatingMethodAccessorImpl.invoke(DelegatingMethodAccessorImpl.java:43)\r\n\tat java.base/java.lang.reflect.Method.invoke(Method.java:567)\r\n\tat io.cucumber.java.Invoker.invoke(Invoker.java:27)\r\n\tat io.cucumber.java.JavaStepDefinition.execute(JavaStepDefinition.java:27)\r\n\tat io.cucumber.core.runner.PickleStepDefinitionMatch.runStep(PickleStepDefinitionMatch.java:63)\r\n\tat io.cucumber.core.runner.TestStep.executeStep(TestStep.java:64)\r\n\tat io.cucumber.core.runner.TestStep.run(TestStep.java:49)\r\n\tat io.cucumber.core.runner.PickleStepTestStep.run(PickleStepTestStep.java:46)\r\n\tat io.cucumber.core.runner.TestCase.run(TestCase.java:51)\r\n\tat io.cucumber.core.runner.Runner.runPickle(Runner.java:67)\r\n\tat io.cucumber.junit.PickleRunners$NoStepDescriptions.run(PickleRunners.java:149)\r\n\tat io.cucumber.junit.FeatureRunner.runChild(FeatureRunner.java:83)\r\n\tat io.cucumber.junit.FeatureRunner.runChild(FeatureRunner.java:24)\r\n\tat org.junit.runners.ParentRunner$3.run(ParentRunner.java:290)\r\n\tat org.junit.runners.ParentRunner$1.schedule(ParentRunner.java:71)\r\n\tat org.junit.runners.ParentRunner.runChildren(ParentRunner.java:288)\r\n\tat org.junit.runners.ParentRunner.access$000(ParentRunner.java:58)\r\n\tat org.junit.runners.ParentRunner$2.evaluate(ParentRunner.java:268)\r\n\tat org.junit.runners.ParentRunner.run(ParentRunner.java:363)\r\n\tat io.cucumber.junit.Cucumber.runChild(Cucumber.java:185)\r\n\tat io.cucumber.junit.Cucumber.runChild(Cucumber.java:83)\r\n\tat org.junit.runners.ParentRunner$3.run(ParentRunner.java:290)\r\n\tat org.junit.runners.ParentRunner$1.schedule(ParentRunner.java:71)\r\n\tat org.junit.runners.ParentRunner.runChildren(ParentRunner.java:288)\r\n\tat org.junit.runners.ParentRunner.access$000(ParentRunner.java:58)\r\n\tat org.junit.runners.ParentRunner$2.evaluate(ParentRunner.java:268)\r\n\tat io.cucumber.junit.Cucumber$RunCucumber.evaluate(Cucumber.java:219)\r\n\tat org.junit.internal.runners.statements.RunAfters.evaluate(RunAfters.java:27)\r\n\tat org.junit.runners.ParentRunner.run(ParentRunner.java:363)\r\n\tat org.eclipse.jdt.internal.junit4.runner.JUnit4TestReference.run(JUnit4TestReference.java:93)\r\n\tat org.eclipse.jdt.internal.junit.runner.TestExecution.run(TestExecution.java:40)\r\n\tat org.eclipse.jdt.internal.junit.runner.RemoteTestRunner.runTests(RemoteTestRunner.java:529)\r\n\tat org.eclipse.jdt.internal.junit.runner.RemoteTestRunner.runTests(RemoteTestRunner.java:756)\r\n\tat org.eclipse.jdt.internal.junit.runner.RemoteTestRunner.run(RemoteTestRunner.java:452)\r\n\tat org.eclipse.jdt.internal.junit.runner.RemoteTestRunner.main(RemoteTestRunner.java:210)\r\n"},"stage":"finished","steps":[{"name":"Given  Chanchada \"https://agro-lasegunda-dev.aon-cap.com/\"","status":"broken","statusDetails":{"known":false,"muted":false,"flaky":false,"message":"Expected condition failed: waiting for visibility of element located by By.xpath: //input[@id='username'] (tried for 30 second(s) with 500 milliseconds interval)","trace":"org.openqa.selenium.TimeoutException: Expected condition failed: waiting for visibility of element located by By.xpath: //input[@id='username'] (tried for 30 second(s) with 500 milliseconds interval)\r\n\tat org.openqa.selenium.support.ui.WebDriverWait.timeoutException(WebDriverWait.java:138)\r\n\tat org.openqa.selenium.support.ui.FluentWait.until(FluentWait.java:234)\r\n\tat ar.com.lasegunda.paginas.PaginaBase.encontrarElemento(PaginaBase.java:86)\r\n\tat ar.com.lasegunda.paginas.PaginaBase.hacerScrollHaciaUnElemento(PaginaBase.java:207)\r\n\tat ar.com.lasegunda.paginas.PaginaBase.escribirTextoEnElemento(PaginaBase.java:118)\r\n\tat ar.com.lasegunda.paginas.Login.ingresarUsuario(Login.java:45)\r\n\tat ar.com.lasegunda.stepDefinitions.LoginStep.chanchada(LoginStep.java:32)\r\n\tat ✽.Chanchada \"https://agro-lasegunda-dev.aon-cap.com/\"(file:///C:/Users/Nicolas/Desktop/CESIG/template_web_spring/src/test/resources/features/Generico.feature:5)\r\nCaused by: org.openqa.selenium.NoSuchElementException: no such element: Unable to locate element: {\"method\":\"xpath\",\"selector\":\"//input[@id='username']\"}\n  (Session info: chrome=93.0.4577.82)\nFor documentation on this error, please visit: https://selenium.dev/exceptions/#no_such_element\nBuild info: version: '4.0.0-alpha-4', revision: 'c2d955b49e'\nSystem info: host: 'LAPTOP-MJUGMV72', ip: '10.8.48.251', os.name: 'Windows 10', os.arch: 'amd64', os.version: '10.0', java.version: '16.0.1'\nDriver info: org.openqa.selenium.chrome.ChromeDriver\nCapabilities {acceptInsecureCerts: false, browserName: chrome, browserVersion: 93.0.4577.82, chrome: {chromedriverVersion: 93.0.4577.63 (ff5c0da2ec0ad..., userDataDir: C:\\Users\\Nicolas\\AppData\\Lo...}, goog:chromeOptions: {debuggerAddress: localhost:60144}, javascriptEnabled: true, networkConnectionEnabled: false, pageLoadStrategy: normal, platform: WINDOWS, platformName: WINDOWS, proxy: Proxy(), setWindowRect: true, strictFileInteractability: false, timeouts: {implicit: 0, pageLoad: 300000, script: 30000}, unhandledPromptBehavior: dismiss and notify, webauthn:extension:credBlob: true, webauthn:extension:largeBlob: true, webauthn:virtualAuthenticators: true}\nSession ID: 28f1a57a455b44ca261c27875aed4295\n*** Element info: {Using=xpath, value=//input[@id='username']}\r\n\tat jdk.internal.reflect.GeneratedConstructorAccessor12.newInstance(Unknown Source)\r\n\tat java.base/jdk.internal.reflect.DelegatingConstructorAccessorImpl.newInstance(DelegatingConstructorAccessorImpl.java:45)\r\n\tat java.base/java.lang.reflect.Constructor.newInstanceWithCaller(Constructor.java:499)\r\n\tat java.base/java.lang.reflect.Constructor.newInstance(Constructor.java:480)\r\n\tat org.openqa.selenium.remote.codec.w3c.W3CHttpResponseCodec.createException(W3CHttpResponseCodec.java:196)\r\n\tat org.openqa.selenium.remote.codec.w3c.W3CHttpResponseCodec.decode(W3CHttpResponseCodec.java:129)\r\n\tat org.openqa.selenium.remote.codec.w3c.W3CHttpResponseCodec.decode(W3CHttpResponseCodec.java:53)\r\n\tat org.openqa.selenium.remote.HttpCommandExecutor.execute(HttpCommandExecutor.java:161)\r\n\tat org.openqa.selenium.remote.service.DriverCommandExecutor.execute(DriverCommandExecutor.java:83)\r\n\tat org.openqa.selenium.remote.RemoteWebDriver.execute(RemoteWebDriver.java:582)\r\n\tat org.openqa.selenium.remote.RemoteWebDriver.findElement(RemoteWebDriver.java:333)\r\n\tat org.openqa.selenium.remote.RemoteWebDriver.findElementByXPath(RemoteWebDriver.java:451)\r\n\tat org.openqa.selenium.By$ByXPath.findElement(By.java:394)\r\n\tat org.openqa.selenium.remote.RemoteWebDriver.findElement(RemoteWebDriver.java:325)\r\n\tat org.openqa.selenium.support.ui.ExpectedConditions$7.apply(ExpectedConditions.java:205)\r\n\tat org.openqa.selenium.support.ui.ExpectedConditions$7.apply(ExpectedConditions.java:201)\r\n\tat org.openqa.selenium.support.ui.FluentWait.until(FluentWait.java:211)\r\n\tat ar.com.lasegunda.paginas.PaginaBase.encontrarElemento(PaginaBase.java:86)\r\n\tat ar.com.lasegunda.paginas.PaginaBase.hacerScrollHaciaUnElemento(PaginaBase.java:207)\r\n\tat ar.com.lasegunda.paginas.PaginaBase.escribirTextoEnElemento(PaginaBase.java:118)\r\n\tat ar.com.lasegunda.paginas.Login.ingresarUsuario(Login.java:45)\r\n\tat ar.com.lasegunda.stepDefinitions.LoginStep.chanchada(LoginStep.java:32)\r\n\tat java.base/jdk.internal.reflect.NativeMethodAccessorImpl.invoke0(Native Method)\r\n\tat java.base/jdk.internal.reflect.NativeMethodAccessorImpl.invoke(NativeMethodAccessorImpl.java:78)\r\n\tat java.base/jdk.internal.reflect.DelegatingMethodAccessorImpl.invoke(DelegatingMethodAccessorImpl.java:43)\r\n\tat java.base/java.lang.reflect.Method.invoke(Method.java:567)\r\n\tat io.cucumber.java.Invoker.invoke(Invoker.java:27)\r\n\tat io.cucumber.java.JavaStepDefinition.execute(JavaStepDefinition.java:27)\r\n\tat io.cucumber.core.runner.PickleStepDefinitionMatch.runStep(PickleStepDefinitionMatch.java:63)\r\n\tat io.cucumber.core.runner.TestStep.executeStep(TestStep.java:64)\r\n\tat io.cucumber.core.runner.TestStep.run(TestStep.java:49)\r\n\tat io.cucumber.core.runner.PickleStepTestStep.run(PickleStepTestStep.java:46)\r\n\tat io.cucumber.core.runner.TestCase.run(TestCase.java:51)\r\n\tat io.cucumber.core.runner.Runner.runPickle(Runner.java:67)\r\n\tat io.cucumber.junit.PickleRunners$NoStepDescriptions.run(PickleRunners.java:149)\r\n\tat io.cucumber.junit.FeatureRunner.runChild(FeatureRunner.java:83)\r\n\tat io.cucumber.junit.FeatureRunner.runChild(FeatureRunner.java:24)\r\n\tat org.junit.runners.ParentRunner$3.run(ParentRunner.java:290)\r\n\tat org.junit.runners.ParentRunner$1.schedule(ParentRunner.java:71)\r\n\tat org.junit.runners.ParentRunner.runChildren(ParentRunner.java:288)\r\n\tat org.junit.runners.ParentRunner.access$000(ParentRunner.java:58)\r\n\tat org.junit.runners.ParentRunner$2.evaluate(ParentRunner.java:268)\r\n\tat org.junit.runners.ParentRunner.run(ParentRunner.java:363)\r\n\tat io.cucumber.junit.Cucumber.runChild(Cucumber.java:185)\r\n\tat io.cucumber.junit.Cucumber.runChild(Cucumber.java:83)\r\n\tat org.junit.runners.ParentRunner$3.run(ParentRunner.java:290)\r\n\tat org.junit.runners.ParentRunner$1.schedule(ParentRunner.java:71)\r\n\tat org.junit.runners.ParentRunner.runChildren(ParentRunner.java:288)\r\n\tat org.junit.runners.ParentRunner.access$000(ParentRunner.java:58)\r\n\tat org.junit.runners.ParentRunner$2.evaluate(ParentRunner.java:268)\r\n\tat io.cucumber.junit.Cucumber$RunCucumber.evaluate(Cucumber.java:219)\r\n\tat org.junit.internal.runners.statements.RunAfters.evaluate(RunAfters.java:27)\r\n\tat org.junit.runners.ParentRunner.run(ParentRunner.java:363)\r\n\tat org.eclipse.jdt.internal.junit4.runner.JUnit4TestReference.run(JUnit4TestReference.java:93)\r\n\tat org.eclipse.jdt.internal.junit.runner.TestExecution.run(TestExecution.java:40)\r\n\tat org.eclipse.jdt.internal.junit.runner.RemoteTestRunner.runTests(RemoteTestRunner.java:529)\r\n\tat org.eclipse.jdt.internal.junit.runner.RemoteTestRunner.runTests(RemoteTestRunner.java:756)\r\n\tat org.eclipse.jdt.internal.junit.runner.RemoteTestRunner.run(RemoteTestRunner.java:452)\r\n\tat org.eclipse.jdt.internal.junit.runner.RemoteTestRunner.main(RemoteTestRunner.java:210)\r\n"},"stage":"finished","steps":[],"attachments":[{"name":"Error","source":"99d6df71-0b80-48e4-bb2d-27acd2ca8ca8-attachment.txt","type":"text/plain"},{"name":"Captura de Pantalla","source":"031b7eae-05ef-42f2-8d63-a3de96a15b23-attachment"}],"parameters":[],"start":1632494874332,"stop":1632494907101},{"name":"Given  Un usuario que ingresa a la pagina \"https://segurosparametricosagro-desa.npapps.lasegunda.com.ar/\"","status":"skipped","statusDetails":{"known":false,"muted":false,"flaky":false},"stage":"finished","steps":[],"attachments":[],"parameters":[],"start":1632494907102,"stop":1632494907103},{"name":"And  Completa  los campos y presiona ingresar","status":"skipped","statusDetails":{"known":false,"muted":false,"flaky":false},"stage":"finished","steps":[],"attachments":[{"name":"Data table","source":"c27b31df-d396-4a5d-ae5a-2096988d1af7-attachment.csv","type":"text/tab-separated-values"}],"parameters":[],"start":1632494907103,"stop":1632494907105},{"name":"When  Completa los Datos Mimimos de Cotizacion","status":"skipped","statusDetails":{"known":false,"muted":false,"flaky":false},"stage":"finished","steps":[],"attachments":[{"name":"Data table","source":"7e7f793f-a381-4156-92b4-104983affb09-attachment.csv","type":"text/tab-separated-values"}],"parameters":[],"start":1632494907106,"stop":1632494907108},{"name":"And  Presiona Continuar","status":"skipped","statusDetails":{"known":false,"muted":false,"flaky":false},"stage":"finished","steps":[],"attachments":[],"parameters":[],"start":1632494907108,"stop":1632494907108},{"name":"And  Presiona NUEVA COTIZACION","status":"skipped","statusDetails":{"known":false,"muted":false,"flaky":false},"stage":"finished","steps":[],"attachments":[],"parameters":[],"start":1632494907109,"stop":1632494907109},{"name":"When  Completa los DATOS DE LOCALIZACION DEL BIEN ASEGURABLE","status":"skipped","statusDetails":{"known":false,"muted":false,"flaky":false},"stage":"finished","steps":[],"attachments":[{"name":"Data table","source":"8ef52719-17ab-47a2-afb0-976ad9b6f02f-attachment.csv","type":"text/tab-separated-values"}],"parameters":[],"start":1632494907109,"stop":1632494907111},{"name":"And  Presiona SIGUIENTE","status":"skipped","statusDetails":{"known":false,"muted":false,"flaky":false},"stage":"finished","steps":[],"attachments":[],"parameters":[],"start":1632494907111,"stop":1632494907111},{"name":"When  Selecciona como cultivo la opcion \"Soja Primera\"","status":"skipped","statusDetails":{"known":false,"muted":false,"flaky":false},"stage":"finished","steps":[],"attachments":[],"parameters":[],"start":1632494907111,"stop":1632494907112},{"name":"And  Completa los VALORES DEL BIEN ASEGURABLE","status":"skipped","statusDetails":{"known":false,"muted":false,"flaky":false},"stage":"finished","steps":[],"attachments":[{"name":"Data table","source":"7494281e-abf2-44a7-a997-f4d099464897-attachment.csv","type":"text/tab-separated-values"}],"parameters":[],"start":1632494907112,"stop":1632494907113},{"name":"And  Se selcciona como opcion de banda la opcion \"Doble Banda\"","status":"skipped","statusDetails":{"known":false,"muted":false,"flaky":false},"stage":"finished","steps":[],"attachments":[],"parameters":[],"start":1632494907114,"stop":1632494907114},{"name":"And  Presiona Continuar","status":"skipped","statusDetails":{"known":false,"muted":false,"flaky":false},"stage":"finished","steps":[],"attachments":[],"parameters":[],"start":1632494907114,"stop":1632494907115},{"name":"When  Se completan los datos del Tomador","status":"skipped","statusDetails":{"known":false,"muted":false,"flaky":false},"stage":"finished","steps":[],"attachments":[{"name":"Data table","source":"7c862da3-956b-4e2d-804f-2272d2a00fce-attachment.csv","type":"text/tab-separated-values"}],"parameters":[],"start":1632494907115,"stop":1632494907117},{"name":"When  Se completan los datos del Asegurado usando datos del Tomador","status":"skipped","statusDetails":{"known":false,"muted":false,"flaky":false},"stage":"finished","steps":[],"attachments":[],"parameters":[],"start":1632494907117,"stop":1632494907118},{"name":"And  Presiona Continuar","status":"skipped","statusDetails":{"known":false,"muted":false,"flaky":false},"stage":"finished","steps":[],"attachments":[],"parameters":[],"start":1632494907118,"stop":1632494907118},{"name":"Then  Se valida que en el Resumen se muestren correctamente los datos del bien asegurable","status":"skipped","statusDetails":{"known":false,"muted":false,"flaky":false},"stage":"finished","steps":[],"attachments":[],"parameters":[],"start":1632494907119,"stop":1632494907119}],"attachments":[],"parameters":[],"start":1632494872820,"stop":1632494907264,"uuid":"c34ea90c-e229-4385-825a-6034310979de","historyId":"b91a12ce8ee3d8399cc14326a9e9ea1b","fullName":"GRANIZO - SEGURO PARAMETRICO: Se genera una propuesta de Seguro Parametrico","labels":[{"name":"tag","value":"High"},{"name":"host","value":"LAPTOP-MJUGMV72"},{"name":"thread","value":"15996@LAPTOP-MJUGMV72.main(1)"},{"name":"feature","value":"GRANIZO - SEGURO PARAMETRICO"},{"name":"story","value":"Se genera una propuesta de Seguro Parametrico"},{"name":"suite","value":"GRANIZO - SEGURO PARAMETRICO"},{"name":"testClass","value":"Se genera una propuesta de Seguro Parametrico"},{"name":"framework","value":"cucumber4jvm"},{"name":"language","value":"java"},{"name":"gherkin_uri","value":"file:///C:/Users/Nicolas/Desktop/CESIG/template_web_spring/src/test/resources/features/Generico.feature"},{"name":"package","value":"src.test.resources.features.Generico_feature.GRANIZO - SEGURO PARAMETRICO"}],"links":[]}