{"name":"Se genera una propuesta de Seguro Parametrico","status":"broken","statusDetails":{"known":false,"muted":false,"flaky":false,"message":"Expected condition failed: waiting for visibility of element located by By.xpath: //div[@class='form-row'][1]//input[@id='option1'] (tried for 30 second(s) with 500 milliseconds interval)","trace":"org.openqa.selenium.TimeoutException: Expected condition failed: waiting for visibility of element located by By.xpath: //div[@class='form-row'][1]//input[@id='option1'] (tried for 30 second(s) with 500 milliseconds interval)\r\n\tat org.openqa.selenium.support.ui.WebDriverWait.timeoutException(WebDriverWait.java:138)\r\n\tat org.openqa.selenium.support.ui.FluentWait.until(FluentWait.java:234)\r\n\tat ar.com.lasegunda.paginas.PaginaBase.encontrarElemento(PaginaBase.java:86)\r\n\tat ar.com.lasegunda.paginas.PaginaBase.hacerScrollHaciaUnElemento(PaginaBase.java:246)\r\n\tat ar.com.lasegunda.paginas.PaginaBase.clickElemento(PaginaBase.java:101)\r\n\tat ar.com.lasegunda.paginas.GenericoPagina.seleccionarSembroAñoPasado(GenericoPagina.java:204)\r\n\tat ar.com.lasegunda.stepDefinitions.GenericoStep.se_completan_los_datos_del_Historial(GenericoStep.java:177)\r\n\tat ✽.Se completan los datos del Historial(file:///C:/Users/Nicolas/Desktop/CESIG/template_web_spring/src/test/resources/features/generico.feature:30)\r\nCaused by: org.openqa.selenium.NoSuchElementException: no such element: Unable to locate element: {\"method\":\"xpath\",\"selector\":\"//div[@class='form-row'][1]//input[@id='option1']\"}\n  (Session info: chrome=94.0.4606.71)\nFor documentation on this error, please visit: https://selenium.dev/exceptions/#no_such_element\nBuild info: version: '4.0.0-alpha-4', revision: 'c2d955b49e'\nSystem info: host: 'LAPTOP-MJUGMV72', ip: '10.8.48.13', os.name: 'Windows 10', os.arch: 'amd64', os.version: '10.0', java.version: '16.0.1'\nDriver info: org.openqa.selenium.chrome.ChromeDriver\nCapabilities {acceptInsecureCerts: false, browserName: chrome, browserVersion: 94.0.4606.71, chrome: {chromedriverVersion: 93.0.4577.63 (ff5c0da2ec0ad..., userDataDir: C:\\Users\\Nicolas\\AppData\\Lo...}, goog:chromeOptions: {debuggerAddress: localhost:58881}, javascriptEnabled: true, networkConnectionEnabled: false, pageLoadStrategy: normal, platform: WINDOWS, platformName: WINDOWS, proxy: Proxy(), setWindowRect: true, strictFileInteractability: false, timeouts: {implicit: 0, pageLoad: 300000, script: 30000}, unhandledPromptBehavior: dismiss and notify, webauthn:extension:credBlob: true, webauthn:extension:largeBlob: true, webauthn:virtualAuthenticators: true}\nSession ID: b349a940d7e0f018f3acc2cb63456f49\n*** Element info: {Using=xpath, value=//div[@class='form-row'][1]//input[@id='option1']}\r\n\tat jdk.internal.reflect.GeneratedConstructorAccessor14.newInstance(Unknown Source)\r\n\tat java.base/jdk.internal.reflect.DelegatingConstructorAccessorImpl.newInstance(DelegatingConstructorAccessorImpl.java:45)\r\n\tat java.base/java.lang.reflect.Constructor.newInstanceWithCaller(Constructor.java:499)\r\n\tat java.base/java.lang.reflect.Constructor.newInstance(Constructor.java:480)\r\n\tat org.openqa.selenium.remote.codec.w3c.W3CHttpResponseCodec.createException(W3CHttpResponseCodec.java:196)\r\n\tat org.openqa.selenium.remote.codec.w3c.W3CHttpResponseCodec.decode(W3CHttpResponseCodec.java:129)\r\n\tat org.openqa.selenium.remote.codec.w3c.W3CHttpResponseCodec.decode(W3CHttpResponseCodec.java:53)\r\n\tat org.openqa.selenium.remote.HttpCommandExecutor.execute(HttpCommandExecutor.java:161)\r\n\tat org.openqa.selenium.remote.service.DriverCommandExecutor.execute(DriverCommandExecutor.java:83)\r\n\tat org.openqa.selenium.remote.RemoteWebDriver.execute(RemoteWebDriver.java:582)\r\n\tat org.openqa.selenium.remote.RemoteWebDriver.findElement(RemoteWebDriver.java:333)\r\n\tat org.openqa.selenium.remote.RemoteWebDriver.findElementByXPath(RemoteWebDriver.java:451)\r\n\tat org.openqa.selenium.By$ByXPath.findElement(By.java:394)\r\n\tat org.openqa.selenium.remote.RemoteWebDriver.findElement(RemoteWebDriver.java:325)\r\n\tat org.openqa.selenium.support.ui.ExpectedConditions$7.apply(ExpectedConditions.java:205)\r\n\tat org.openqa.selenium.support.ui.ExpectedConditions$7.apply(ExpectedConditions.java:201)\r\n\tat org.openqa.selenium.support.ui.FluentWait.until(FluentWait.java:211)\r\n\tat ar.com.lasegunda.paginas.PaginaBase.encontrarElemento(PaginaBase.java:86)\r\n\tat ar.com.lasegunda.paginas.PaginaBase.hacerScrollHaciaUnElemento(PaginaBase.java:246)\r\n\tat ar.com.lasegunda.paginas.PaginaBase.clickElemento(PaginaBase.java:101)\r\n\tat ar.com.lasegunda.paginas.GenericoPagina.seleccionarSembroAñoPasado(GenericoPagina.java:204)\r\n\tat ar.com.lasegunda.stepDefinitions.GenericoStep.se_completan_los_datos_del_Historial(GenericoStep.java:177)\r\n\tat java.base/jdk.internal.reflect.NativeMethodAccessorImpl.invoke0(Native Method)\r\n\tat java.base/jdk.internal.reflect.NativeMethodAccessorImpl.invoke(NativeMethodAccessorImpl.java:78)\r\n\tat java.base/jdk.internal.reflect.DelegatingMethodAccessorImpl.invoke(DelegatingMethodAccessorImpl.java:43)\r\n\tat java.base/java.lang.reflect.Method.invoke(Method.java:567)\r\n\tat io.cucumber.java.Invoker.invoke(Invoker.java:27)\r\n\tat io.cucumber.java.JavaStepDefinition.execute(JavaStepDefinition.java:27)\r\n\tat io.cucumber.core.runner.PickleStepDefinitionMatch.runStep(PickleStepDefinitionMatch.java:63)\r\n\tat io.cucumber.core.runner.TestStep.executeStep(TestStep.java:64)\r\n\tat io.cucumber.core.runner.TestStep.run(TestStep.java:49)\r\n\tat io.cucumber.core.runner.PickleStepTestStep.run(PickleStepTestStep.java:46)\r\n\tat io.cucumber.core.runner.TestCase.run(TestCase.java:51)\r\n\tat io.cucumber.core.runner.Runner.runPickle(Runner.java:67)\r\n\tat io.cucumber.junit.PickleRunners$NoStepDescriptions.run(PickleRunners.java:149)\r\n\tat io.cucumber.junit.FeatureRunner.runChild(FeatureRunner.java:83)\r\n\tat io.cucumber.junit.FeatureRunner.runChild(FeatureRunner.java:24)\r\n\tat org.junit.runners.ParentRunner$3.run(ParentRunner.java:290)\r\n\tat org.junit.runners.ParentRunner$1.schedule(ParentRunner.java:71)\r\n\tat org.junit.runners.ParentRunner.runChildren(ParentRunner.java:288)\r\n\tat org.junit.runners.ParentRunner.access$000(ParentRunner.java:58)\r\n\tat org.junit.runners.ParentRunner$2.evaluate(ParentRunner.java:268)\r\n\tat org.junit.runners.ParentRunner.run(ParentRunner.java:363)\r\n\tat io.cucumber.junit.Cucumber.runChild(Cucumber.java:185)\r\n\tat io.cucumber.junit.Cucumber.runChild(Cucumber.java:83)\r\n\tat org.junit.runners.ParentRunner$3.run(ParentRunner.java:290)\r\n\tat org.junit.runners.ParentRunner$1.schedule(ParentRunner.java:71)\r\n\tat org.junit.runners.ParentRunner.runChildren(ParentRunner.java:288)\r\n\tat org.junit.runners.ParentRunner.access$000(ParentRunner.java:58)\r\n\tat org.junit.runners.ParentRunner$2.evaluate(ParentRunner.java:268)\r\n\tat io.cucumber.junit.Cucumber$RunCucumber.evaluate(Cucumber.java:219)\r\n\tat org.junit.internal.runners.statements.RunAfters.evaluate(RunAfters.java:27)\r\n\tat org.junit.runners.ParentRunner.run(ParentRunner.java:363)\r\n\tat org.eclipse.jdt.internal.junit4.runner.JUnit4TestReference.run(JUnit4TestReference.java:93)\r\n\tat org.eclipse.jdt.internal.junit.runner.TestExecution.run(TestExecution.java:40)\r\n\tat org.eclipse.jdt.internal.junit.runner.RemoteTestRunner.runTests(RemoteTestRunner.java:529)\r\n\tat org.eclipse.jdt.internal.junit.runner.RemoteTestRunner.runTests(RemoteTestRunner.java:756)\r\n\tat org.eclipse.jdt.internal.junit.runner.RemoteTestRunner.run(RemoteTestRunner.java:452)\r\n\tat org.eclipse.jdt.internal.junit.runner.RemoteTestRunner.main(RemoteTestRunner.java:210)\r\n"},"stage":"finished","steps":[{"name":"Given  Un usuario que ingresa a la pagina \"https://segurosparametricosagro-desa.npapps.lasegunda.com.ar/\"","status":"passed","statusDetails":{"known":false,"muted":false,"flaky":false},"stage":"finished","steps":[],"attachments":[],"parameters":[],"start":1634300832353,"stop":1634300833918},{"name":"And  Completa  los campos y presiona ingresar","status":"passed","statusDetails":{"known":false,"muted":false,"flaky":false},"stage":"finished","steps":[],"attachments":[{"name":"Data table","source":"e00528a1-a13a-40ca-b8d7-3312e9776a5d-attachment.csv","type":"text/tab-separated-values"}],"parameters":[],"start":1634300833920,"stop":1634300834345},{"name":"When  Completa los Datos Mimimos de Cotizacion","status":"passed","statusDetails":{"known":false,"muted":false,"flaky":false},"stage":"finished","steps":[],"attachments":[{"name":"Data table","source":"590928a3-12b5-4f8a-a09a-45b9a3282b6c-attachment.csv","type":"text/tab-separated-values"}],"parameters":[],"start":1634300834345,"stop":1634300840951},{"name":"And  Presiona Continuar","status":"passed","statusDetails":{"known":false,"muted":false,"flaky":false},"stage":"finished","steps":[],"attachments":[],"parameters":[],"start":1634300840951,"stop":1634300841027},{"name":"And  Se logea en AON","status":"passed","statusDetails":{"known":false,"muted":false,"flaky":false},"stage":"finished","steps":[],"attachments":[],"parameters":[],"start":1634300841027,"stop":1634300841745},{"name":"And  Presiona NUEVA COTIZACION","status":"passed","statusDetails":{"known":false,"muted":false,"flaky":false},"stage":"finished","steps":[],"attachments":[],"parameters":[],"start":1634300841746,"stop":1634300842122},{"name":"When  Completa los DATOS DE LOCALIZACION DEL BIEN ASEGURABLE","status":"passed","statusDetails":{"known":false,"muted":false,"flaky":false},"stage":"finished","steps":[],"attachments":[{"name":"Data table","source":"f40afe53-9b72-4677-afc8-5732897d540c-attachment.csv","type":"text/tab-separated-values"}],"parameters":[],"start":1634300842122,"stop":1634300853713},{"name":"And  Presiona SIGUIENTE","status":"passed","statusDetails":{"known":false,"muted":false,"flaky":false},"stage":"finished","steps":[],"attachments":[],"parameters":[],"start":1634300853714,"stop":1634300854375},{"name":"When  Selecciona como cultivo la opcion \"Soja Primera\"","status":"passed","statusDetails":{"known":false,"muted":false,"flaky":false},"stage":"finished","steps":[],"attachments":[],"parameters":[],"start":1634300854375,"stop":1634300854518},{"name":"And  Completa los VALORES DEL BIEN ASEGURABLE","status":"passed","statusDetails":{"known":false,"muted":false,"flaky":false},"stage":"finished","steps":[],"attachments":[{"name":"Data table","source":"d9fb3b05-eeed-465c-aacc-9d1010008b06-attachment.csv","type":"text/tab-separated-values"}],"parameters":[],"start":1634300854518,"stop":1634300856487},{"name":"And  Se selcciona como opcion de banda la opcion \"Doble Banda\"","status":"passed","statusDetails":{"known":false,"muted":false,"flaky":false},"stage":"finished","steps":[],"attachments":[],"parameters":[],"start":1634300856487,"stop":1634300863766},{"name":"And  Presiona Continuar","status":"passed","statusDetails":{"known":false,"muted":false,"flaky":false},"stage":"finished","steps":[],"attachments":[],"parameters":[],"start":1634300863766,"stop":1634300863899},{"name":"When  Se completan los datos del Tomador","status":"passed","statusDetails":{"known":false,"muted":false,"flaky":false},"stage":"finished","steps":[],"attachments":[{"name":"Data table","source":"704526ac-6cb2-49d7-b89f-4409bad7a277-attachment.csv","type":"text/tab-separated-values"}],"parameters":[],"start":1634300863899,"stop":1634300868103},{"name":"When  Se completan los datos del Asegurado usando datos del Tomador","status":"passed","statusDetails":{"known":false,"muted":false,"flaky":false},"stage":"finished","steps":[],"attachments":[],"parameters":[],"start":1634300868103,"stop":1634300870197},{"name":"And  Presiona Continuar","status":"passed","statusDetails":{"known":false,"muted":false,"flaky":false},"stage":"finished","steps":[],"attachments":[],"parameters":[],"start":1634300870197,"stop":1634300870267},{"name":"When  Se completan los datos del Historial","status":"broken","statusDetails":{"known":false,"muted":false,"flaky":false,"message":"Expected condition failed: waiting for visibility of element located by By.xpath: //div[@class='form-row'][1]//input[@id='option1'] (tried for 30 second(s) with 500 milliseconds interval)","trace":"org.openqa.selenium.TimeoutException: Expected condition failed: waiting for visibility of element located by By.xpath: //div[@class='form-row'][1]//input[@id='option1'] (tried for 30 second(s) with 500 milliseconds interval)\r\n\tat org.openqa.selenium.support.ui.WebDriverWait.timeoutException(WebDriverWait.java:138)\r\n\tat org.openqa.selenium.support.ui.FluentWait.until(FluentWait.java:234)\r\n\tat ar.com.lasegunda.paginas.PaginaBase.encontrarElemento(PaginaBase.java:86)\r\n\tat ar.com.lasegunda.paginas.PaginaBase.hacerScrollHaciaUnElemento(PaginaBase.java:246)\r\n\tat ar.com.lasegunda.paginas.PaginaBase.clickElemento(PaginaBase.java:101)\r\n\tat ar.com.lasegunda.paginas.GenericoPagina.seleccionarSembroAñoPasado(GenericoPagina.java:204)\r\n\tat ar.com.lasegunda.stepDefinitions.GenericoStep.se_completan_los_datos_del_Historial(GenericoStep.java:177)\r\n\tat ✽.Se completan los datos del Historial(file:///C:/Users/Nicolas/Desktop/CESIG/template_web_spring/src/test/resources/features/generico.feature:30)\r\nCaused by: org.openqa.selenium.NoSuchElementException: no such element: Unable to locate element: {\"method\":\"xpath\",\"selector\":\"//div[@class='form-row'][1]//input[@id='option1']\"}\n  (Session info: chrome=94.0.4606.71)\nFor documentation on this error, please visit: https://selenium.dev/exceptions/#no_such_element\nBuild info: version: '4.0.0-alpha-4', revision: 'c2d955b49e'\nSystem info: host: 'LAPTOP-MJUGMV72', ip: '10.8.48.13', os.name: 'Windows 10', os.arch: 'amd64', os.version: '10.0', java.version: '16.0.1'\nDriver info: org.openqa.selenium.chrome.ChromeDriver\nCapabilities {acceptInsecureCerts: false, browserName: chrome, browserVersion: 94.0.4606.71, chrome: {chromedriverVersion: 93.0.4577.63 (ff5c0da2ec0ad..., userDataDir: C:\\Users\\Nicolas\\AppData\\Lo...}, goog:chromeOptions: {debuggerAddress: localhost:58881}, javascriptEnabled: true, networkConnectionEnabled: false, pageLoadStrategy: normal, platform: WINDOWS, platformName: WINDOWS, proxy: Proxy(), setWindowRect: true, strictFileInteractability: false, timeouts: {implicit: 0, pageLoad: 300000, script: 30000}, unhandledPromptBehavior: dismiss and notify, webauthn:extension:credBlob: true, webauthn:extension:largeBlob: true, webauthn:virtualAuthenticators: true}\nSession ID: b349a940d7e0f018f3acc2cb63456f49\n*** Element info: {Using=xpath, value=//div[@class='form-row'][1]//input[@id='option1']}\r\n\tat jdk.internal.reflect.GeneratedConstructorAccessor14.newInstance(Unknown Source)\r\n\tat java.base/jdk.internal.reflect.DelegatingConstructorAccessorImpl.newInstance(DelegatingConstructorAccessorImpl.java:45)\r\n\tat java.base/java.lang.reflect.Constructor.newInstanceWithCaller(Constructor.java:499)\r\n\tat java.base/java.lang.reflect.Constructor.newInstance(Constructor.java:480)\r\n\tat org.openqa.selenium.remote.codec.w3c.W3CHttpResponseCodec.createException(W3CHttpResponseCodec.java:196)\r\n\tat org.openqa.selenium.remote.codec.w3c.W3CHttpResponseCodec.decode(W3CHttpResponseCodec.java:129)\r\n\tat org.openqa.selenium.remote.codec.w3c.W3CHttpResponseCodec.decode(W3CHttpResponseCodec.java:53)\r\n\tat org.openqa.selenium.remote.HttpCommandExecutor.execute(HttpCommandExecutor.java:161)\r\n\tat org.openqa.selenium.remote.service.DriverCommandExecutor.execute(DriverCommandExecutor.java:83)\r\n\tat org.openqa.selenium.remote.RemoteWebDriver.execute(RemoteWebDriver.java:582)\r\n\tat org.openqa.selenium.remote.RemoteWebDriver.findElement(RemoteWebDriver.java:333)\r\n\tat org.openqa.selenium.remote.RemoteWebDriver.findElementByXPath(RemoteWebDriver.java:451)\r\n\tat org.openqa.selenium.By$ByXPath.findElement(By.java:394)\r\n\tat org.openqa.selenium.remote.RemoteWebDriver.findElement(RemoteWebDriver.java:325)\r\n\tat org.openqa.selenium.support.ui.ExpectedConditions$7.apply(ExpectedConditions.java:205)\r\n\tat org.openqa.selenium.support.ui.ExpectedConditions$7.apply(ExpectedConditions.java:201)\r\n\tat org.openqa.selenium.support.ui.FluentWait.until(FluentWait.java:211)\r\n\tat ar.com.lasegunda.paginas.PaginaBase.encontrarElemento(PaginaBase.java:86)\r\n\tat ar.com.lasegunda.paginas.PaginaBase.hacerScrollHaciaUnElemento(PaginaBase.java:246)\r\n\tat ar.com.lasegunda.paginas.PaginaBase.clickElemento(PaginaBase.java:101)\r\n\tat ar.com.lasegunda.paginas.GenericoPagina.seleccionarSembroAñoPasado(GenericoPagina.java:204)\r\n\tat ar.com.lasegunda.stepDefinitions.GenericoStep.se_completan_los_datos_del_Historial(GenericoStep.java:177)\r\n\tat java.base/jdk.internal.reflect.NativeMethodAccessorImpl.invoke0(Native Method)\r\n\tat java.base/jdk.internal.reflect.NativeMethodAccessorImpl.invoke(NativeMethodAccessorImpl.java:78)\r\n\tat java.base/jdk.internal.reflect.DelegatingMethodAccessorImpl.invoke(DelegatingMethodAccessorImpl.java:43)\r\n\tat java.base/java.lang.reflect.Method.invoke(Method.java:567)\r\n\tat io.cucumber.java.Invoker.invoke(Invoker.java:27)\r\n\tat io.cucumber.java.JavaStepDefinition.execute(JavaStepDefinition.java:27)\r\n\tat io.cucumber.core.runner.PickleStepDefinitionMatch.runStep(PickleStepDefinitionMatch.java:63)\r\n\tat io.cucumber.core.runner.TestStep.executeStep(TestStep.java:64)\r\n\tat io.cucumber.core.runner.TestStep.run(TestStep.java:49)\r\n\tat io.cucumber.core.runner.PickleStepTestStep.run(PickleStepTestStep.java:46)\r\n\tat io.cucumber.core.runner.TestCase.run(TestCase.java:51)\r\n\tat io.cucumber.core.runner.Runner.runPickle(Runner.java:67)\r\n\tat io.cucumber.junit.PickleRunners$NoStepDescriptions.run(PickleRunners.java:149)\r\n\tat io.cucumber.junit.FeatureRunner.runChild(FeatureRunner.java:83)\r\n\tat io.cucumber.junit.FeatureRunner.runChild(FeatureRunner.java:24)\r\n\tat org.junit.runners.ParentRunner$3.run(ParentRunner.java:290)\r\n\tat org.junit.runners.ParentRunner$1.schedule(ParentRunner.java:71)\r\n\tat org.junit.runners.ParentRunner.runChildren(ParentRunner.java:288)\r\n\tat org.junit.runners.ParentRunner.access$000(ParentRunner.java:58)\r\n\tat org.junit.runners.ParentRunner$2.evaluate(ParentRunner.java:268)\r\n\tat org.junit.runners.ParentRunner.run(ParentRunner.java:363)\r\n\tat io.cucumber.junit.Cucumber.runChild(Cucumber.java:185)\r\n\tat io.cucumber.junit.Cucumber.runChild(Cucumber.java:83)\r\n\tat org.junit.runners.ParentRunner$3.run(ParentRunner.java:290)\r\n\tat org.junit.runners.ParentRunner$1.schedule(ParentRunner.java:71)\r\n\tat org.junit.runners.ParentRunner.runChildren(ParentRunner.java:288)\r\n\tat org.junit.runners.ParentRunner.access$000(ParentRunner.java:58)\r\n\tat org.junit.runners.ParentRunner$2.evaluate(ParentRunner.java:268)\r\n\tat io.cucumber.junit.Cucumber$RunCucumber.evaluate(Cucumber.java:219)\r\n\tat org.junit.internal.runners.statements.RunAfters.evaluate(RunAfters.java:27)\r\n\tat org.junit.runners.ParentRunner.run(ParentRunner.java:363)\r\n\tat org.eclipse.jdt.internal.junit4.runner.JUnit4TestReference.run(JUnit4TestReference.java:93)\r\n\tat org.eclipse.jdt.internal.junit.runner.TestExecution.run(TestExecution.java:40)\r\n\tat org.eclipse.jdt.internal.junit.runner.RemoteTestRunner.runTests(RemoteTestRunner.java:529)\r\n\tat org.eclipse.jdt.internal.junit.runner.RemoteTestRunner.runTests(RemoteTestRunner.java:756)\r\n\tat org.eclipse.jdt.internal.junit.runner.RemoteTestRunner.run(RemoteTestRunner.java:452)\r\n\tat org.eclipse.jdt.internal.junit.runner.RemoteTestRunner.main(RemoteTestRunner.java:210)\r\n"},"stage":"finished","steps":[],"attachments":[{"name":"Data table","source":"b0ca15f4-56ad-4eb0-a801-bd051fda3ba9-attachment.csv","type":"text/tab-separated-values"},{"name":"Error","source":"f603f812-d092-45a7-8426-364918406bd5-attachment.txt","type":"text/plain"},{"name":"Captura de Pantalla","source":"ca9a772e-f4a4-474a-92ad-a26e76e2041f-attachment"}],"parameters":[],"start":1634300870267,"stop":1634300902135},{"name":"And  Presiona Continuar","status":"skipped","statusDetails":{"known":false,"muted":false,"flaky":false},"stage":"finished","steps":[],"attachments":[],"parameters":[],"start":1634300902135,"stop":1634300902136},{"name":"Then  Se valida que en el Resumen se muestren correctamente los datos del bien asegurable","status":"skipped","statusDetails":{"known":false,"muted":false,"flaky":false},"stage":"finished","steps":[],"attachments":[],"parameters":[],"start":1634300902136,"stop":1634300902136},{"name":"And  Se imprime la propuesta","status":"skipped","statusDetails":{"known":false,"muted":false,"flaky":false},"stage":"finished","steps":[],"attachments":[],"parameters":[],"start":1634300902136,"stop":1634300902137}],"attachments":[],"parameters":[],"start":1634300830815,"stop":1634300902275,"uuid":"db9fb35a-2562-4e52-9956-31a237938381","historyId":"20c2a0c4884b4fb6eec214f57d77a41d","fullName":"GRANIZO - SEGURO PARAMETRICO: Se genera una propuesta de Seguro Parametrico","labels":[{"name":"tag","value":"High"},{"name":"host","value":"LAPTOP-MJUGMV72"},{"name":"thread","value":"9372@LAPTOP-MJUGMV72.main(1)"},{"name":"feature","value":"GRANIZO - SEGURO PARAMETRICO"},{"name":"story","value":"Se genera una propuesta de Seguro Parametrico"},{"name":"suite","value":"GRANIZO - SEGURO PARAMETRICO"},{"name":"testClass","value":"Se genera una propuesta de Seguro Parametrico"},{"name":"framework","value":"cucumber4jvm"},{"name":"language","value":"java"},{"name":"gherkin_uri","value":"file:///C:/Users/Nicolas/Desktop/CESIG/template_web_spring/src/test/resources/features/generico.feature"},{"name":"package","value":"src.test.resources.features.generico_feature.GRANIZO - SEGURO PARAMETRICO"}],"links":[]}