{"uuid":"e38e2c83-f7fd-4976-a66f-0c35cb250279","name":"Scenario: DENUNCIA 1: Robo rueda de auxilio","children":["a8424189-cf34-45d6-929b-eab92bf461a5"],"befores":[{"name":"ar.com.lasegunda.CucumberSpringContextConfiguration.inicializarContexto()","status":"passed","stage":"finished","steps":[],"attachments":[],"parameters":[],"start":1616003278063,"stop":1616003278069},{"name":"ar.com.lasegunda.stepDefinitions.ReporteHook.iniciarEscenarioLog(io.cucumber.java.Scenario)","status":"broken","statusDetails":{"known":false,"muted":false,"flaky":false,"message":"BEFORE is failed: Could not invoke hook defined at 'ar.com.lasegunda.stepDefinitions.ReporteHook.iniciarEscenarioLog(io.cucumber.java.Scenario)'.\nIt appears there was a problem with the hook definition.\nThe details are in the stacktrace below.","trace":"io.cucumber.core.exception.CucumberException: Could not invoke hook defined at 'ar.com.lasegunda.stepDefinitions.ReporteHook.iniciarEscenarioLog(io.cucumber.java.Scenario)'.\nIt appears there was a problem with the hook definition.\nThe details are in the stacktrace below.\r\n\tat io.cucumber.core.runner.HookDefinitionMatch.couldNotInvokeHook(HookDefinitionMatch.java:29)\r\n\tat io.cucumber.core.runner.HookDefinitionMatch.runStep(HookDefinitionMatch.java:22)\r\n\tat io.cucumber.core.runner.TestStep.executeStep(TestStep.java:64)\r\n\tat io.cucumber.core.runner.TestStep.run(TestStep.java:49)\r\n\tat io.cucumber.core.runner.TestCase.run(TestCase.java:47)\r\n\tat io.cucumber.core.runner.Runner.runPickle(Runner.java:67)\r\n\tat io.cucumber.junit.PickleRunners$NoStepDescriptions.run(PickleRunners.java:149)\r\n\tat io.cucumber.junit.FeatureRunner.runChild(FeatureRunner.java:83)\r\n\tat io.cucumber.junit.FeatureRunner.runChild(FeatureRunner.java:24)\r\n\tat org.junit.runners.ParentRunner$3.run(ParentRunner.java:290)\r\n\tat org.junit.runners.ParentRunner$1.schedule(ParentRunner.java:71)\r\n\tat org.junit.runners.ParentRunner.runChildren(ParentRunner.java:288)\r\n\tat org.junit.runners.ParentRunner.access$000(ParentRunner.java:58)\r\n\tat org.junit.runners.ParentRunner$2.evaluate(ParentRunner.java:268)\r\n\tat org.junit.runners.ParentRunner.run(ParentRunner.java:363)\r\n\tat io.cucumber.junit.Cucumber.runChild(Cucumber.java:185)\r\n\tat io.cucumber.junit.Cucumber.runChild(Cucumber.java:83)\r\n\tat org.junit.runners.ParentRunner$3.run(ParentRunner.java:290)\r\n\tat org.junit.runners.ParentRunner$1.schedule(ParentRunner.java:71)\r\n\tat org.junit.runners.ParentRunner.runChildren(ParentRunner.java:288)\r\n\tat org.junit.runners.ParentRunner.access$000(ParentRunner.java:58)\r\n\tat org.junit.runners.ParentRunner$2.evaluate(ParentRunner.java:268)\r\n\tat io.cucumber.junit.Cucumber$RunCucumber.evaluate(Cucumber.java:219)\r\n\tat org.junit.internal.runners.statements.RunAfters.evaluate(RunAfters.java:27)\r\n\tat org.junit.runners.ParentRunner.run(ParentRunner.java:363)\r\n\tat org.apache.maven.surefire.junit4.JUnit4Provider.execute(JUnit4Provider.java:364)\r\n\tat org.apache.maven.surefire.junit4.JUnit4Provider.executeWithRerun(JUnit4Provider.java:272)\r\n\tat org.apache.maven.surefire.junit4.JUnit4Provider.executeTestSet(JUnit4Provider.java:237)\r\n\tat org.apache.maven.surefire.junit4.JUnit4Provider.invoke(JUnit4Provider.java:158)\r\n\tat org.apache.maven.surefire.booter.ForkedBooter.runSuitesInProcess(ForkedBooter.java:428)\r\n\tat org.apache.maven.surefire.booter.ForkedBooter.execute(ForkedBooter.java:162)\r\n\tat org.apache.maven.surefire.booter.ForkedBooter.run(ForkedBooter.java:562)\r\n\tat org.apache.maven.surefire.booter.ForkedBooter.main(ForkedBooter.java:548)\r\nCaused by: io.cucumber.core.backend.CucumberBackendException: Error creating bean with name 'ar.com.lasegunda.stepDefinitions.ReporteHook': Unsatisfied dependency expressed through field 'manejoErrores'; nested exception is org.springframework.beans.factory.UnsatisfiedDependencyException: Error creating bean with name 'manejoErrores': Unsatisfied dependency expressed through field 'driver'; nested exception is org.springframework.beans.factory.BeanCreationException: Error creating bean with name 'getDriver' defined in class path resource [ar/com/lasegunda/utiles/configuracionSpring/SpringConfig.class]: Bean instantiation via factory method failed; nested exception is org.springframework.beans.BeanInstantiationException: Failed to instantiate [org.openqa.selenium.WebDriver]: Factory method 'getDriver' threw exception; nested exception is org.openqa.selenium.SessionNotCreatedException: session not created: This version of ChromeDriver only supports Chrome version 84\nBuild info: version: '4.0.0-alpha-4', revision: 'c2d955b49e'\nSystem info: host: 'NBEKIPPES', ip: '10.8.49.193', os.name: 'Windows 10', os.arch: 'amd64', os.version: '10.0', java.version: '11.0.9'\nDriver info: driver.version: ChromeDriver\nremote stacktrace: Backtrace:\n\tOrdinal0 [0x011687E3+2852835]\n\tOrdinal0 [0x01055BB1+1727409]\n\tOrdinal0 [0x00F2E4B9+517305]\n\tOrdinal0 [0x00EC0BA0+68512]\n\tOrdinal0 [0x00EBD3A0+54176]\n\tOrdinal0 [0x00EDD9F7+186871]\n\tOrdinal0 [0x00EDD7FD+186365]\n\tOrdinal0 [0x00EDB70B+177931]\n\tOrdinal0 [0x00EC2584+75140]\n\tOrdinal0 [0x00EC3650+79440]\n\tOrdinal0 [0x00EC35E9+79337]\n\tOrdinal0 [0x0106AD5C+1813852]\n\tGetHandleVerifier [0x0128C616+1075574]\n\tGetHandleVerifier [0x0128C367+1074887]\n\tGetHandleVerifier [0x01297497+1120247]\n\tGetHandleVerifier [0x0128CC16+1077110]\n\tOrdinal0 [0x01063206+1782278]\n\tOrdinal0 [0x0106C3BB+1819579]\n\tOrdinal0 [0x0106C523+1819939]\n\tOrdinal0 [0x01082B45+1911621]\n\tBaseThreadInitThunk [0x760BFA29+25]\n\tRtlGetAppContainerNamedObjectPath [0x777076B4+228]\n\tRtlGetAppContainerNamedObjectPath [0x77707684+180]\n\r\n\tat io.cucumber.spring.SpringFactory.getInstance(SpringFactory.java:175)\r\n\tat io.cucumber.java.JavaHookDefinition.execute(JavaHookDefinition.java:61)\r\n\tat io.cucumber.core.runner.CoreHookDefinition.execute(CoreHookDefinition.java:31)\r\n\tat io.cucumber.core.runner.HookDefinitionMatch.runStep(HookDefinitionMatch.java:20)\r\n\t... 31 more\r\nCaused by: org.springframework.beans.factory.UnsatisfiedDependencyException: Error creating bean with name 'ar.com.lasegunda.stepDefinitions.ReporteHook': Unsatisfied dependency expressed through field 'manejoErrores'; nested exception is org.springframework.beans.factory.UnsatisfiedDependencyException: Error creating bean with name 'manejoErrores': Unsatisfied dependency expressed through field 'driver'; nested exception is org.springframework.beans.factory.BeanCreationException: Error creating bean with name 'getDriver' defined in class path resource [ar/com/lasegunda/utiles/configuracionSpring/SpringConfig.class]: Bean instantiation via factory method failed; nested exception is org.springframework.beans.BeanInstantiationException: Failed to instantiate [org.openqa.selenium.WebDriver]: Factory method 'getDriver' threw exception; nested exception is org.openqa.selenium.SessionNotCreatedException: session not created: This version of ChromeDriver only supports Chrome version 84\nBuild info: version: '4.0.0-alpha-4', revision: 'c2d955b49e'\nSystem info: host: 'NBEKIPPES', ip: '10.8.49.193', os.name: 'Windows 10', os.arch: 'amd64', os.version: '10.0', java.version: '11.0.9'\nDriver info: driver.version: ChromeDriver\nremote stacktrace: Backtrace:\n\tOrdinal0 [0x011687E3+2852835]\n\tOrdinal0 [0x01055BB1+1727409]\n\tOrdinal0 [0x00F2E4B9+517305]\n\tOrdinal0 [0x00EC0BA0+68512]\n\tOrdinal0 [0x00EBD3A0+54176]\n\tOrdinal0 [0x00EDD9F7+186871]\n\tOrdinal0 [0x00EDD7FD+186365]\n\tOrdinal0 [0x00EDB70B+177931]\n\tOrdinal0 [0x00EC2584+75140]\n\tOrdinal0 [0x00EC3650+79440]\n\tOrdinal0 [0x00EC35E9+79337]\n\tOrdinal0 [0x0106AD5C+1813852]\n\tGetHandleVerifier [0x0128C616+1075574]\n\tGetHandleVerifier [0x0128C367+1074887]\n\tGetHandleVerifier [0x01297497+1120247]\n\tGetHandleVerifier [0x0128CC16+1077110]\n\tOrdinal0 [0x01063206+1782278]\n\tOrdinal0 [0x0106C3BB+1819579]\n\tOrdinal0 [0x0106C523+1819939]\n\tOrdinal0 [0x01082B45+1911621]\n\tBaseThreadInitThunk [0x760BFA29+25]\n\tRtlGetAppContainerNamedObjectPath [0x777076B4+228]\n\tRtlGetAppContainerNamedObjectPath [0x77707684+180]\n\r\n\tat org.springframework.beans.factory.annotation.AutowiredAnnotationBeanPostProcessor$AutowiredFieldElement.inject(AutowiredAnnotationBeanPostProcessor.java:596)\r\n\tat org.springframework.beans.factory.annotation.InjectionMetadata.inject(InjectionMetadata.java:90)\r\n\tat org.springframework.beans.factory.annotation.AutowiredAnnotationBeanPostProcessor.postProcessProperties(AutowiredAnnotationBeanPostProcessor.java:374)\r\n\tat org.springframework.beans.factory.support.AbstractAutowireCapableBeanFactory.populateBean(AbstractAutowireCapableBeanFactory.java:1378)\r\n\tat org.springframework.beans.factory.support.AbstractAutowireCapableBeanFactory.doCreateBean(AbstractAutowireCapableBeanFactory.java:575)\r\n\tat org.springframework.beans.factory.support.AbstractAutowireCapableBeanFactory.createBean(AbstractAutowireCapableBeanFactory.java:498)\r\n\tat org.springframework.beans.factory.support.AbstractBeanFactory.lambda$doGetBean$1(AbstractBeanFactory.java:356)\r\n\tat io.cucumber.spring.GlueCodeScope.get(GlueCodeScope.java:13)\r\n\tat org.springframework.beans.factory.support.AbstractBeanFactory.doGetBean(AbstractBeanFactory.java:353)\r\n\tat org.springframework.beans.factory.support.AbstractBeanFactory.getBean(AbstractBeanFactory.java:224)\r\n\tat org.springframework.beans.factory.support.DefaultListableBeanFactory.resolveNamedBean(DefaultListableBeanFactory.java:1112)\r\n\tat org.springframework.beans.factory.support.DefaultListableBeanFactory.resolveBean(DefaultListableBeanFactory.java:407)\r\n\tat org.springframework.beans.factory.support.DefaultListableBeanFactory.getBean(DefaultListableBeanFactory.java:341)\r\n\tat org.springframework.beans.factory.support.DefaultListableBeanFactory.getBean(DefaultListableBeanFactory.java:335)\r\n\tat org.springframework.context.support.AbstractApplicationContext.getBean(AbstractApplicationContext.java:1101)\r\n\tat io.cucumber.spring.TestContextAdaptor.getInstance(TestContextAdaptor.java:69)\r\n\tat io.cucumber.spring.SpringFactory.getInstance(SpringFactory.java:173)\r\n\t... 34 more\r\nCaused by: org.springframework.beans.factory.UnsatisfiedDependencyException: Error creating bean with name 'manejoErrores': Unsatisfied dependency expressed through field 'driver'; nested exception is org.springframework.beans.factory.BeanCreationException: Error creating bean with name 'getDriver' defined in class path resource [ar/com/lasegunda/utiles/configuracionSpring/SpringConfig.class]: Bean instantiation via factory method failed; nested exception is org.springframework.beans.BeanInstantiationException: Failed to instantiate [org.openqa.selenium.WebDriver]: Factory method 'getDriver' threw exception; nested exception is org.openqa.selenium.SessionNotCreatedException: session not created: This version of ChromeDriver only supports Chrome version 84\nBuild info: version: '4.0.0-alpha-4', revision: 'c2d955b49e'\nSystem info: host: 'NBEKIPPES', ip: '10.8.49.193', os.name: 'Windows 10', os.arch: 'amd64', os.version: '10.0', java.version: '11.0.9'\nDriver info: driver.version: ChromeDriver\nremote stacktrace: Backtrace:\n\tOrdinal0 [0x011687E3+2852835]\n\tOrdinal0 [0x01055BB1+1727409]\n\tOrdinal0 [0x00F2E4B9+517305]\n\tOrdinal0 [0x00EC0BA0+68512]\n\tOrdinal0 [0x00EBD3A0+54176]\n\tOrdinal0 [0x00EDD9F7+186871]\n\tOrdinal0 [0x00EDD7FD+186365]\n\tOrdinal0 [0x00EDB70B+177931]\n\tOrdinal0 [0x00EC2584+75140]\n\tOrdinal0 [0x00EC3650+79440]\n\tOrdinal0 [0x00EC35E9+79337]\n\tOrdinal0 [0x0106AD5C+1813852]\n\tGetHandleVerifier [0x0128C616+1075574]\n\tGetHandleVerifier [0x0128C367+1074887]\n\tGetHandleVerifier [0x01297497+1120247]\n\tGetHandleVerifier [0x0128CC16+1077110]\n\tOrdinal0 [0x01063206+1782278]\n\tOrdinal0 [0x0106C3BB+1819579]\n\tOrdinal0 [0x0106C523+1819939]\n\tOrdinal0 [0x01082B45+1911621]\n\tBaseThreadInitThunk [0x760BFA29+25]\n\tRtlGetAppContainerNamedObjectPath [0x777076B4+228]\n\tRtlGetAppContainerNamedObjectPath [0x77707684+180]\n\r\n\tat org.springframework.beans.factory.annotation.AutowiredAnnotationBeanPostProcessor$AutowiredFieldElement.inject(AutowiredAnnotationBeanPostProcessor.java:596)\r\n\tat org.springframework.beans.factory.annotation.InjectionMetadata.inject(InjectionMetadata.java:90)\r\n\tat org.springframework.beans.factory.annotation.AutowiredAnnotationBeanPostProcessor.postProcessProperties(AutowiredAnnotationBeanPostProcessor.java:374)\r\n\tat org.springframework.beans.factory.support.AbstractAutowireCapableBeanFactory.populateBean(AbstractAutowireCapableBeanFactory.java:1378)\r\n\tat org.springframework.beans.factory.support.AbstractAutowireCapableBeanFactory.doCreateBean(AbstractAutowireCapableBeanFactory.java:575)\r\n\tat org.springframework.beans.factory.support.AbstractAutowireCapableBeanFactory.createBean(AbstractAutowireCapableBeanFactory.java:498)\r\n\tat org.springframework.beans.factory.support.AbstractBeanFactory.lambda$doGetBean$1(AbstractBeanFactory.java:356)\r\n\tat io.cucumber.spring.GlueCodeScope.get(GlueCodeScope.java:13)\r\n\tat org.springframework.beans.factory.support.AbstractBeanFactory.doGetBean(AbstractBeanFactory.java:353)\r\n\tat org.springframework.beans.factory.support.AbstractBeanFactory.getBean(AbstractBeanFactory.java:199)\r\n\tat org.springframework.beans.factory.config.DependencyDescriptor.resolveCandidate(DependencyDescriptor.java:277)\r\n\tat org.springframework.beans.factory.support.DefaultListableBeanFactory.doResolveDependency(DefaultListableBeanFactory.java:1244)\r\n\tat org.springframework.beans.factory.support.DefaultListableBeanFactory.resolveDependency(DefaultListableBeanFactory.java:1164)\r\n\tat org.springframework.beans.factory.annotation.AutowiredAnnotationBeanPostProcessor$AutowiredFieldElement.inject(AutowiredAnnotationBeanPostProcessor.java:593)\r\n\t... 50 more\r\nCaused by: org.springframework.beans.factory.BeanCreationException: Error creating bean with name 'getDriver' defined in class path resource [ar/com/lasegunda/utiles/configuracionSpring/SpringConfig.class]: Bean instantiation via factory method failed; nested exception is org.springframework.beans.BeanInstantiationException: Failed to instantiate [org.openqa.selenium.WebDriver]: Factory method 'getDriver' threw exception; nested exception is org.openqa.selenium.SessionNotCreatedException: session not created: This version of ChromeDriver only supports Chrome version 84\nBuild info: version: '4.0.0-alpha-4', revision: 'c2d955b49e'\nSystem info: host: 'NBEKIPPES', ip: '10.8.49.193', os.name: 'Windows 10', os.arch: 'amd64', os.version: '10.0', java.version: '11.0.9'\nDriver info: driver.version: ChromeDriver\nremote stacktrace: Backtrace:\n\tOrdinal0 [0x011687E3+2852835]\n\tOrdinal0 [0x01055BB1+1727409]\n\tOrdinal0 [0x00F2E4B9+517305]\n\tOrdinal0 [0x00EC0BA0+68512]\n\tOrdinal0 [0x00EBD3A0+54176]\n\tOrdinal0 [0x00EDD9F7+186871]\n\tOrdinal0 [0x00EDD7FD+186365]\n\tOrdinal0 [0x00EDB70B+177931]\n\tOrdinal0 [0x00EC2584+75140]\n\tOrdinal0 [0x00EC3650+79440]\n\tOrdinal0 [0x00EC35E9+79337]\n\tOrdinal0 [0x0106AD5C+1813852]\n\tGetHandleVerifier [0x0128C616+1075574]\n\tGetHandleVerifier [0x0128C367+1074887]\n\tGetHandleVerifier [0x01297497+1120247]\n\tGetHandleVerifier [0x0128CC16+1077110]\n\tOrdinal0 [0x01063206+1782278]\n\tOrdinal0 [0x0106C3BB+1819579]\n\tOrdinal0 [0x0106C523+1819939]\n\tOrdinal0 [0x01082B45+1911621]\n\tBaseThreadInitThunk [0x760BFA29+25]\n\tRtlGetAppContainerNamedObjectPath [0x777076B4+228]\n\tRtlGetAppContainerNamedObjectPath [0x77707684+180]\n\r\n\tat org.springframework.beans.factory.support.ConstructorResolver.instantiate(ConstructorResolver.java:627)\r\n\tat org.springframework.beans.factory.support.ConstructorResolver.instantiateUsingFactoryMethod(ConstructorResolver.java:456)\r\n\tat org.springframework.beans.factory.support.AbstractAutowireCapableBeanFactory.instantiateUsingFactoryMethod(AbstractAutowireCapableBeanFactory.java:1288)\r\n\tat org.springframework.beans.factory.support.AbstractAutowireCapableBeanFactory.createBeanInstance(AbstractAutowireCapableBeanFactory.java:1127)\r\n\tat org.springframework.beans.factory.support.AbstractAutowireCapableBeanFactory.doCreateBean(AbstractAutowireCapableBeanFactory.java:538)\r\n\tat org.springframework.beans.factory.support.AbstractAutowireCapableBeanFactory.createBean(AbstractAutowireCapableBeanFactory.java:498)\r\n\tat org.springframework.beans.factory.support.AbstractBeanFactory.lambda$doGetBean$1(AbstractBeanFactory.java:356)\r\n\tat io.cucumber.spring.GlueCodeScope.get(GlueCodeScope.java:13)\r\n\tat org.springframework.beans.factory.support.AbstractBeanFactory.doGetBean(AbstractBeanFactory.java:353)\r\n\tat org.springframework.beans.factory.support.AbstractBeanFactory.getBean(AbstractBeanFactory.java:199)\r\n\tat org.springframework.beans.factory.config.DependencyDescriptor.resolveCandidate(DependencyDescriptor.java:277)\r\n\tat org.springframework.beans.factory.support.DefaultListableBeanFactory.doResolveDependency(DefaultListableBeanFactory.java:1244)\r\n\tat org.springframework.beans.factory.support.DefaultListableBeanFactory.resolveDependency(DefaultListableBeanFactory.java:1164)\r\n\tat org.springframework.beans.factory.annotation.AutowiredAnnotationBeanPostProcessor$AutowiredFieldElement.inject(AutowiredAnnotationBeanPostProcessor.java:593)\r\n\t... 63 more\r\nCaused by: org.springframework.beans.BeanInstantiationException: Failed to instantiate [org.openqa.selenium.WebDriver]: Factory method 'getDriver' threw exception; nested exception is org.openqa.selenium.SessionNotCreatedException: session not created: This version of ChromeDriver only supports Chrome version 84\nBuild info: version: '4.0.0-alpha-4', revision: 'c2d955b49e'\nSystem info: host: 'NBEKIPPES', ip: '10.8.49.193', os.name: 'Windows 10', os.arch: 'amd64', os.version: '10.0', java.version: '11.0.9'\nDriver info: driver.version: ChromeDriver\nremote stacktrace: Backtrace:\n\tOrdinal0 [0x011687E3+2852835]\n\tOrdinal0 [0x01055BB1+1727409]\n\tOrdinal0 [0x00F2E4B9+517305]\n\tOrdinal0 [0x00EC0BA0+68512]\n\tOrdinal0 [0x00EBD3A0+54176]\n\tOrdinal0 [0x00EDD9F7+186871]\n\tOrdinal0 [0x00EDD7FD+186365]\n\tOrdinal0 [0x00EDB70B+177931]\n\tOrdinal0 [0x00EC2584+75140]\n\tOrdinal0 [0x00EC3650+79440]\n\tOrdinal0 [0x00EC35E9+79337]\n\tOrdinal0 [0x0106AD5C+1813852]\n\tGetHandleVerifier [0x0128C616+1075574]\n\tGetHandleVerifier [0x0128C367+1074887]\n\tGetHandleVerifier [0x01297497+1120247]\n\tGetHandleVerifier [0x0128CC16+1077110]\n\tOrdinal0 [0x01063206+1782278]\n\tOrdinal0 [0x0106C3BB+1819579]\n\tOrdinal0 [0x0106C523+1819939]\n\tOrdinal0 [0x01082B45+1911621]\n\tBaseThreadInitThunk [0x760BFA29+25]\n\tRtlGetAppContainerNamedObjectPath [0x777076B4+228]\n\tRtlGetAppContainerNamedObjectPath [0x77707684+180]\n\r\n\tat org.springframework.beans.factory.support.SimpleInstantiationStrategy.instantiate(SimpleInstantiationStrategy.java:185)\r\n\tat org.springframework.beans.factory.support.ConstructorResolver.instantiate(ConstructorResolver.java:622)\r\n\t... 76 more\r\nCaused by: org.openqa.selenium.SessionNotCreatedException: session not created: This version of ChromeDriver only supports Chrome version 84\nBuild info: version: '4.0.0-alpha-4', revision: 'c2d955b49e'\nSystem info: host: 'NBEKIPPES', ip: '10.8.49.193', os.name: 'Windows 10', os.arch: 'amd64', os.version: '10.0', java.version: '11.0.9'\nDriver info: driver.version: ChromeDriver\nremote stacktrace: Backtrace:\n\tOrdinal0 [0x011687E3+2852835]\n\tOrdinal0 [0x01055BB1+1727409]\n\tOrdinal0 [0x00F2E4B9+517305]\n\tOrdinal0 [0x00EC0BA0+68512]\n\tOrdinal0 [0x00EBD3A0+54176]\n\tOrdinal0 [0x00EDD9F7+186871]\n\tOrdinal0 [0x00EDD7FD+186365]\n\tOrdinal0 [0x00EDB70B+177931]\n\tOrdinal0 [0x00EC2584+75140]\n\tOrdinal0 [0x00EC3650+79440]\n\tOrdinal0 [0x00EC35E9+79337]\n\tOrdinal0 [0x0106AD5C+1813852]\n\tGetHandleVerifier [0x0128C616+1075574]\n\tGetHandleVerifier [0x0128C367+1074887]\n\tGetHandleVerifier [0x01297497+1120247]\n\tGetHandleVerifier [0x0128CC16+1077110]\n\tOrdinal0 [0x01063206+1782278]\n\tOrdinal0 [0x0106C3BB+1819579]\n\tOrdinal0 [0x0106C523+1819939]\n\tOrdinal0 [0x01082B45+1911621]\n\tBaseThreadInitThunk [0x760BFA29+25]\n\tRtlGetAppContainerNamedObjectPath [0x777076B4+228]\n\tRtlGetAppContainerNamedObjectPath [0x77707684+180]\n\r\n\tat java.base/jdk.internal.reflect.NativeConstructorAccessorImpl.newInstance0(Native Method)\r\n\tat java.base/jdk.internal.reflect.NativeConstructorAccessorImpl.newInstance(NativeConstructorAccessorImpl.java:62)\r\n\tat java.base/jdk.internal.reflect.DelegatingConstructorAccessorImpl.newInstance(DelegatingConstructorAccessorImpl.java:45)\r\n\tat java.base/java.lang.reflect.Constructor.newInstance(Constructor.java:490)\r\n\tat org.openqa.selenium.remote.W3CHandshakeResponse.lambda$errorHandler$0(W3CHandshakeResponse.java:62)\r\n\tat org.openqa.selenium.remote.HandshakeResponse.lambda$getResponseFunction$0(HandshakeResponse.java:30)\r\n\tat org.openqa.selenium.remote.ProtocolHandshake.lambda$createSession$1(ProtocolHandshake.java:126)\r\n\tat java.base/java.util.stream.ReferencePipeline$3$1.accept(ReferencePipeline.java:195)\r\n\tat java.base/java.util.Spliterators$ArraySpliterator.tryAdvance(Spliterators.java:958)\r\n\tat java.base/java.util.stream.ReferencePipeline.forEachWithCancel(ReferencePipeline.java:127)\r\n\tat java.base/java.util.stream.AbstractPipeline.copyIntoWithCancel(AbstractPipeline.java:502)\r\n\tat java.base/java.util.stream.AbstractPipeline.copyInto(AbstractPipeline.java:488)\r\n\tat java.base/java.util.stream.AbstractPipeline.wrapAndCopyInto(AbstractPipeline.java:474)\r\n\tat java.base/java.util.stream.FindOps$FindOp.evaluateSequential(FindOps.java:150)\r\n\tat java.base/java.util.stream.AbstractPipeline.evaluate(AbstractPipeline.java:234)\r\n\tat java.base/java.util.stream.ReferencePipeline.findFirst(ReferencePipeline.java:543)\r\n\tat org.openqa.selenium.remote.ProtocolHandshake.createSession(ProtocolHandshake.java:128)\r\n\tat org.openqa.selenium.remote.ProtocolHandshake.createSession(ProtocolHandshake.java:75)\r\n\tat org.openqa.selenium.remote.HttpCommandExecutor.execute(HttpCommandExecutor.java:139)\r\n\tat org.openqa.selenium.remote.service.DriverCommandExecutor.execute(DriverCommandExecutor.java:83)\r\n\tat org.openqa.selenium.remote.RemoteWebDriver.execute(RemoteWebDriver.java:582)\r\n\tat org.openqa.selenium.remote.RemoteWebDriver.startSession(RemoteWebDriver.java:216)\r\n\tat org.openqa.selenium.remote.RemoteWebDriver.<init>(RemoteWebDriver.java:136)\r\n\tat org.openqa.selenium.chromium.ChromiumDriver.<init>(ChromiumDriver.java:75)\r\n\tat org.openqa.selenium.chrome.ChromeDriver.<init>(ChromeDriver.java:163)\r\n\tat org.openqa.selenium.chrome.ChromeDriver.<init>(ChromeDriver.java:150)\r\n\tat org.openqa.selenium.chrome.ChromeDriver.<init>(ChromeDriver.java:105)\r\n\tat ar.com.lasegunda.utiles.driversBrowser.ChromeDriverManager.createDriver(ChromeDriverManager.java:12)\r\n\tat ar.com.lasegunda.utiles.driversBrowser.DriverManager.getDriver(DriverManager.java:18)\r\n\tat ar.com.lasegunda.utiles.configuracionSpring.SpringConfig.getDriver(SpringConfig.java:40)\r\n\tat ar.com.lasegunda.utiles.configuracionSpring.SpringConfig$$EnhancerBySpringCGLIB$$8a047f1.CGLIB$getDriver$1(<generated>)\r\n\tat ar.com.lasegunda.utiles.configuracionSpring.SpringConfig$$EnhancerBySpringCGLIB$$8a047f1$$FastClassBySpringCGLIB$$17dca801.invoke(<generated>)\r\n\tat org.springframework.cglib.proxy.MethodProxy.invokeSuper(MethodProxy.java:244)\r\n\tat org.springframework.context.annotation.ConfigurationClassEnhancer$BeanMethodInterceptor.intercept(ConfigurationClassEnhancer.java:363)\r\n\tat ar.com.lasegunda.utiles.configuracionSpring.SpringConfig$$EnhancerBySpringCGLIB$$8a047f1.getDriver(<generated>)\r\n\tat java.base/jdk.internal.reflect.NativeMethodAccessorImpl.invoke0(Native Method)\r\n\tat java.base/jdk.internal.reflect.NativeMethodAccessorImpl.invoke(NativeMethodAccessorImpl.java:62)\r\n\tat java.base/jdk.internal.reflect.DelegatingMethodAccessorImpl.invoke(DelegatingMethodAccessorImpl.java:43)\r\n\tat java.base/java.lang.reflect.Method.invoke(Method.java:566)\r\n\tat org.springframework.beans.factory.support.SimpleInstantiationStrategy.instantiate(SimpleInstantiationStrategy.java:154)\r\n\t... 77 more\r\n"},"stage":"finished","steps":[],"attachments":[],"parameters":[],"start":1616003278069,"stop":1616003283529}],"afters":[{"name":"ar.com.lasegunda.stepDefinitions.ReporteHook.finalizaEscenarioLog(io.cucumber.java.Scenario)","status":"broken","statusDetails":{"known":false,"muted":false,"flaky":false,"message":"AFTER is failed: Could not invoke hook defined at 'ar.com.lasegunda.stepDefinitions.ReporteHook.finalizaEscenarioLog(io.cucumber.java.Scenario)'.\nIt appears there was a problem with the hook definition.\nThe details are in the stacktrace below.","trace":"io.cucumber.core.exception.CucumberException: Could not invoke hook defined at 'ar.com.lasegunda.stepDefinitions.ReporteHook.finalizaEscenarioLog(io.cucumber.java.Scenario)'.\nIt appears there was a problem with the hook definition.\nThe details are in the stacktrace below.\r\n\tat io.cucumber.core.runner.HookDefinitionMatch.couldNotInvokeHook(HookDefinitionMatch.java:29)\r\n\tat io.cucumber.core.runner.HookDefinitionMatch.runStep(HookDefinitionMatch.java:22)\r\n\tat io.cucumber.core.runner.TestStep.executeStep(TestStep.java:64)\r\n\tat io.cucumber.core.runner.TestStep.run(TestStep.java:49)\r\n\tat io.cucumber.core.runner.TestCase.run(TestCase.java:55)\r\n\tat io.cucumber.core.runner.Runner.runPickle(Runner.java:67)\r\n\tat io.cucumber.junit.PickleRunners$NoStepDescriptions.run(PickleRunners.java:149)\r\n\tat io.cucumber.junit.FeatureRunner.runChild(FeatureRunner.java:83)\r\n\tat io.cucumber.junit.FeatureRunner.runChild(FeatureRunner.java:24)\r\n\tat org.junit.runners.ParentRunner$3.run(ParentRunner.java:290)\r\n\tat org.junit.runners.ParentRunner$1.schedule(ParentRunner.java:71)\r\n\tat org.junit.runners.ParentRunner.runChildren(ParentRunner.java:288)\r\n\tat org.junit.runners.ParentRunner.access$000(ParentRunner.java:58)\r\n\tat org.junit.runners.ParentRunner$2.evaluate(ParentRunner.java:268)\r\n\tat org.junit.runners.ParentRunner.run(ParentRunner.java:363)\r\n\tat io.cucumber.junit.Cucumber.runChild(Cucumber.java:185)\r\n\tat io.cucumber.junit.Cucumber.runChild(Cucumber.java:83)\r\n\tat org.junit.runners.ParentRunner$3.run(ParentRunner.java:290)\r\n\tat org.junit.runners.ParentRunner$1.schedule(ParentRunner.java:71)\r\n\tat org.junit.runners.ParentRunner.runChildren(ParentRunner.java:288)\r\n\tat org.junit.runners.ParentRunner.access$000(ParentRunner.java:58)\r\n\tat org.junit.runners.ParentRunner$2.evaluate(ParentRunner.java:268)\r\n\tat io.cucumber.junit.Cucumber$RunCucumber.evaluate(Cucumber.java:219)\r\n\tat org.junit.internal.runners.statements.RunAfters.evaluate(RunAfters.java:27)\r\n\tat org.junit.runners.ParentRunner.run(ParentRunner.java:363)\r\n\tat org.apache.maven.surefire.junit4.JUnit4Provider.execute(JUnit4Provider.java:364)\r\n\tat org.apache.maven.surefire.junit4.JUnit4Provider.executeWithRerun(JUnit4Provider.java:272)\r\n\tat org.apache.maven.surefire.junit4.JUnit4Provider.executeTestSet(JUnit4Provider.java:237)\r\n\tat org.apache.maven.surefire.junit4.JUnit4Provider.invoke(JUnit4Provider.java:158)\r\n\tat org.apache.maven.surefire.booter.ForkedBooter.runSuitesInProcess(ForkedBooter.java:428)\r\n\tat org.apache.maven.surefire.booter.ForkedBooter.execute(ForkedBooter.java:162)\r\n\tat org.apache.maven.surefire.booter.ForkedBooter.run(ForkedBooter.java:562)\r\n\tat org.apache.maven.surefire.booter.ForkedBooter.main(ForkedBooter.java:548)\r\nCaused by: io.cucumber.core.backend.CucumberBackendException: Error creating bean with name 'ar.com.lasegunda.stepDefinitions.ReporteHook': Unsatisfied dependency expressed through field 'manejoErrores'; nested exception is org.springframework.beans.factory.UnsatisfiedDependencyException: Error creating bean with name 'manejoErrores': Unsatisfied dependency expressed through field 'driver'; nested exception is org.springframework.beans.factory.BeanCreationException: Error creating bean with name 'getDriver' defined in class path resource [ar/com/lasegunda/utiles/configuracionSpring/SpringConfig.class]: Bean instantiation via factory method failed; nested exception is org.springframework.beans.BeanInstantiationException: Failed to instantiate [org.openqa.selenium.WebDriver]: Factory method 'getDriver' threw exception; nested exception is org.openqa.selenium.SessionNotCreatedException: session not created: This version of ChromeDriver only supports Chrome version 84\nBuild info: version: '4.0.0-alpha-4', revision: 'c2d955b49e'\nSystem info: host: 'NBEKIPPES', ip: '10.8.49.193', os.name: 'Windows 10', os.arch: 'amd64', os.version: '10.0', java.version: '11.0.9'\nDriver info: driver.version: ChromeDriver\nremote stacktrace: Backtrace:\n\tOrdinal0 [0x011687E3+2852835]\n\tOrdinal0 [0x01055BB1+1727409]\n\tOrdinal0 [0x00F2E4B9+517305]\n\tOrdinal0 [0x00EC0BA0+68512]\n\tOrdinal0 [0x00EBD3A0+54176]\n\tOrdinal0 [0x00EDD9F7+186871]\n\tOrdinal0 [0x00EDD7FD+186365]\n\tOrdinal0 [0x00EDB70B+177931]\n\tOrdinal0 [0x00EC2584+75140]\n\tOrdinal0 [0x00EC3650+79440]\n\tOrdinal0 [0x00EC35E9+79337]\n\tOrdinal0 [0x0106AD5C+1813852]\n\tGetHandleVerifier [0x0128C616+1075574]\n\tGetHandleVerifier [0x0128C367+1074887]\n\tGetHandleVerifier [0x01297497+1120247]\n\tGetHandleVerifier [0x0128CC16+1077110]\n\tOrdinal0 [0x01063206+1782278]\n\tOrdinal0 [0x0106C3BB+1819579]\n\tOrdinal0 [0x0106C523+1819939]\n\tOrdinal0 [0x01082B45+1911621]\n\tBaseThreadInitThunk [0x760BFA29+25]\n\tRtlGetAppContainerNamedObjectPath [0x777076B4+228]\n\tRtlGetAppContainerNamedObjectPath [0x77707684+180]\n\r\n\tat io.cucumber.spring.SpringFactory.getInstance(SpringFactory.java:175)\r\n\tat io.cucumber.java.JavaHookDefinition.execute(JavaHookDefinition.java:61)\r\n\tat io.cucumber.core.runner.CoreHookDefinition.execute(CoreHookDefinition.java:31)\r\n\tat io.cucumber.core.runner.HookDefinitionMatch.runStep(HookDefinitionMatch.java:20)\r\n\t... 31 more\r\nCaused by: org.springframework.beans.factory.UnsatisfiedDependencyException: Error creating bean with name 'ar.com.lasegunda.stepDefinitions.ReporteHook': Unsatisfied dependency expressed through field 'manejoErrores'; nested exception is org.springframework.beans.factory.UnsatisfiedDependencyException: Error creating bean with name 'manejoErrores': Unsatisfied dependency expressed through field 'driver'; nested exception is org.springframework.beans.factory.BeanCreationException: Error creating bean with name 'getDriver' defined in class path resource [ar/com/lasegunda/utiles/configuracionSpring/SpringConfig.class]: Bean instantiation via factory method failed; nested exception is org.springframework.beans.BeanInstantiationException: Failed to instantiate [org.openqa.selenium.WebDriver]: Factory method 'getDriver' threw exception; nested exception is org.openqa.selenium.SessionNotCreatedException: session not created: This version of ChromeDriver only supports Chrome version 84\nBuild info: version: '4.0.0-alpha-4', revision: 'c2d955b49e'\nSystem info: host: 'NBEKIPPES', ip: '10.8.49.193', os.name: 'Windows 10', os.arch: 'amd64', os.version: '10.0', java.version: '11.0.9'\nDriver info: driver.version: ChromeDriver\nremote stacktrace: Backtrace:\n\tOrdinal0 [0x011687E3+2852835]\n\tOrdinal0 [0x01055BB1+1727409]\n\tOrdinal0 [0x00F2E4B9+517305]\n\tOrdinal0 [0x00EC0BA0+68512]\n\tOrdinal0 [0x00EBD3A0+54176]\n\tOrdinal0 [0x00EDD9F7+186871]\n\tOrdinal0 [0x00EDD7FD+186365]\n\tOrdinal0 [0x00EDB70B+177931]\n\tOrdinal0 [0x00EC2584+75140]\n\tOrdinal0 [0x00EC3650+79440]\n\tOrdinal0 [0x00EC35E9+79337]\n\tOrdinal0 [0x0106AD5C+1813852]\n\tGetHandleVerifier [0x0128C616+1075574]\n\tGetHandleVerifier [0x0128C367+1074887]\n\tGetHandleVerifier [0x01297497+1120247]\n\tGetHandleVerifier [0x0128CC16+1077110]\n\tOrdinal0 [0x01063206+1782278]\n\tOrdinal0 [0x0106C3BB+1819579]\n\tOrdinal0 [0x0106C523+1819939]\n\tOrdinal0 [0x01082B45+1911621]\n\tBaseThreadInitThunk [0x760BFA29+25]\n\tRtlGetAppContainerNamedObjectPath [0x777076B4+228]\n\tRtlGetAppContainerNamedObjectPath [0x77707684+180]\n\r\n\tat org.springframework.beans.factory.annotation.AutowiredAnnotationBeanPostProcessor$AutowiredFieldElement.inject(AutowiredAnnotationBeanPostProcessor.java:596)\r\n\tat org.springframework.beans.factory.annotation.InjectionMetadata.inject(InjectionMetadata.java:90)\r\n\tat org.springframework.beans.factory.annotation.AutowiredAnnotationBeanPostProcessor.postProcessProperties(AutowiredAnnotationBeanPostProcessor.java:374)\r\n\tat org.springframework.beans.factory.support.AbstractAutowireCapableBeanFactory.populateBean(AbstractAutowireCapableBeanFactory.java:1378)\r\n\tat org.springframework.beans.factory.support.AbstractAutowireCapableBeanFactory.doCreateBean(AbstractAutowireCapableBeanFactory.java:575)\r\n\tat org.springframework.beans.factory.support.AbstractAutowireCapableBeanFactory.createBean(AbstractAutowireCapableBeanFactory.java:498)\r\n\tat org.springframework.beans.factory.support.AbstractBeanFactory.lambda$doGetBean$1(AbstractBeanFactory.java:356)\r\n\tat io.cucumber.spring.GlueCodeScope.get(GlueCodeScope.java:13)\r\n\tat org.springframework.beans.factory.support.AbstractBeanFactory.doGetBean(AbstractBeanFactory.java:353)\r\n\tat org.springframework.beans.factory.support.AbstractBeanFactory.getBean(AbstractBeanFactory.java:224)\r\n\tat org.springframework.beans.factory.support.DefaultListableBeanFactory.resolveNamedBean(DefaultListableBeanFactory.java:1112)\r\n\tat org.springframework.beans.factory.support.DefaultListableBeanFactory.resolveBean(DefaultListableBeanFactory.java:407)\r\n\tat org.springframework.beans.factory.support.DefaultListableBeanFactory.getBean(DefaultListableBeanFactory.java:341)\r\n\tat org.springframework.beans.factory.support.DefaultListableBeanFactory.getBean(DefaultListableBeanFactory.java:335)\r\n\tat org.springframework.context.support.AbstractApplicationContext.getBean(AbstractApplicationContext.java:1101)\r\n\tat io.cucumber.spring.TestContextAdaptor.getInstance(TestContextAdaptor.java:69)\r\n\tat io.cucumber.spring.SpringFactory.getInstance(SpringFactory.java:173)\r\n\t... 34 more\r\nCaused by: org.springframework.beans.factory.UnsatisfiedDependencyException: Error creating bean with name 'manejoErrores': Unsatisfied dependency expressed through field 'driver'; nested exception is org.springframework.beans.factory.BeanCreationException: Error creating bean with name 'getDriver' defined in class path resource [ar/com/lasegunda/utiles/configuracionSpring/SpringConfig.class]: Bean instantiation via factory method failed; nested exception is org.springframework.beans.BeanInstantiationException: Failed to instantiate [org.openqa.selenium.WebDriver]: Factory method 'getDriver' threw exception; nested exception is org.openqa.selenium.SessionNotCreatedException: session not created: This version of ChromeDriver only supports Chrome version 84\nBuild info: version: '4.0.0-alpha-4', revision: 'c2d955b49e'\nSystem info: host: 'NBEKIPPES', ip: '10.8.49.193', os.name: 'Windows 10', os.arch: 'amd64', os.version: '10.0', java.version: '11.0.9'\nDriver info: driver.version: ChromeDriver\nremote stacktrace: Backtrace:\n\tOrdinal0 [0x011687E3+2852835]\n\tOrdinal0 [0x01055BB1+1727409]\n\tOrdinal0 [0x00F2E4B9+517305]\n\tOrdinal0 [0x00EC0BA0+68512]\n\tOrdinal0 [0x00EBD3A0+54176]\n\tOrdinal0 [0x00EDD9F7+186871]\n\tOrdinal0 [0x00EDD7FD+186365]\n\tOrdinal0 [0x00EDB70B+177931]\n\tOrdinal0 [0x00EC2584+75140]\n\tOrdinal0 [0x00EC3650+79440]\n\tOrdinal0 [0x00EC35E9+79337]\n\tOrdinal0 [0x0106AD5C+1813852]\n\tGetHandleVerifier [0x0128C616+1075574]\n\tGetHandleVerifier [0x0128C367+1074887]\n\tGetHandleVerifier [0x01297497+1120247]\n\tGetHandleVerifier [0x0128CC16+1077110]\n\tOrdinal0 [0x01063206+1782278]\n\tOrdinal0 [0x0106C3BB+1819579]\n\tOrdinal0 [0x0106C523+1819939]\n\tOrdinal0 [0x01082B45+1911621]\n\tBaseThreadInitThunk [0x760BFA29+25]\n\tRtlGetAppContainerNamedObjectPath [0x777076B4+228]\n\tRtlGetAppContainerNamedObjectPath [0x77707684+180]\n\r\n\tat org.springframework.beans.factory.annotation.AutowiredAnnotationBeanPostProcessor$AutowiredFieldElement.inject(AutowiredAnnotationBeanPostProcessor.java:596)\r\n\tat org.springframework.beans.factory.annotation.InjectionMetadata.inject(InjectionMetadata.java:90)\r\n\tat org.springframework.beans.factory.annotation.AutowiredAnnotationBeanPostProcessor.postProcessProperties(AutowiredAnnotationBeanPostProcessor.java:374)\r\n\tat org.springframework.beans.factory.support.AbstractAutowireCapableBeanFactory.populateBean(AbstractAutowireCapableBeanFactory.java:1378)\r\n\tat org.springframework.beans.factory.support.AbstractAutowireCapableBeanFactory.doCreateBean(AbstractAutowireCapableBeanFactory.java:575)\r\n\tat org.springframework.beans.factory.support.AbstractAutowireCapableBeanFactory.createBean(AbstractAutowireCapableBeanFactory.java:498)\r\n\tat org.springframework.beans.factory.support.AbstractBeanFactory.lambda$doGetBean$1(AbstractBeanFactory.java:356)\r\n\tat io.cucumber.spring.GlueCodeScope.get(GlueCodeScope.java:13)\r\n\tat org.springframework.beans.factory.support.AbstractBeanFactory.doGetBean(AbstractBeanFactory.java:353)\r\n\tat org.springframework.beans.factory.support.AbstractBeanFactory.getBean(AbstractBeanFactory.java:199)\r\n\tat org.springframework.beans.factory.config.DependencyDescriptor.resolveCandidate(DependencyDescriptor.java:277)\r\n\tat org.springframework.beans.factory.support.DefaultListableBeanFactory.doResolveDependency(DefaultListableBeanFactory.java:1244)\r\n\tat org.springframework.beans.factory.support.DefaultListableBeanFactory.resolveDependency(DefaultListableBeanFactory.java:1164)\r\n\tat org.springframework.beans.factory.annotation.AutowiredAnnotationBeanPostProcessor$AutowiredFieldElement.inject(AutowiredAnnotationBeanPostProcessor.java:593)\r\n\t... 50 more\r\nCaused by: org.springframework.beans.factory.BeanCreationException: Error creating bean with name 'getDriver' defined in class path resource [ar/com/lasegunda/utiles/configuracionSpring/SpringConfig.class]: Bean instantiation via factory method failed; nested exception is org.springframework.beans.BeanInstantiationException: Failed to instantiate [org.openqa.selenium.WebDriver]: Factory method 'getDriver' threw exception; nested exception is org.openqa.selenium.SessionNotCreatedException: session not created: This version of ChromeDriver only supports Chrome version 84\nBuild info: version: '4.0.0-alpha-4', revision: 'c2d955b49e'\nSystem info: host: 'NBEKIPPES', ip: '10.8.49.193', os.name: 'Windows 10', os.arch: 'amd64', os.version: '10.0', java.version: '11.0.9'\nDriver info: driver.version: ChromeDriver\nremote stacktrace: Backtrace:\n\tOrdinal0 [0x011687E3+2852835]\n\tOrdinal0 [0x01055BB1+1727409]\n\tOrdinal0 [0x00F2E4B9+517305]\n\tOrdinal0 [0x00EC0BA0+68512]\n\tOrdinal0 [0x00EBD3A0+54176]\n\tOrdinal0 [0x00EDD9F7+186871]\n\tOrdinal0 [0x00EDD7FD+186365]\n\tOrdinal0 [0x00EDB70B+177931]\n\tOrdinal0 [0x00EC2584+75140]\n\tOrdinal0 [0x00EC3650+79440]\n\tOrdinal0 [0x00EC35E9+79337]\n\tOrdinal0 [0x0106AD5C+1813852]\n\tGetHandleVerifier [0x0128C616+1075574]\n\tGetHandleVerifier [0x0128C367+1074887]\n\tGetHandleVerifier [0x01297497+1120247]\n\tGetHandleVerifier [0x0128CC16+1077110]\n\tOrdinal0 [0x01063206+1782278]\n\tOrdinal0 [0x0106C3BB+1819579]\n\tOrdinal0 [0x0106C523+1819939]\n\tOrdinal0 [0x01082B45+1911621]\n\tBaseThreadInitThunk [0x760BFA29+25]\n\tRtlGetAppContainerNamedObjectPath [0x777076B4+228]\n\tRtlGetAppContainerNamedObjectPath [0x77707684+180]\n\r\n\tat org.springframework.beans.factory.support.ConstructorResolver.instantiate(ConstructorResolver.java:627)\r\n\tat org.springframework.beans.factory.support.ConstructorResolver.instantiateUsingFactoryMethod(ConstructorResolver.java:456)\r\n\tat org.springframework.beans.factory.support.AbstractAutowireCapableBeanFactory.instantiateUsingFactoryMethod(AbstractAutowireCapableBeanFactory.java:1288)\r\n\tat org.springframework.beans.factory.support.AbstractAutowireCapableBeanFactory.createBeanInstance(AbstractAutowireCapableBeanFactory.java:1127)\r\n\tat org.springframework.beans.factory.support.AbstractAutowireCapableBeanFactory.doCreateBean(AbstractAutowireCapableBeanFactory.java:538)\r\n\tat org.springframework.beans.factory.support.AbstractAutowireCapableBeanFactory.createBean(AbstractAutowireCapableBeanFactory.java:498)\r\n\tat org.springframework.beans.factory.support.AbstractBeanFactory.lambda$doGetBean$1(AbstractBeanFactory.java:356)\r\n\tat io.cucumber.spring.GlueCodeScope.get(GlueCodeScope.java:13)\r\n\tat org.springframework.beans.factory.support.AbstractBeanFactory.doGetBean(AbstractBeanFactory.java:353)\r\n\tat org.springframework.beans.factory.support.AbstractBeanFactory.getBean(AbstractBeanFactory.java:199)\r\n\tat org.springframework.beans.factory.config.DependencyDescriptor.resolveCandidate(DependencyDescriptor.java:277)\r\n\tat org.springframework.beans.factory.support.DefaultListableBeanFactory.doResolveDependency(DefaultListableBeanFactory.java:1244)\r\n\tat org.springframework.beans.factory.support.DefaultListableBeanFactory.resolveDependency(DefaultListableBeanFactory.java:1164)\r\n\tat org.springframework.beans.factory.annotation.AutowiredAnnotationBeanPostProcessor$AutowiredFieldElement.inject(AutowiredAnnotationBeanPostProcessor.java:593)\r\n\t... 63 more\r\nCaused by: org.springframework.beans.BeanInstantiationException: Failed to instantiate [org.openqa.selenium.WebDriver]: Factory method 'getDriver' threw exception; nested exception is org.openqa.selenium.SessionNotCreatedException: session not created: This version of ChromeDriver only supports Chrome version 84\nBuild info: version: '4.0.0-alpha-4', revision: 'c2d955b49e'\nSystem info: host: 'NBEKIPPES', ip: '10.8.49.193', os.name: 'Windows 10', os.arch: 'amd64', os.version: '10.0', java.version: '11.0.9'\nDriver info: driver.version: ChromeDriver\nremote stacktrace: Backtrace:\n\tOrdinal0 [0x011687E3+2852835]\n\tOrdinal0 [0x01055BB1+1727409]\n\tOrdinal0 [0x00F2E4B9+517305]\n\tOrdinal0 [0x00EC0BA0+68512]\n\tOrdinal0 [0x00EBD3A0+54176]\n\tOrdinal0 [0x00EDD9F7+186871]\n\tOrdinal0 [0x00EDD7FD+186365]\n\tOrdinal0 [0x00EDB70B+177931]\n\tOrdinal0 [0x00EC2584+75140]\n\tOrdinal0 [0x00EC3650+79440]\n\tOrdinal0 [0x00EC35E9+79337]\n\tOrdinal0 [0x0106AD5C+1813852]\n\tGetHandleVerifier [0x0128C616+1075574]\n\tGetHandleVerifier [0x0128C367+1074887]\n\tGetHandleVerifier [0x01297497+1120247]\n\tGetHandleVerifier [0x0128CC16+1077110]\n\tOrdinal0 [0x01063206+1782278]\n\tOrdinal0 [0x0106C3BB+1819579]\n\tOrdinal0 [0x0106C523+1819939]\n\tOrdinal0 [0x01082B45+1911621]\n\tBaseThreadInitThunk [0x760BFA29+25]\n\tRtlGetAppContainerNamedObjectPath [0x777076B4+228]\n\tRtlGetAppContainerNamedObjectPath [0x77707684+180]\n\r\n\tat org.springframework.beans.factory.support.SimpleInstantiationStrategy.instantiate(SimpleInstantiationStrategy.java:185)\r\n\tat org.springframework.beans.factory.support.ConstructorResolver.instantiate(ConstructorResolver.java:622)\r\n\t... 76 more\r\nCaused by: org.openqa.selenium.SessionNotCreatedException: session not created: This version of ChromeDriver only supports Chrome version 84\nBuild info: version: '4.0.0-alpha-4', revision: 'c2d955b49e'\nSystem info: host: 'NBEKIPPES', ip: '10.8.49.193', os.name: 'Windows 10', os.arch: 'amd64', os.version: '10.0', java.version: '11.0.9'\nDriver info: driver.version: ChromeDriver\nremote stacktrace: Backtrace:\n\tOrdinal0 [0x011687E3+2852835]\n\tOrdinal0 [0x01055BB1+1727409]\n\tOrdinal0 [0x00F2E4B9+517305]\n\tOrdinal0 [0x00EC0BA0+68512]\n\tOrdinal0 [0x00EBD3A0+54176]\n\tOrdinal0 [0x00EDD9F7+186871]\n\tOrdinal0 [0x00EDD7FD+186365]\n\tOrdinal0 [0x00EDB70B+177931]\n\tOrdinal0 [0x00EC2584+75140]\n\tOrdinal0 [0x00EC3650+79440]\n\tOrdinal0 [0x00EC35E9+79337]\n\tOrdinal0 [0x0106AD5C+1813852]\n\tGetHandleVerifier [0x0128C616+1075574]\n\tGetHandleVerifier [0x0128C367+1074887]\n\tGetHandleVerifier [0x01297497+1120247]\n\tGetHandleVerifier [0x0128CC16+1077110]\n\tOrdinal0 [0x01063206+1782278]\n\tOrdinal0 [0x0106C3BB+1819579]\n\tOrdinal0 [0x0106C523+1819939]\n\tOrdinal0 [0x01082B45+1911621]\n\tBaseThreadInitThunk [0x760BFA29+25]\n\tRtlGetAppContainerNamedObjectPath [0x777076B4+228]\n\tRtlGetAppContainerNamedObjectPath [0x77707684+180]\n\r\n\tat java.base/jdk.internal.reflect.NativeConstructorAccessorImpl.newInstance0(Native Method)\r\n\tat java.base/jdk.internal.reflect.NativeConstructorAccessorImpl.newInstance(NativeConstructorAccessorImpl.java:62)\r\n\tat java.base/jdk.internal.reflect.DelegatingConstructorAccessorImpl.newInstance(DelegatingConstructorAccessorImpl.java:45)\r\n\tat java.base/java.lang.reflect.Constructor.newInstance(Constructor.java:490)\r\n\tat org.openqa.selenium.remote.W3CHandshakeResponse.lambda$errorHandler$0(W3CHandshakeResponse.java:62)\r\n\tat org.openqa.selenium.remote.HandshakeResponse.lambda$getResponseFunction$0(HandshakeResponse.java:30)\r\n\tat org.openqa.selenium.remote.ProtocolHandshake.lambda$createSession$1(ProtocolHandshake.java:126)\r\n\tat java.base/java.util.stream.ReferencePipeline$3$1.accept(ReferencePipeline.java:195)\r\n\tat java.base/java.util.Spliterators$ArraySpliterator.tryAdvance(Spliterators.java:958)\r\n\tat java.base/java.util.stream.ReferencePipeline.forEachWithCancel(ReferencePipeline.java:127)\r\n\tat java.base/java.util.stream.AbstractPipeline.copyIntoWithCancel(AbstractPipeline.java:502)\r\n\tat java.base/java.util.stream.AbstractPipeline.copyInto(AbstractPipeline.java:488)\r\n\tat java.base/java.util.stream.AbstractPipeline.wrapAndCopyInto(AbstractPipeline.java:474)\r\n\tat java.base/java.util.stream.FindOps$FindOp.evaluateSequential(FindOps.java:150)\r\n\tat java.base/java.util.stream.AbstractPipeline.evaluate(AbstractPipeline.java:234)\r\n\tat java.base/java.util.stream.ReferencePipeline.findFirst(ReferencePipeline.java:543)\r\n\tat org.openqa.selenium.remote.ProtocolHandshake.createSession(ProtocolHandshake.java:128)\r\n\tat org.openqa.selenium.remote.ProtocolHandshake.createSession(ProtocolHandshake.java:75)\r\n\tat org.openqa.selenium.remote.HttpCommandExecutor.execute(HttpCommandExecutor.java:139)\r\n\tat org.openqa.selenium.remote.service.DriverCommandExecutor.execute(DriverCommandExecutor.java:83)\r\n\tat org.openqa.selenium.remote.RemoteWebDriver.execute(RemoteWebDriver.java:582)\r\n\tat org.openqa.selenium.remote.RemoteWebDriver.startSession(RemoteWebDriver.java:216)\r\n\tat org.openqa.selenium.remote.RemoteWebDriver.<init>(RemoteWebDriver.java:136)\r\n\tat org.openqa.selenium.chromium.ChromiumDriver.<init>(ChromiumDriver.java:75)\r\n\tat org.openqa.selenium.chrome.ChromeDriver.<init>(ChromeDriver.java:163)\r\n\tat org.openqa.selenium.chrome.ChromeDriver.<init>(ChromeDriver.java:150)\r\n\tat org.openqa.selenium.chrome.ChromeDriver.<init>(ChromeDriver.java:105)\r\n\tat ar.com.lasegunda.utiles.driversBrowser.ChromeDriverManager.createDriver(ChromeDriverManager.java:12)\r\n\tat ar.com.lasegunda.utiles.driversBrowser.DriverManager.getDriver(DriverManager.java:18)\r\n\tat ar.com.lasegunda.utiles.configuracionSpring.SpringConfig.getDriver(SpringConfig.java:40)\r\n\tat ar.com.lasegunda.utiles.configuracionSpring.SpringConfig$$EnhancerBySpringCGLIB$$8a047f1.CGLIB$getDriver$1(<generated>)\r\n\tat ar.com.lasegunda.utiles.configuracionSpring.SpringConfig$$EnhancerBySpringCGLIB$$8a047f1$$FastClassBySpringCGLIB$$17dca801.invoke(<generated>)\r\n\tat org.springframework.cglib.proxy.MethodProxy.invokeSuper(MethodProxy.java:244)\r\n\tat org.springframework.context.annotation.ConfigurationClassEnhancer$BeanMethodInterceptor.intercept(ConfigurationClassEnhancer.java:363)\r\n\tat ar.com.lasegunda.utiles.configuracionSpring.SpringConfig$$EnhancerBySpringCGLIB$$8a047f1.getDriver(<generated>)\r\n\tat java.base/jdk.internal.reflect.NativeMethodAccessorImpl.invoke0(Native Method)\r\n\tat java.base/jdk.internal.reflect.NativeMethodAccessorImpl.invoke(NativeMethodAccessorImpl.java:62)\r\n\tat java.base/jdk.internal.reflect.DelegatingMethodAccessorImpl.invoke(DelegatingMethodAccessorImpl.java:43)\r\n\tat java.base/java.lang.reflect.Method.invoke(Method.java:566)\r\n\tat org.springframework.beans.factory.support.SimpleInstantiationStrategy.instantiate(SimpleInstantiationStrategy.java:154)\r\n\t... 77 more\r\n"},"stage":"finished","steps":[],"attachments":[],"parameters":[],"start":1616003283552,"stop":1616003285134},{"name":"ar.com.lasegunda.stepDefinitions.ReporteHook.tomarCapturaCuandoFallaEscenario(io.cucumber.java.Scenario)","status":"broken","statusDetails":{"known":false,"muted":false,"flaky":false,"message":"AFTER is failed: Could not invoke hook defined at 'ar.com.lasegunda.stepDefinitions.ReporteHook.tomarCapturaCuandoFallaEscenario(io.cucumber.java.Scenario)'.\nIt appears there was a problem with the hook definition.\nThe details are in the stacktrace below.","trace":"io.cucumber.core.exception.CucumberException: Could not invoke hook defined at 'ar.com.lasegunda.stepDefinitions.ReporteHook.tomarCapturaCuandoFallaEscenario(io.cucumber.java.Scenario)'.\nIt appears there was a problem with the hook definition.\nThe details are in the stacktrace below.\r\n\tat io.cucumber.core.runner.HookDefinitionMatch.couldNotInvokeHook(HookDefinitionMatch.java:29)\r\n\tat io.cucumber.core.runner.HookDefinitionMatch.runStep(HookDefinitionMatch.java:22)\r\n\tat io.cucumber.core.runner.TestStep.executeStep(TestStep.java:64)\r\n\tat io.cucumber.core.runner.TestStep.run(TestStep.java:49)\r\n\tat io.cucumber.core.runner.TestCase.run(TestCase.java:55)\r\n\tat io.cucumber.core.runner.Runner.runPickle(Runner.java:67)\r\n\tat io.cucumber.junit.PickleRunners$NoStepDescriptions.run(PickleRunners.java:149)\r\n\tat io.cucumber.junit.FeatureRunner.runChild(FeatureRunner.java:83)\r\n\tat io.cucumber.junit.FeatureRunner.runChild(FeatureRunner.java:24)\r\n\tat org.junit.runners.ParentRunner$3.run(ParentRunner.java:290)\r\n\tat org.junit.runners.ParentRunner$1.schedule(ParentRunner.java:71)\r\n\tat org.junit.runners.ParentRunner.runChildren(ParentRunner.java:288)\r\n\tat org.junit.runners.ParentRunner.access$000(ParentRunner.java:58)\r\n\tat org.junit.runners.ParentRunner$2.evaluate(ParentRunner.java:268)\r\n\tat org.junit.runners.ParentRunner.run(ParentRunner.java:363)\r\n\tat io.cucumber.junit.Cucumber.runChild(Cucumber.java:185)\r\n\tat io.cucumber.junit.Cucumber.runChild(Cucumber.java:83)\r\n\tat org.junit.runners.ParentRunner$3.run(ParentRunner.java:290)\r\n\tat org.junit.runners.ParentRunner$1.schedule(ParentRunner.java:71)\r\n\tat org.junit.runners.ParentRunner.runChildren(ParentRunner.java:288)\r\n\tat org.junit.runners.ParentRunner.access$000(ParentRunner.java:58)\r\n\tat org.junit.runners.ParentRunner$2.evaluate(ParentRunner.java:268)\r\n\tat io.cucumber.junit.Cucumber$RunCucumber.evaluate(Cucumber.java:219)\r\n\tat org.junit.internal.runners.statements.RunAfters.evaluate(RunAfters.java:27)\r\n\tat org.junit.runners.ParentRunner.run(ParentRunner.java:363)\r\n\tat org.apache.maven.surefire.junit4.JUnit4Provider.execute(JUnit4Provider.java:364)\r\n\tat org.apache.maven.surefire.junit4.JUnit4Provider.executeWithRerun(JUnit4Provider.java:272)\r\n\tat org.apache.maven.surefire.junit4.JUnit4Provider.executeTestSet(JUnit4Provider.java:237)\r\n\tat org.apache.maven.surefire.junit4.JUnit4Provider.invoke(JUnit4Provider.java:158)\r\n\tat org.apache.maven.surefire.booter.ForkedBooter.runSuitesInProcess(ForkedBooter.java:428)\r\n\tat org.apache.maven.surefire.booter.ForkedBooter.execute(ForkedBooter.java:162)\r\n\tat org.apache.maven.surefire.booter.ForkedBooter.run(ForkedBooter.java:562)\r\n\tat org.apache.maven.surefire.booter.ForkedBooter.main(ForkedBooter.java:548)\r\nCaused by: io.cucumber.core.backend.CucumberBackendException: Error creating bean with name 'ar.com.lasegunda.stepDefinitions.ReporteHook': Unsatisfied dependency expressed through field 'manejoErrores'; nested exception is org.springframework.beans.factory.UnsatisfiedDependencyException: Error creating bean with name 'manejoErrores': Unsatisfied dependency expressed through field 'driver'; nested exception is org.springframework.beans.factory.BeanCreationException: Error creating bean with name 'getDriver' defined in class path resource [ar/com/lasegunda/utiles/configuracionSpring/SpringConfig.class]: Bean instantiation via factory method failed; nested exception is org.springframework.beans.BeanInstantiationException: Failed to instantiate [org.openqa.selenium.WebDriver]: Factory method 'getDriver' threw exception; nested exception is org.openqa.selenium.SessionNotCreatedException: session not created: This version of ChromeDriver only supports Chrome version 84\nBuild info: version: '4.0.0-alpha-4', revision: 'c2d955b49e'\nSystem info: host: 'NBEKIPPES', ip: '10.8.49.193', os.name: 'Windows 10', os.arch: 'amd64', os.version: '10.0', java.version: '11.0.9'\nDriver info: driver.version: ChromeDriver\nremote stacktrace: Backtrace:\n\tOrdinal0 [0x011687E3+2852835]\n\tOrdinal0 [0x01055BB1+1727409]\n\tOrdinal0 [0x00F2E4B9+517305]\n\tOrdinal0 [0x00EC0BA0+68512]\n\tOrdinal0 [0x00EBD3A0+54176]\n\tOrdinal0 [0x00EDD9F7+186871]\n\tOrdinal0 [0x00EDD7FD+186365]\n\tOrdinal0 [0x00EDB70B+177931]\n\tOrdinal0 [0x00EC2584+75140]\n\tOrdinal0 [0x00EC3650+79440]\n\tOrdinal0 [0x00EC35E9+79337]\n\tOrdinal0 [0x0106AD5C+1813852]\n\tGetHandleVerifier [0x0128C616+1075574]\n\tGetHandleVerifier [0x0128C367+1074887]\n\tGetHandleVerifier [0x01297497+1120247]\n\tGetHandleVerifier [0x0128CC16+1077110]\n\tOrdinal0 [0x01063206+1782278]\n\tOrdinal0 [0x0106C3BB+1819579]\n\tOrdinal0 [0x0106C523+1819939]\n\tOrdinal0 [0x01082B45+1911621]\n\tBaseThreadInitThunk [0x760BFA29+25]\n\tRtlGetAppContainerNamedObjectPath [0x777076B4+228]\n\tRtlGetAppContainerNamedObjectPath [0x77707684+180]\n\r\n\tat io.cucumber.spring.SpringFactory.getInstance(SpringFactory.java:175)\r\n\tat io.cucumber.java.JavaHookDefinition.execute(JavaHookDefinition.java:61)\r\n\tat io.cucumber.core.runner.CoreHookDefinition.execute(CoreHookDefinition.java:31)\r\n\tat io.cucumber.core.runner.HookDefinitionMatch.runStep(HookDefinitionMatch.java:20)\r\n\t... 31 more\r\nCaused by: org.springframework.beans.factory.UnsatisfiedDependencyException: Error creating bean with name 'ar.com.lasegunda.stepDefinitions.ReporteHook': Unsatisfied dependency expressed through field 'manejoErrores'; nested exception is org.springframework.beans.factory.UnsatisfiedDependencyException: Error creating bean with name 'manejoErrores': Unsatisfied dependency expressed through field 'driver'; nested exception is org.springframework.beans.factory.BeanCreationException: Error creating bean with name 'getDriver' defined in class path resource [ar/com/lasegunda/utiles/configuracionSpring/SpringConfig.class]: Bean instantiation via factory method failed; nested exception is org.springframework.beans.BeanInstantiationException: Failed to instantiate [org.openqa.selenium.WebDriver]: Factory method 'getDriver' threw exception; nested exception is org.openqa.selenium.SessionNotCreatedException: session not created: This version of ChromeDriver only supports Chrome version 84\nBuild info: version: '4.0.0-alpha-4', revision: 'c2d955b49e'\nSystem info: host: 'NBEKIPPES', ip: '10.8.49.193', os.name: 'Windows 10', os.arch: 'amd64', os.version: '10.0', java.version: '11.0.9'\nDriver info: driver.version: ChromeDriver\nremote stacktrace: Backtrace:\n\tOrdinal0 [0x011687E3+2852835]\n\tOrdinal0 [0x01055BB1+1727409]\n\tOrdinal0 [0x00F2E4B9+517305]\n\tOrdinal0 [0x00EC0BA0+68512]\n\tOrdinal0 [0x00EBD3A0+54176]\n\tOrdinal0 [0x00EDD9F7+186871]\n\tOrdinal0 [0x00EDD7FD+186365]\n\tOrdinal0 [0x00EDB70B+177931]\n\tOrdinal0 [0x00EC2584+75140]\n\tOrdinal0 [0x00EC3650+79440]\n\tOrdinal0 [0x00EC35E9+79337]\n\tOrdinal0 [0x0106AD5C+1813852]\n\tGetHandleVerifier [0x0128C616+1075574]\n\tGetHandleVerifier [0x0128C367+1074887]\n\tGetHandleVerifier [0x01297497+1120247]\n\tGetHandleVerifier [0x0128CC16+1077110]\n\tOrdinal0 [0x01063206+1782278]\n\tOrdinal0 [0x0106C3BB+1819579]\n\tOrdinal0 [0x0106C523+1819939]\n\tOrdinal0 [0x01082B45+1911621]\n\tBaseThreadInitThunk [0x760BFA29+25]\n\tRtlGetAppContainerNamedObjectPath [0x777076B4+228]\n\tRtlGetAppContainerNamedObjectPath [0x77707684+180]\n\r\n\tat org.springframework.beans.factory.annotation.AutowiredAnnotationBeanPostProcessor$AutowiredFieldElement.inject(AutowiredAnnotationBeanPostProcessor.java:596)\r\n\tat org.springframework.beans.factory.annotation.InjectionMetadata.inject(InjectionMetadata.java:90)\r\n\tat org.springframework.beans.factory.annotation.AutowiredAnnotationBeanPostProcessor.postProcessProperties(AutowiredAnnotationBeanPostProcessor.java:374)\r\n\tat org.springframework.beans.factory.support.AbstractAutowireCapableBeanFactory.populateBean(AbstractAutowireCapableBeanFactory.java:1378)\r\n\tat org.springframework.beans.factory.support.AbstractAutowireCapableBeanFactory.doCreateBean(AbstractAutowireCapableBeanFactory.java:575)\r\n\tat org.springframework.beans.factory.support.AbstractAutowireCapableBeanFactory.createBean(AbstractAutowireCapableBeanFactory.java:498)\r\n\tat org.springframework.beans.factory.support.AbstractBeanFactory.lambda$doGetBean$1(AbstractBeanFactory.java:356)\r\n\tat io.cucumber.spring.GlueCodeScope.get(GlueCodeScope.java:13)\r\n\tat org.springframework.beans.factory.support.AbstractBeanFactory.doGetBean(AbstractBeanFactory.java:353)\r\n\tat org.springframework.beans.factory.support.AbstractBeanFactory.getBean(AbstractBeanFactory.java:224)\r\n\tat org.springframework.beans.factory.support.DefaultListableBeanFactory.resolveNamedBean(DefaultListableBeanFactory.java:1112)\r\n\tat org.springframework.beans.factory.support.DefaultListableBeanFactory.resolveBean(DefaultListableBeanFactory.java:407)\r\n\tat org.springframework.beans.factory.support.DefaultListableBeanFactory.getBean(DefaultListableBeanFactory.java:341)\r\n\tat org.springframework.beans.factory.support.DefaultListableBeanFactory.getBean(DefaultListableBeanFactory.java:335)\r\n\tat org.springframework.context.support.AbstractApplicationContext.getBean(AbstractApplicationContext.java:1101)\r\n\tat io.cucumber.spring.TestContextAdaptor.getInstance(TestContextAdaptor.java:69)\r\n\tat io.cucumber.spring.SpringFactory.getInstance(SpringFactory.java:173)\r\n\t... 34 more\r\nCaused by: org.springframework.beans.factory.UnsatisfiedDependencyException: Error creating bean with name 'manejoErrores': Unsatisfied dependency expressed through field 'driver'; nested exception is org.springframework.beans.factory.BeanCreationException: Error creating bean with name 'getDriver' defined in class path resource [ar/com/lasegunda/utiles/configuracionSpring/SpringConfig.class]: Bean instantiation via factory method failed; nested exception is org.springframework.beans.BeanInstantiationException: Failed to instantiate [org.openqa.selenium.WebDriver]: Factory method 'getDriver' threw exception; nested exception is org.openqa.selenium.SessionNotCreatedException: session not created: This version of ChromeDriver only supports Chrome version 84\nBuild info: version: '4.0.0-alpha-4', revision: 'c2d955b49e'\nSystem info: host: 'NBEKIPPES', ip: '10.8.49.193', os.name: 'Windows 10', os.arch: 'amd64', os.version: '10.0', java.version: '11.0.9'\nDriver info: driver.version: ChromeDriver\nremote stacktrace: Backtrace:\n\tOrdinal0 [0x011687E3+2852835]\n\tOrdinal0 [0x01055BB1+1727409]\n\tOrdinal0 [0x00F2E4B9+517305]\n\tOrdinal0 [0x00EC0BA0+68512]\n\tOrdinal0 [0x00EBD3A0+54176]\n\tOrdinal0 [0x00EDD9F7+186871]\n\tOrdinal0 [0x00EDD7FD+186365]\n\tOrdinal0 [0x00EDB70B+177931]\n\tOrdinal0 [0x00EC2584+75140]\n\tOrdinal0 [0x00EC3650+79440]\n\tOrdinal0 [0x00EC35E9+79337]\n\tOrdinal0 [0x0106AD5C+1813852]\n\tGetHandleVerifier [0x0128C616+1075574]\n\tGetHandleVerifier [0x0128C367+1074887]\n\tGetHandleVerifier [0x01297497+1120247]\n\tGetHandleVerifier [0x0128CC16+1077110]\n\tOrdinal0 [0x01063206+1782278]\n\tOrdinal0 [0x0106C3BB+1819579]\n\tOrdinal0 [0x0106C523+1819939]\n\tOrdinal0 [0x01082B45+1911621]\n\tBaseThreadInitThunk [0x760BFA29+25]\n\tRtlGetAppContainerNamedObjectPath [0x777076B4+228]\n\tRtlGetAppContainerNamedObjectPath [0x77707684+180]\n\r\n\tat org.springframework.beans.factory.annotation.AutowiredAnnotationBeanPostProcessor$AutowiredFieldElement.inject(AutowiredAnnotationBeanPostProcessor.java:596)\r\n\tat org.springframework.beans.factory.annotation.InjectionMetadata.inject(InjectionMetadata.java:90)\r\n\tat org.springframework.beans.factory.annotation.AutowiredAnnotationBeanPostProcessor.postProcessProperties(AutowiredAnnotationBeanPostProcessor.java:374)\r\n\tat org.springframework.beans.factory.support.AbstractAutowireCapableBeanFactory.populateBean(AbstractAutowireCapableBeanFactory.java:1378)\r\n\tat org.springframework.beans.factory.support.AbstractAutowireCapableBeanFactory.doCreateBean(AbstractAutowireCapableBeanFactory.java:575)\r\n\tat org.springframework.beans.factory.support.AbstractAutowireCapableBeanFactory.createBean(AbstractAutowireCapableBeanFactory.java:498)\r\n\tat org.springframework.beans.factory.support.AbstractBeanFactory.lambda$doGetBean$1(AbstractBeanFactory.java:356)\r\n\tat io.cucumber.spring.GlueCodeScope.get(GlueCodeScope.java:13)\r\n\tat org.springframework.beans.factory.support.AbstractBeanFactory.doGetBean(AbstractBeanFactory.java:353)\r\n\tat org.springframework.beans.factory.support.AbstractBeanFactory.getBean(AbstractBeanFactory.java:199)\r\n\tat org.springframework.beans.factory.config.DependencyDescriptor.resolveCandidate(DependencyDescriptor.java:277)\r\n\tat org.springframework.beans.factory.support.DefaultListableBeanFactory.doResolveDependency(DefaultListableBeanFactory.java:1244)\r\n\tat org.springframework.beans.factory.support.DefaultListableBeanFactory.resolveDependency(DefaultListableBeanFactory.java:1164)\r\n\tat org.springframework.beans.factory.annotation.AutowiredAnnotationBeanPostProcessor$AutowiredFieldElement.inject(AutowiredAnnotationBeanPostProcessor.java:593)\r\n\t... 50 more\r\nCaused by: org.springframework.beans.factory.BeanCreationException: Error creating bean with name 'getDriver' defined in class path resource [ar/com/lasegunda/utiles/configuracionSpring/SpringConfig.class]: Bean instantiation via factory method failed; nested exception is org.springframework.beans.BeanInstantiationException: Failed to instantiate [org.openqa.selenium.WebDriver]: Factory method 'getDriver' threw exception; nested exception is org.openqa.selenium.SessionNotCreatedException: session not created: This version of ChromeDriver only supports Chrome version 84\nBuild info: version: '4.0.0-alpha-4', revision: 'c2d955b49e'\nSystem info: host: 'NBEKIPPES', ip: '10.8.49.193', os.name: 'Windows 10', os.arch: 'amd64', os.version: '10.0', java.version: '11.0.9'\nDriver info: driver.version: ChromeDriver\nremote stacktrace: Backtrace:\n\tOrdinal0 [0x011687E3+2852835]\n\tOrdinal0 [0x01055BB1+1727409]\n\tOrdinal0 [0x00F2E4B9+517305]\n\tOrdinal0 [0x00EC0BA0+68512]\n\tOrdinal0 [0x00EBD3A0+54176]\n\tOrdinal0 [0x00EDD9F7+186871]\n\tOrdinal0 [0x00EDD7FD+186365]\n\tOrdinal0 [0x00EDB70B+177931]\n\tOrdinal0 [0x00EC2584+75140]\n\tOrdinal0 [0x00EC3650+79440]\n\tOrdinal0 [0x00EC35E9+79337]\n\tOrdinal0 [0x0106AD5C+1813852]\n\tGetHandleVerifier [0x0128C616+1075574]\n\tGetHandleVerifier [0x0128C367+1074887]\n\tGetHandleVerifier [0x01297497+1120247]\n\tGetHandleVerifier [0x0128CC16+1077110]\n\tOrdinal0 [0x01063206+1782278]\n\tOrdinal0 [0x0106C3BB+1819579]\n\tOrdinal0 [0x0106C523+1819939]\n\tOrdinal0 [0x01082B45+1911621]\n\tBaseThreadInitThunk [0x760BFA29+25]\n\tRtlGetAppContainerNamedObjectPath [0x777076B4+228]\n\tRtlGetAppContainerNamedObjectPath [0x77707684+180]\n\r\n\tat org.springframework.beans.factory.support.ConstructorResolver.instantiate(ConstructorResolver.java:627)\r\n\tat org.springframework.beans.factory.support.ConstructorResolver.instantiateUsingFactoryMethod(ConstructorResolver.java:456)\r\n\tat org.springframework.beans.factory.support.AbstractAutowireCapableBeanFactory.instantiateUsingFactoryMethod(AbstractAutowireCapableBeanFactory.java:1288)\r\n\tat org.springframework.beans.factory.support.AbstractAutowireCapableBeanFactory.createBeanInstance(AbstractAutowireCapableBeanFactory.java:1127)\r\n\tat org.springframework.beans.factory.support.AbstractAutowireCapableBeanFactory.doCreateBean(AbstractAutowireCapableBeanFactory.java:538)\r\n\tat org.springframework.beans.factory.support.AbstractAutowireCapableBeanFactory.createBean(AbstractAutowireCapableBeanFactory.java:498)\r\n\tat org.springframework.beans.factory.support.AbstractBeanFactory.lambda$doGetBean$1(AbstractBeanFactory.java:356)\r\n\tat io.cucumber.spring.GlueCodeScope.get(GlueCodeScope.java:13)\r\n\tat org.springframework.beans.factory.support.AbstractBeanFactory.doGetBean(AbstractBeanFactory.java:353)\r\n\tat org.springframework.beans.factory.support.AbstractBeanFactory.getBean(AbstractBeanFactory.java:199)\r\n\tat org.springframework.beans.factory.config.DependencyDescriptor.resolveCandidate(DependencyDescriptor.java:277)\r\n\tat org.springframework.beans.factory.support.DefaultListableBeanFactory.doResolveDependency(DefaultListableBeanFactory.java:1244)\r\n\tat org.springframework.beans.factory.support.DefaultListableBeanFactory.resolveDependency(DefaultListableBeanFactory.java:1164)\r\n\tat org.springframework.beans.factory.annotation.AutowiredAnnotationBeanPostProcessor$AutowiredFieldElement.inject(AutowiredAnnotationBeanPostProcessor.java:593)\r\n\t... 63 more\r\nCaused by: org.springframework.beans.BeanInstantiationException: Failed to instantiate [org.openqa.selenium.WebDriver]: Factory method 'getDriver' threw exception; nested exception is org.openqa.selenium.SessionNotCreatedException: session not created: This version of ChromeDriver only supports Chrome version 84\nBuild info: version: '4.0.0-alpha-4', revision: 'c2d955b49e'\nSystem info: host: 'NBEKIPPES', ip: '10.8.49.193', os.name: 'Windows 10', os.arch: 'amd64', os.version: '10.0', java.version: '11.0.9'\nDriver info: driver.version: ChromeDriver\nremote stacktrace: Backtrace:\n\tOrdinal0 [0x011687E3+2852835]\n\tOrdinal0 [0x01055BB1+1727409]\n\tOrdinal0 [0x00F2E4B9+517305]\n\tOrdinal0 [0x00EC0BA0+68512]\n\tOrdinal0 [0x00EBD3A0+54176]\n\tOrdinal0 [0x00EDD9F7+186871]\n\tOrdinal0 [0x00EDD7FD+186365]\n\tOrdinal0 [0x00EDB70B+177931]\n\tOrdinal0 [0x00EC2584+75140]\n\tOrdinal0 [0x00EC3650+79440]\n\tOrdinal0 [0x00EC35E9+79337]\n\tOrdinal0 [0x0106AD5C+1813852]\n\tGetHandleVerifier [0x0128C616+1075574]\n\tGetHandleVerifier [0x0128C367+1074887]\n\tGetHandleVerifier [0x01297497+1120247]\n\tGetHandleVerifier [0x0128CC16+1077110]\n\tOrdinal0 [0x01063206+1782278]\n\tOrdinal0 [0x0106C3BB+1819579]\n\tOrdinal0 [0x0106C523+1819939]\n\tOrdinal0 [0x01082B45+1911621]\n\tBaseThreadInitThunk [0x760BFA29+25]\n\tRtlGetAppContainerNamedObjectPath [0x777076B4+228]\n\tRtlGetAppContainerNamedObjectPath [0x77707684+180]\n\r\n\tat org.springframework.beans.factory.support.SimpleInstantiationStrategy.instantiate(SimpleInstantiationStrategy.java:185)\r\n\tat org.springframework.beans.factory.support.ConstructorResolver.instantiate(ConstructorResolver.java:622)\r\n\t... 76 more\r\nCaused by: org.openqa.selenium.SessionNotCreatedException: session not created: This version of ChromeDriver only supports Chrome version 84\nBuild info: version: '4.0.0-alpha-4', revision: 'c2d955b49e'\nSystem info: host: 'NBEKIPPES', ip: '10.8.49.193', os.name: 'Windows 10', os.arch: 'amd64', os.version: '10.0', java.version: '11.0.9'\nDriver info: driver.version: ChromeDriver\nremote stacktrace: Backtrace:\n\tOrdinal0 [0x011687E3+2852835]\n\tOrdinal0 [0x01055BB1+1727409]\n\tOrdinal0 [0x00F2E4B9+517305]\n\tOrdinal0 [0x00EC0BA0+68512]\n\tOrdinal0 [0x00EBD3A0+54176]\n\tOrdinal0 [0x00EDD9F7+186871]\n\tOrdinal0 [0x00EDD7FD+186365]\n\tOrdinal0 [0x00EDB70B+177931]\n\tOrdinal0 [0x00EC2584+75140]\n\tOrdinal0 [0x00EC3650+79440]\n\tOrdinal0 [0x00EC35E9+79337]\n\tOrdinal0 [0x0106AD5C+1813852]\n\tGetHandleVerifier [0x0128C616+1075574]\n\tGetHandleVerifier [0x0128C367+1074887]\n\tGetHandleVerifier [0x01297497+1120247]\n\tGetHandleVerifier [0x0128CC16+1077110]\n\tOrdinal0 [0x01063206+1782278]\n\tOrdinal0 [0x0106C3BB+1819579]\n\tOrdinal0 [0x0106C523+1819939]\n\tOrdinal0 [0x01082B45+1911621]\n\tBaseThreadInitThunk [0x760BFA29+25]\n\tRtlGetAppContainerNamedObjectPath [0x777076B4+228]\n\tRtlGetAppContainerNamedObjectPath [0x77707684+180]\n\r\n\tat java.base/jdk.internal.reflect.NativeConstructorAccessorImpl.newInstance0(Native Method)\r\n\tat java.base/jdk.internal.reflect.NativeConstructorAccessorImpl.newInstance(NativeConstructorAccessorImpl.java:62)\r\n\tat java.base/jdk.internal.reflect.DelegatingConstructorAccessorImpl.newInstance(DelegatingConstructorAccessorImpl.java:45)\r\n\tat java.base/java.lang.reflect.Constructor.newInstance(Constructor.java:490)\r\n\tat org.openqa.selenium.remote.W3CHandshakeResponse.lambda$errorHandler$0(W3CHandshakeResponse.java:62)\r\n\tat org.openqa.selenium.remote.HandshakeResponse.lambda$getResponseFunction$0(HandshakeResponse.java:30)\r\n\tat org.openqa.selenium.remote.ProtocolHandshake.lambda$createSession$1(ProtocolHandshake.java:126)\r\n\tat java.base/java.util.stream.ReferencePipeline$3$1.accept(ReferencePipeline.java:195)\r\n\tat java.base/java.util.Spliterators$ArraySpliterator.tryAdvance(Spliterators.java:958)\r\n\tat java.base/java.util.stream.ReferencePipeline.forEachWithCancel(ReferencePipeline.java:127)\r\n\tat java.base/java.util.stream.AbstractPipeline.copyIntoWithCancel(AbstractPipeline.java:502)\r\n\tat java.base/java.util.stream.AbstractPipeline.copyInto(AbstractPipeline.java:488)\r\n\tat java.base/java.util.stream.AbstractPipeline.wrapAndCopyInto(AbstractPipeline.java:474)\r\n\tat java.base/java.util.stream.FindOps$FindOp.evaluateSequential(FindOps.java:150)\r\n\tat java.base/java.util.stream.AbstractPipeline.evaluate(AbstractPipeline.java:234)\r\n\tat java.base/java.util.stream.ReferencePipeline.findFirst(ReferencePipeline.java:543)\r\n\tat org.openqa.selenium.remote.ProtocolHandshake.createSession(ProtocolHandshake.java:128)\r\n\tat org.openqa.selenium.remote.ProtocolHandshake.createSession(ProtocolHandshake.java:75)\r\n\tat org.openqa.selenium.remote.HttpCommandExecutor.execute(HttpCommandExecutor.java:139)\r\n\tat org.openqa.selenium.remote.service.DriverCommandExecutor.execute(DriverCommandExecutor.java:83)\r\n\tat org.openqa.selenium.remote.RemoteWebDriver.execute(RemoteWebDriver.java:582)\r\n\tat org.openqa.selenium.remote.RemoteWebDriver.startSession(RemoteWebDriver.java:216)\r\n\tat org.openqa.selenium.remote.RemoteWebDriver.<init>(RemoteWebDriver.java:136)\r\n\tat org.openqa.selenium.chromium.ChromiumDriver.<init>(ChromiumDriver.java:75)\r\n\tat org.openqa.selenium.chrome.ChromeDriver.<init>(ChromeDriver.java:163)\r\n\tat org.openqa.selenium.chrome.ChromeDriver.<init>(ChromeDriver.java:150)\r\n\tat org.openqa.selenium.chrome.ChromeDriver.<init>(ChromeDriver.java:105)\r\n\tat ar.com.lasegunda.utiles.driversBrowser.ChromeDriverManager.createDriver(ChromeDriverManager.java:12)\r\n\tat ar.com.lasegunda.utiles.driversBrowser.DriverManager.getDriver(DriverManager.java:18)\r\n\tat ar.com.lasegunda.utiles.configuracionSpring.SpringConfig.getDriver(SpringConfig.java:40)\r\n\tat ar.com.lasegunda.utiles.configuracionSpring.SpringConfig$$EnhancerBySpringCGLIB$$8a047f1.CGLIB$getDriver$1(<generated>)\r\n\tat ar.com.lasegunda.utiles.configuracionSpring.SpringConfig$$EnhancerBySpringCGLIB$$8a047f1$$FastClassBySpringCGLIB$$17dca801.invoke(<generated>)\r\n\tat org.springframework.cglib.proxy.MethodProxy.invokeSuper(MethodProxy.java:244)\r\n\tat org.springframework.context.annotation.ConfigurationClassEnhancer$BeanMethodInterceptor.intercept(ConfigurationClassEnhancer.java:363)\r\n\tat ar.com.lasegunda.utiles.configuracionSpring.SpringConfig$$EnhancerBySpringCGLIB$$8a047f1.getDriver(<generated>)\r\n\tat java.base/jdk.internal.reflect.NativeMethodAccessorImpl.invoke0(Native Method)\r\n\tat java.base/jdk.internal.reflect.NativeMethodAccessorImpl.invoke(NativeMethodAccessorImpl.java:62)\r\n\tat java.base/jdk.internal.reflect.DelegatingMethodAccessorImpl.invoke(DelegatingMethodAccessorImpl.java:43)\r\n\tat java.base/java.lang.reflect.Method.invoke(Method.java:566)\r\n\tat org.springframework.beans.factory.support.SimpleInstantiationStrategy.instantiate(SimpleInstantiationStrategy.java:154)\r\n\t... 77 more\r\n"},"stage":"finished","steps":[],"attachments":[],"parameters":[],"start":1616003285134,"stop":1616003286790}],"links":[],"start":1616003278060,"stop":1616003286815}